ARM GAS  C:\Users\giris\AppData\Local\Temp\ccAPUAlv.s 			page 1


   1              		.syntax unified
   2              		.cpu cortex-m3
   3              		.fpu softvfp
   4              		.eabi_attribute 20, 1
   5              		.eabi_attribute 21, 1
   6              		.eabi_attribute 23, 3
   7              		.eabi_attribute 24, 1
   8              		.eabi_attribute 25, 1
   9              		.eabi_attribute 26, 1
  10              		.eabi_attribute 30, 1
  11              		.eabi_attribute 34, 1
  12              		.eabi_attribute 18, 4
  13              		.thumb
  14              		.syntax unified
  15              		.file	"cymetadata.c"
  16              		.text
  17              	.Ltext0:
  18              		.cfi_sections	.debug_frame
  19              		.global	cy_metadata
  20              		.global	cy_meta_flashprotect
  21              		.global	cy_meta_wonvl
  22              		.global	cy_meta_custnvl
  23              		.global	cy_meta_configecc
  24              		.section	.cyconfigecc,"a",%progbits
  25              		.align	2
  26              		.type	cy_meta_configecc, %object
  27              		.size	cy_meta_configecc, 732
  28              	cy_meta_configecc:
  29 0000 01       		.byte	1
  30 0001 52       		.byte	82
  31 0002 00       		.byte	0
  32 0003 40       		.byte	64
  33 0004 03       		.byte	3
  34 0005 64       		.byte	100
  35 0006 00       		.byte	0
  36 0007 40       		.byte	64
  37 0008 04       		.byte	4
  38 0009 0B       		.byte	11
  39 000a 01       		.byte	1
  40 000b 40       		.byte	64
  41 000c 12       		.byte	18
  42 000d 0C       		.byte	12
  43 000e 01       		.byte	1
  44 000f 40       		.byte	64
  45 0010 4E       		.byte	78
  46 0011 0D       		.byte	13
  47 0012 01       		.byte	1
  48 0013 40       		.byte	64
  49 0014 66       		.byte	102
  50 0015 0E       		.byte	14
  51 0016 01       		.byte	1
  52 0017 40       		.byte	64
  53 0018 36       		.byte	54
  54 0019 0F       		.byte	15
  55 001a 01       		.byte	1
  56 001b 40       		.byte	64
  57 001c 05       		.byte	5
ARM GAS  C:\Users\giris\AppData\Local\Temp\ccAPUAlv.s 			page 2


  58 001d 45       		.byte	69
  59 001e 01       		.byte	1
  60 001f 40       		.byte	64
  61 0020 04       		.byte	4
  62 0021 46       		.byte	70
  63 0022 01       		.byte	1
  64 0023 40       		.byte	64
  65 0024 02       		.byte	2
  66 0025 50       		.byte	80
  67 0026 01       		.byte	1
  68 0027 40       		.byte	64
  69 0028 14       		.byte	20
  70 0029 01       		.byte	1
  71 002a 8C       		.byte	-116
  72 002b 38       		.byte	56
  73 002c 8D       		.byte	-115
  74 002d 72       		.byte	114
  75 002e 8E       		.byte	-114
  76 002f 0F       		.byte	15
  77 0030 AC       		.byte	-84
  78 0031 40       		.byte	64
  79 0032 B0       		.byte	-80
  80 0033 02       		.byte	2
  81 0034 B7       		.byte	-73
  82 0035 01       		.byte	1
  83 0036 E8       		.byte	-24
  84 0037 02       		.byte	2
  85 0038 03       		.byte	3
  86 0039 01       		.byte	1
  87 003a 04       		.byte	4
  88 003b 02       		.byte	2
  89 003c 08       		.byte	8
  90 003d 04       		.byte	4
  91 003e 23       		.byte	35
  92 003f 01       		.byte	1
  93 0040 26       		.byte	38
  94 0041 01       		.byte	1
  95 0042 2A       		.byte	42
  96 0043 01       		.byte	1
  97 0044 30       		.byte	48
  98 0045 02       		.byte	2
  99 0046 33       		.byte	51
 100 0047 01       		.byte	1
 101 0048 34       		.byte	52
 102 0049 04       		.byte	4
 103 004a 36       		.byte	54
 104 004b 01       		.byte	1
 105 004c 3A       		.byte	58
 106 004d 08       		.byte	8
 107 004e 3E       		.byte	62
 108 004f 51       		.byte	81
 109 0050 3F       		.byte	63
 110 0051 04       		.byte	4
 111 0052 54       		.byte	84
 112 0053 18       		.byte	24
 113 0054 58       		.byte	88
 114 0055 04       		.byte	4
ARM GAS  C:\Users\giris\AppData\Local\Temp\ccAPUAlv.s 			page 3


 115 0056 59       		.byte	89
 116 0057 04       		.byte	4
 117 0058 5B       		.byte	91
 118 0059 04       		.byte	4
 119 005a 5F       		.byte	95
 120 005b 01       		.byte	1
 121 005c 00       		.byte	0
 122 005d 44       		.byte	68
 123 005e 03       		.byte	3
 124 005f 08       		.byte	8
 125 0060 05       		.byte	5
 126 0061 04       		.byte	4
 127 0062 06       		.byte	6
 128 0063 04       		.byte	4
 129 0064 08       		.byte	8
 130 0065 82       		.byte	-126
 131 0066 09       		.byte	9
 132 0067 20       		.byte	32
 133 0068 0A       		.byte	10
 134 0069 11       		.byte	17
 135 006a 0B       		.byte	11
 136 006b 08       		.byte	8
 137 006c 10       		.byte	16
 138 006d 80       		.byte	-128
 139 006e 12       		.byte	18
 140 006f 02       		.byte	2
 141 0070 13       		.byte	19
 142 0071 18       		.byte	24
 143 0072 15       		.byte	21
 144 0073 08       		.byte	8
 145 0074 17       		.byte	23
 146 0075 20       		.byte	32
 147 0076 18       		.byte	24
 148 0077 04       		.byte	4
 149 0078 19       		.byte	25
 150 0079 2A       		.byte	42
 151 007a 1A       		.byte	26
 152 007b 10       		.byte	16
 153 007c 1B       		.byte	27
 154 007d 80       		.byte	-128
 155 007e 1C       		.byte	28
 156 007f 80       		.byte	-128
 157 0080 1D       		.byte	29
 158 0081 40       		.byte	64
 159 0082 1E       		.byte	30
 160 0083 04       		.byte	4
 161 0084 1F       		.byte	31
 162 0085 04       		.byte	4
 163 0086 20       		.byte	32
 164 0087 40       		.byte	64
 165 0088 23       		.byte	35
 166 0089 22       		.byte	34
 167 008a 25       		.byte	37
 168 008b 08       		.byte	8
 169 008c 28       		.byte	40
 170 008d 80       		.byte	-128
 171 008e 29       		.byte	41
ARM GAS  C:\Users\giris\AppData\Local\Temp\ccAPUAlv.s 			page 4


 172 008f A8       		.byte	-88
 173 0090 2F       		.byte	47
 174 0091 80       		.byte	-128
 175 0092 30       		.byte	48
 176 0093 80       		.byte	-128
 177 0094 31       		.byte	49
 178 0095 20       		.byte	32
 179 0096 32       		.byte	50
 180 0097 02       		.byte	2
 181 0098 33       		.byte	51
 182 0099 08       		.byte	8
 183 009a 38       		.byte	56
 184 009b 40       		.byte	64
 185 009c 3B       		.byte	59
 186 009d 16       		.byte	22
 187 009e 3F       		.byte	63
 188 009f 01       		.byte	1
 189 00a0 41       		.byte	65
 190 00a1 22       		.byte	34
 191 00a2 43       		.byte	67
 192 00a3 08       		.byte	8
 193 00a4 45       		.byte	69
 194 00a5 08       		.byte	8
 195 00a6 46       		.byte	70
 196 00a7 20       		.byte	32
 197 00a8 48       		.byte	72
 198 00a9 01       		.byte	1
 199 00aa 49       		.byte	73
 200 00ab 20       		.byte	32
 201 00ac 4B       		.byte	75
 202 00ad 01       		.byte	1
 203 00ae 51       		.byte	81
 204 00af 04       		.byte	4
 205 00b0 59       		.byte	89
 206 00b1 02       		.byte	2
 207 00b2 5F       		.byte	95
 208 00b3 02       		.byte	2
 209 00b4 65       		.byte	101
 210 00b5 40       		.byte	64
 211 00b6 66       		.byte	102
 212 00b7 20       		.byte	32
 213 00b8 69       		.byte	105
 214 00b9 40       		.byte	64
 215 00ba 6B       		.byte	107
 216 00bb 14       		.byte	20
 217 00bc 70       		.byte	112
 218 00bd 90       		.byte	-112
 219 00be 73       		.byte	115
 220 00bf 18       		.byte	24
 221 00c0 89       		.byte	-119
 222 00c1 02       		.byte	2
 223 00c2 8B       		.byte	-117
 224 00c3 20       		.byte	32
 225 00c4 8C       		.byte	-116
 226 00c5 10       		.byte	16
 227 00c6 8D       		.byte	-115
 228 00c7 80       		.byte	-128
ARM GAS  C:\Users\giris\AppData\Local\Temp\ccAPUAlv.s 			page 5


 229 00c8 92       		.byte	-110
 230 00c9 01       		.byte	1
 231 00ca 93       		.byte	-109
 232 00cb 04       		.byte	4
 233 00cc 95       		.byte	-107
 234 00cd 40       		.byte	64
 235 00ce 96       		.byte	-106
 236 00cf 04       		.byte	4
 237 00d0 99       		.byte	-103
 238 00d1 04       		.byte	4
 239 00d2 9A       		.byte	-102
 240 00d3 04       		.byte	4
 241 00d4 9C       		.byte	-100
 242 00d5 02       		.byte	2
 243 00d6 9F       		.byte	-97
 244 00d7 14       		.byte	20
 245 00d8 A0       		.byte	-96
 246 00d9 01       		.byte	1
 247 00da A2       		.byte	-94
 248 00db 02       		.byte	2
 249 00dc A3       		.byte	-93
 250 00dd 08       		.byte	8
 251 00de B1       		.byte	-79
 252 00df 04       		.byte	4
 253 00e0 B2       		.byte	-78
 254 00e1 01       		.byte	1
 255 00e2 B4       		.byte	-76
 256 00e3 A5       		.byte	-91
 257 00e4 C0       		.byte	-64
 258 00e5 67       		.byte	103
 259 00e6 C2       		.byte	-62
 260 00e7 0F       		.byte	15
 261 00e8 C4       		.byte	-60
 262 00e9 6F       		.byte	111
 263 00ea CA       		.byte	-54
 264 00eb 8F       		.byte	-113
 265 00ec CC       		.byte	-52
 266 00ed 0F       		.byte	15
 267 00ee CE       		.byte	-50
 268 00ef 8F       		.byte	-113
 269 00f0 D0       		.byte	-48
 270 00f1 07       		.byte	7
 271 00f2 D2       		.byte	-46
 272 00f3 0C       		.byte	12
 273 00f4 D6       		.byte	-42
 274 00f5 81       		.byte	-127
 275 00f6 D8       		.byte	-40
 276 00f7 30       		.byte	48
 277 00f8 00       		.byte	0
 278 00f9 13       		.byte	19
 279 00fa 02       		.byte	2
 280 00fb 04       		.byte	4
 281 00fc 05       		.byte	5
 282 00fd 90       		.byte	-112
 283 00fe 07       		.byte	7
 284 00ff 2C       		.byte	44
 285 0100 08       		.byte	8
ARM GAS  C:\Users\giris\AppData\Local\Temp\ccAPUAlv.s 			page 6


 286 0101 20       		.byte	32
 287 0102 0C       		.byte	12
 288 0103 20       		.byte	32
 289 0104 0D       		.byte	13
 290 0105 20       		.byte	32
 291 0106 0F       		.byte	15
 292 0107 C2       		.byte	-62
 293 0108 10       		.byte	16
 294 0109 13       		.byte	19
 295 010a 12       		.byte	18
 296 010b 0C       		.byte	12
 297 010c 15       		.byte	21
 298 010d F8       		.byte	-8
 299 010e 16       		.byte	22
 300 010f 15       		.byte	21
 301 0110 18       		.byte	24
 302 0111 20       		.byte	32
 303 0112 19       		.byte	25
 304 0113 F8       		.byte	-8
 305 0114 22       		.byte	34
 306 0115 08       		.byte	8
 307 0116 24       		.byte	36
 308 0117 0A       		.byte	10
 309 0118 26       		.byte	38
 310 0119 14       		.byte	20
 311 011a 2C       		.byte	44
 312 011b 03       		.byte	3
 313 011c 2D       		.byte	45
 314 011d 48       		.byte	72
 315 011e 2E       		.byte	46
 316 011f 14       		.byte	20
 317 0120 2F       		.byte	47
 318 0121 35       		.byte	53
 319 0122 30       		.byte	48
 320 0123 0F       		.byte	15
 321 0124 31       		.byte	49
 322 0125 E0       		.byte	-32
 323 0126 32       		.byte	50
 324 0127 20       		.byte	32
 325 0128 33       		.byte	51
 326 0129 18       		.byte	24
 327 012a 34       		.byte	52
 328 012b 10       		.byte	16
 329 012c 35       		.byte	53
 330 012d 01       		.byte	1
 331 012e 37       		.byte	55
 332 012f 06       		.byte	6
 333 0130 3A       		.byte	58
 334 0131 02       		.byte	2
 335 0132 3E       		.byte	62
 336 0133 10       		.byte	16
 337 0134 3F       		.byte	63
 338 0135 40       		.byte	64
 339 0136 40       		.byte	64
 340 0137 52       		.byte	82
 341 0138 41       		.byte	65
 342 0139 01       		.byte	1
ARM GAS  C:\Users\giris\AppData\Local\Temp\ccAPUAlv.s 			page 7


 343 013a 45       		.byte	69
 344 013b E0       		.byte	-32
 345 013c 46       		.byte	70
 346 013d B0       		.byte	-80
 347 013e 47       		.byte	71
 348 013f CE       		.byte	-50
 349 0140 48       		.byte	72
 350 0141 3A       		.byte	58
 351 0142 49       		.byte	73
 352 0143 FF       		.byte	-1
 353 0144 4A       		.byte	74
 354 0145 FF       		.byte	-1
 355 0146 4B       		.byte	75
 356 0147 FF       		.byte	-1
 357 0148 4E       		.byte	78
 358 0149 F0       		.byte	-16
 359 014a 4F       		.byte	79
 360 014b 44       		.byte	68
 361 014c 50       		.byte	80
 362 014d 0C       		.byte	12
 363 014e 54       		.byte	84
 364 014f 01       		.byte	1
 365 0150 58       		.byte	88
 366 0151 04       		.byte	4
 367 0152 59       		.byte	89
 368 0153 04       		.byte	4
 369 0154 5A       		.byte	90
 370 0155 04       		.byte	4
 371 0156 5B       		.byte	91
 372 0157 04       		.byte	4
 373 0158 5F       		.byte	95
 374 0159 01       		.byte	1
 375 015a 66       		.byte	102
 376 015b C0       		.byte	-64
 377 015c 6A       		.byte	106
 378 015d 40       		.byte	64
 379 015e 6B       		.byte	107
 380 015f 02       		.byte	2
 381 0160 81       		.byte	-127
 382 0161 80       		.byte	-128
 383 0162 83       		.byte	-125
 384 0163 13       		.byte	19
 385 0164 86       		.byte	-122
 386 0165 03       		.byte	3
 387 0166 88       		.byte	-120
 388 0167 14       		.byte	20
 389 0168 8B       		.byte	-117
 390 0169 08       		.byte	8
 391 016a 8C       		.byte	-116
 392 016b 10       		.byte	16
 393 016c 8E       		.byte	-114
 394 016d AC       		.byte	-84
 395 016e 93       		.byte	-109
 396 016f 0C       		.byte	12
 397 0170 94       		.byte	-108
 398 0171 10       		.byte	16
 399 0172 95       		.byte	-107
ARM GAS  C:\Users\giris\AppData\Local\Temp\ccAPUAlv.s 			page 8


 400 0173 2C       		.byte	44
 401 0174 96       		.byte	-106
 402 0175 40       		.byte	64
 403 0176 97       		.byte	-105
 404 0177 43       		.byte	67
 405 0178 9C       		.byte	-100
 406 0179 0C       		.byte	12
 407 017a 9E       		.byte	-98
 408 017b 71       		.byte	113
 409 017c A0       		.byte	-96
 410 017d 09       		.byte	9
 411 017e A1       		.byte	-95
 412 017f 71       		.byte	113
 413 0180 A2       		.byte	-94
 414 0181 D0       		.byte	-48
 415 0182 A3       		.byte	-93
 416 0183 0E       		.byte	14
 417 0184 A4       		.byte	-92
 418 0185 DC       		.byte	-36
 419 0186 A6       		.byte	-90
 420 0187 22       		.byte	34
 421 0188 AA       		.byte	-86
 422 0189 20       		.byte	32
 423 018a AD       		.byte	-83
 424 018b 71       		.byte	113
 425 018c AF       		.byte	-81
 426 018d 06       		.byte	6
 427 018e B2       		.byte	-78
 428 018f 1F       		.byte	31
 429 0190 B3       		.byte	-77
 430 0191 30       		.byte	48
 431 0192 B5       		.byte	-75
 432 0193 0F       		.byte	15
 433 0194 B6       		.byte	-74
 434 0195 E0       		.byte	-32
 435 0196 B7       		.byte	-73
 436 0197 C0       		.byte	-64
 437 0198 B9       		.byte	-71
 438 0199 88       		.byte	-120
 439 019a BA       		.byte	-70
 440 019b 80       		.byte	-128
 441 019c BB       		.byte	-69
 442 019d 20       		.byte	32
 443 019e BF       		.byte	-65
 444 019f 04       		.byte	4
 445 01a0 C0       		.byte	-64
 446 01a1 02       		.byte	2
 447 01a2 C6       		.byte	-58
 448 01a3 40       		.byte	64
 449 01a4 C9       		.byte	-55
 450 01a5 FF       		.byte	-1
 451 01a6 CA       		.byte	-54
 452 01a7 07       		.byte	7
 453 01a8 CB       		.byte	-53
 454 01a9 FF       		.byte	-1
 455 01aa CC       		.byte	-52
 456 01ab 40       		.byte	64
ARM GAS  C:\Users\giris\AppData\Local\Temp\ccAPUAlv.s 			page 9


 457 01ac CD       		.byte	-51
 458 01ad 20       		.byte	32
 459 01ae CE       		.byte	-50
 460 01af F0       		.byte	-16
 461 01b0 CF       		.byte	-49
 462 01b1 05       		.byte	5
 463 01b2 D0       		.byte	-48
 464 01b3 08       		.byte	8
 465 01b4 D8       		.byte	-40
 466 01b5 04       		.byte	4
 467 01b6 D9       		.byte	-39
 468 01b7 04       		.byte	4
 469 01b8 DA       		.byte	-38
 470 01b9 04       		.byte	4
 471 01ba DF       		.byte	-33
 472 01bb 01       		.byte	1
 473 01bc E0       		.byte	-32
 474 01bd 40       		.byte	64
 475 01be E1       		.byte	-31
 476 01bf A8       		.byte	-88
 477 01c0 E2       		.byte	-30
 478 01c1 40       		.byte	64
 479 01c2 E3       		.byte	-29
 480 01c3 20       		.byte	32
 481 01c4 01       		.byte	1
 482 01c5 40       		.byte	64
 483 01c6 03       		.byte	3
 484 01c7 84       		.byte	-124
 485 01c8 04       		.byte	4
 486 01c9 20       		.byte	32
 487 01ca 05       		.byte	5
 488 01cb 84       		.byte	-124
 489 01cc 08       		.byte	8
 490 01cd 18       		.byte	24
 491 01ce 0A       		.byte	10
 492 01cf 40       		.byte	64
 493 01d0 0D       		.byte	13
 494 01d1 80       		.byte	-128
 495 01d2 0F       		.byte	15
 496 01d3 20       		.byte	32
 497 01d4 10       		.byte	16
 498 01d5 02       		.byte	2
 499 01d6 13       		.byte	19
 500 01d7 0A       		.byte	10
 501 01d8 14       		.byte	20
 502 01d9 08       		.byte	8
 503 01da 17       		.byte	23
 504 01db 0A       		.byte	10
 505 01dc 18       		.byte	24
 506 01dd 08       		.byte	8
 507 01de 1A       		.byte	26
 508 01df 40       		.byte	64
 509 01e0 1B       		.byte	27
 510 01e1 08       		.byte	8
 511 01e2 1D       		.byte	29
 512 01e3 84       		.byte	-124
 513 01e4 1F       		.byte	31
ARM GAS  C:\Users\giris\AppData\Local\Temp\ccAPUAlv.s 			page 10


 514 01e5 80       		.byte	-128
 515 01e6 20       		.byte	32
 516 01e7 42       		.byte	66
 517 01e8 21       		.byte	33
 518 01e9 04       		.byte	4
 519 01ea 22       		.byte	34
 520 01eb 02       		.byte	2
 521 01ec 23       		.byte	35
 522 01ed 04       		.byte	4
 523 01ee 27       		.byte	39
 524 01ef 2A       		.byte	42
 525 01f0 28       		.byte	40
 526 01f1 02       		.byte	2
 527 01f2 2D       		.byte	45
 528 01f3 80       		.byte	-128
 529 01f4 2E       		.byte	46
 530 01f5 40       		.byte	64
 531 01f6 2F       		.byte	47
 532 01f7 80       		.byte	-128
 533 01f8 30       		.byte	48
 534 01f9 10       		.byte	16
 535 01fa 33       		.byte	51
 536 01fb 14       		.byte	20
 537 01fc 37       		.byte	55
 538 01fd 0A       		.byte	10
 539 01fe 38       		.byte	56
 540 01ff 40       		.byte	64
 541 0200 39       		.byte	57
 542 0201 08       		.byte	8
 543 0202 3F       		.byte	63
 544 0203 22       		.byte	34
 545 0204 40       		.byte	64
 546 0205 08       		.byte	8
 547 0206 43       		.byte	67
 548 0207 80       		.byte	-128
 549 0208 47       		.byte	71
 550 0209 20       		.byte	32
 551 020a 49       		.byte	73
 552 020b 81       		.byte	-127
 553 020c 4F       		.byte	79
 554 020d 02       		.byte	2
 555 020e 50       		.byte	80
 556 020f 13       		.byte	19
 557 0210 52       		.byte	82
 558 0211 04       		.byte	4
 559 0212 57       		.byte	87
 560 0213 10       		.byte	16
 561 0214 58       		.byte	88
 562 0215 A0       		.byte	-96
 563 0216 59       		.byte	89
 564 0217 01       		.byte	1
 565 0218 5A       		.byte	90
 566 0219 04       		.byte	4
 567 021a 88       		.byte	-120
 568 021b 08       		.byte	8
 569 021c 8B       		.byte	-117
 570 021d 01       		.byte	1
ARM GAS  C:\Users\giris\AppData\Local\Temp\ccAPUAlv.s 			page 11


 571 021e C0       		.byte	-64
 572 021f EB       		.byte	-21
 573 0220 C2       		.byte	-62
 574 0221 AE       		.byte	-82
 575 0222 C4       		.byte	-60
 576 0223 7D       		.byte	125
 577 0224 CA       		.byte	-54
 578 0225 98       		.byte	-104
 579 0226 CC       		.byte	-52
 580 0227 C6       		.byte	-58
 581 0228 CE       		.byte	-50
 582 0229 AA       		.byte	-86
 583 022a D0       		.byte	-48
 584 022b 2C       		.byte	44
 585 022c D2       		.byte	-46
 586 022d 08       		.byte	8
 587 022e D6       		.byte	-42
 588 022f 0F       		.byte	15
 589 0230 00       		.byte	0
 590 0231 08       		.byte	8
 591 0232 01       		.byte	1
 592 0233 08       		.byte	8
 593 0234 52       		.byte	82
 594 0235 10       		.byte	16
 595 0236 C0       		.byte	-64
 596 0237 08       		.byte	8
 597 0238 D4       		.byte	-44
 598 0239 04       		.byte	4
 599 023a AE       		.byte	-82
 600 023b 10       		.byte	16
 601 023c B0       		.byte	-80
 602 023d 04       		.byte	4
 603 023e B5       		.byte	-75
 604 023f 08       		.byte	8
 605 0240 EA       		.byte	-22
 606 0241 06       		.byte	6
 607 0242 00       		.byte	0
 608 0243 01       		.byte	1
 609 0244 0E       		.byte	14
 610 0245 01       		.byte	1
 611 0246 00       		.byte	0
 612 0247 00       		.byte	0
 613 0248 00       		.byte	0
 614 0249 44       		.byte	68
 615 024a 00       		.byte	0
 616 024b 00       		.byte	0
 617 024c 73       		.byte	115
 618 024d 00       		.byte	0
 619 024e 0C       		.byte	12
 620 024f 04       		.byte	4
 621 0250 00       		.byte	0
 622 0251 18       		.byte	24
 623 0252 23       		.byte	35
 624 0253 00       		.byte	0
 625 0254 1C       		.byte	28
 626 0255 3C       		.byte	60
 627 0256 63       		.byte	99
ARM GAS  C:\Users\giris\AppData\Local\Temp\ccAPUAlv.s 			page 12


 628 0257 C2       		.byte	-62
 629 0258 01       		.byte	1
 630 0259 C0       		.byte	-64
 631 025a 00       		.byte	0
 632 025b 00       		.byte	0
 633 025c 1F       		.byte	31
 634 025d 00       		.byte	0
 635 025e 60       		.byte	96
 636 025f E3       		.byte	-29
 637 0260 7F       		.byte	127
 638 0261 FF       		.byte	-1
 639 0262 00       		.byte	0
 640 0263 00       		.byte	0
 641 0264 02       		.byte	2
 642 0265 10       		.byte	16
 643 0266 00       		.byte	0
 644 0267 00       		.byte	0
 645 0268 08       		.byte	8
 646 0269 80       		.byte	-128
 647 026a 00       		.byte	0
 648 026b 00       		.byte	0
 649 026c 04       		.byte	4
 650 026d 1C       		.byte	28
 651 026e 00       		.byte	0
 652 026f E1       		.byte	-31
 653 0270 0C       		.byte	12
 654 0271 E7       		.byte	-25
 655 0272 00       		.byte	0
 656 0273 18       		.byte	24
 657 0274 03       		.byte	3
 658 0275 08       		.byte	8
 659 0276 00       		.byte	0
 660 0277 00       		.byte	0
 661 0278 10       		.byte	16
 662 0279 1F       		.byte	31
 663 027a 2C       		.byte	44
 664 027b 38       		.byte	56
 665 027c 0F       		.byte	15
 666 027d 00       		.byte	0
 667 027e 40       		.byte	64
 668 027f C0       		.byte	-64
 669 0280 80       		.byte	-128
 670 0281 00       		.byte	0
 671 0282 28       		.byte	40
 672 0283 02       		.byte	2
 673 0284 00       		.byte	0
 674 0285 00       		.byte	0
 675 0286 01       		.byte	1
 676 0287 00       		.byte	0
 677 0288 63       		.byte	99
 678 0289 02       		.byte	2
 679 028a 04       		.byte	4
 680 028b 00       		.byte	0
 681 028c 05       		.byte	5
 682 028d E0       		.byte	-32
 683 028e 00       		.byte	0
 684 028f 0C       		.byte	12
ARM GAS  C:\Users\giris\AppData\Local\Temp\ccAPUAlv.s 			page 13


 685 0290 12       		.byte	18
 686 0291 FF       		.byte	-1
 687 0292 FF       		.byte	-1
 688 0293 FF       		.byte	-1
 689 0294 62       		.byte	98
 690 0295 A0       		.byte	-96
 691 0296 F0       		.byte	-16
 692 0297 41       		.byte	65
 693 0298 0C       		.byte	12
 694 0299 00       		.byte	0
 695 029a 00       		.byte	0
 696 029b 00       		.byte	0
 697 029c 00       		.byte	0
 698 029d 00       		.byte	0
 699 029e 02       		.byte	2
 700 029f 13       		.byte	19
 701 02a0 04       		.byte	4
 702 02a1 04       		.byte	4
 703 02a2 04       		.byte	4
 704 02a3 04       		.byte	4
 705 02a4 00       		.byte	0
 706 02a5 00       		.byte	0
 707 02a6 00       		.byte	0
 708 02a7 01       		.byte	1
 709 02a8 00       		.byte	0
 710 02a9 00       		.byte	0
 711 02aa 00       		.byte	0
 712 02ab 00       		.byte	0
 713 02ac 00       		.byte	0
 714 02ad 00       		.byte	0
 715 02ae 40       		.byte	64
 716 02af 02       		.byte	2
 717 02b0 00       		.byte	0
 718 02b1 10       		.byte	16
 719 02b2 30       		.byte	48
 720 02b3 10       		.byte	16
 721 02b4 00       		.byte	0
 722 02b5 10       		.byte	16
 723 02b6 10       		.byte	16
 724 02b7 12       		.byte	18
 725 02b8 00       		.byte	0
 726 02b9 00       		.byte	0
 727 02ba 00       		.byte	0
 728 02bb 00       		.byte	0
 729 02bc 00       		.byte	0
 730 02bd 00       		.byte	0
 731 02be 00       		.byte	0
 732 02bf 00       		.byte	0
 733 02c0 00       		.byte	0
 734 02c1 00       		.byte	0
 735 02c2 00       		.byte	0
 736 02c3 00       		.byte	0
 737 02c4 00       		.byte	0
 738 02c5 00       		.byte	0
 739 02c6 00       		.byte	0
 740 02c7 00       		.byte	0
 741 02c8 00       		.byte	0
ARM GAS  C:\Users\giris\AppData\Local\Temp\ccAPUAlv.s 			page 14


 742 02c9 0B       		.byte	11
 743 02ca 0B       		.byte	11
 744 02cb 00       		.byte	0
 745 02cc 00       		.byte	0
 746 02cd 00       		.byte	0
 747 02ce 00       		.byte	0
 748 02cf 00       		.byte	0
 749 02d0 02       		.byte	2
 750 02d1 00       		.byte	0
 751 02d2 01       		.byte	1
 752 02d3 02       		.byte	2
 753 02d4 02       		.byte	2
 754 02d5 00       		.byte	0
 755 02d6 02       		.byte	2
 756 02d7 00       		.byte	0
 757 02d8 00       		.byte	0
 758 02d9 00       		.byte	0
 759 02da 00       		.byte	0
 760 02db 00       		.byte	0
 761              		.section	.cywolatch,"a",%progbits
 762              		.align	2
 763              		.type	cy_meta_wonvl, %object
 764              		.size	cy_meta_wonvl, 4
 765              	cy_meta_wonvl:
 766 0000 BC       		.byte	-68
 767 0001 90       		.byte	-112
 768 0002 AC       		.byte	-84
 769 0003 AF       		.byte	-81
 770              		.section	.cycustnvl,"a",%progbits
 771              		.align	2
 772              		.type	cy_meta_custnvl, %object
 773              		.size	cy_meta_custnvl, 4
 774              	cy_meta_custnvl:
 775 0000 00       		.byte	0
 776 0001 00       		.byte	0
 777 0002 40       		.byte	64
 778 0003 05       		.byte	5
 779              		.section	.cymeta,"a",%progbits
 780              		.align	2
 781              		.type	cy_metadata, %object
 782              		.size	cy_metadata, 12
 783              	cy_metadata:
 784 0000 00       		.byte	0
 785 0001 01       		.byte	1
 786 0002 2E       		.byte	46
 787 0003 16       		.byte	22
 788 0004 00       		.byte	0
 789 0005 69       		.byte	105
 790 0006 00       		.byte	0
 791 0007 01       		.byte	1
 792 0008 00       		.byte	0
 793 0009 00       		.byte	0
 794 000a 00       		.byte	0
 795 000b 00       		.byte	0
 796              		.section	.cyflashprotect,"a",%progbits
 797              		.align	2
 798              		.type	cy_meta_flashprotect, %object
ARM GAS  C:\Users\giris\AppData\Local\Temp\ccAPUAlv.s 			page 15


 799              		.size	cy_meta_flashprotect, 256
 800              	cy_meta_flashprotect:
 801 0000 00000000 		.space	256
 801      00000000 
 801      00000000 
 801      00000000 
 801      00000000 
 802              		.text
 803              	.Letext0:
 804              		.file 1 "c:\\program files (x86)\\cypress\\psoc creator\\4.4\\psoc creator\\import\\gnu\\arm\\5.4.
 805              		.file 2 "c:\\program files (x86)\\cypress\\psoc creator\\4.4\\psoc creator\\import\\gnu\\arm\\5.4.
 806              		.file 3 "Generated_Source\\PSoC5\\cymetadata.c"
 807              		.section	.debug_info,"",%progbits
 808              	.Ldebug_info0:
 809 0000 31010000 		.4byte	0x131
 810 0004 0400     		.2byte	0x4
 811 0006 00000000 		.4byte	.Ldebug_abbrev0
 812 000a 04       		.byte	0x4
 813 000b 01       		.uleb128 0x1
 814 000c 6E000000 		.4byte	.LASF17
 815 0010 0C       		.byte	0xc
 816 0011 C8010000 		.4byte	.LASF18
 817 0015 0A000000 		.4byte	.LASF19
 818 0019 00000000 		.4byte	.Ldebug_line0
 819 001d 02       		.uleb128 0x2
 820 001e 01       		.byte	0x1
 821 001f 06       		.byte	0x6
 822 0020 BC010000 		.4byte	.LASF0
 823 0024 03       		.uleb128 0x3
 824 0025 00000000 		.4byte	.LASF9
 825 0029 01       		.byte	0x1
 826 002a 1D       		.byte	0x1d
 827 002b 2F000000 		.4byte	0x2f
 828 002f 02       		.uleb128 0x2
 829 0030 01       		.byte	0x1
 830 0031 08       		.byte	0x8
 831 0032 60000000 		.4byte	.LASF1
 832 0036 02       		.uleb128 0x2
 833 0037 02       		.byte	0x2
 834 0038 05       		.byte	0x5
 835 0039 A9010000 		.4byte	.LASF2
 836 003d 02       		.uleb128 0x2
 837 003e 02       		.byte	0x2
 838 003f 07       		.byte	0x7
 839 0040 0E010000 		.4byte	.LASF3
 840 0044 02       		.uleb128 0x2
 841 0045 04       		.byte	0x4
 842 0046 05       		.byte	0x5
 843 0047 B3010000 		.4byte	.LASF4
 844 004b 02       		.uleb128 0x2
 845 004c 04       		.byte	0x4
 846 004d 07       		.byte	0x7
 847 004e FC000000 		.4byte	.LASF5
 848 0052 02       		.uleb128 0x2
 849 0053 08       		.byte	0x8
 850 0054 05       		.byte	0x5
 851 0055 9B010000 		.4byte	.LASF6
ARM GAS  C:\Users\giris\AppData\Local\Temp\ccAPUAlv.s 			page 16


 852 0059 02       		.uleb128 0x2
 853 005a 08       		.byte	0x8
 854 005b 07       		.byte	0x7
 855 005c 50010000 		.4byte	.LASF7
 856 0060 04       		.uleb128 0x4
 857 0061 04       		.byte	0x4
 858 0062 05       		.byte	0x5
 859 0063 696E7400 		.ascii	"int\000"
 860 0067 02       		.uleb128 0x2
 861 0068 04       		.byte	0x4
 862 0069 07       		.byte	0x7
 863 006a 43010000 		.4byte	.LASF8
 864 006e 03       		.uleb128 0x3
 865 006f 67010000 		.4byte	.LASF10
 866 0073 02       		.byte	0x2
 867 0074 18       		.byte	0x18
 868 0075 24000000 		.4byte	0x24
 869 0079 05       		.uleb128 0x5
 870 007a 91000000 		.4byte	0x91
 871 007e 8A000000 		.4byte	0x8a
 872 0082 06       		.uleb128 0x6
 873 0083 8A000000 		.4byte	0x8a
 874 0087 DB02     		.2byte	0x2db
 875 0089 00       		.byte	0
 876 008a 02       		.uleb128 0x2
 877 008b 04       		.byte	0x4
 878 008c 07       		.byte	0x7
 879 008d 92010000 		.4byte	.LASF11
 880 0091 07       		.uleb128 0x7
 881 0092 6E000000 		.4byte	0x6e
 882 0096 08       		.uleb128 0x8
 883 0097 31010000 		.4byte	.LASF12
 884 009b 03       		.byte	0x3
 885 009c 1F       		.byte	0x1f
 886 009d A7000000 		.4byte	0xa7
 887 00a1 05       		.uleb128 0x5
 888 00a2 03       		.byte	0x3
 889 00a3 00000000 		.4byte	cy_meta_configecc
 890 00a7 07       		.uleb128 0x7
 891 00a8 79000000 		.4byte	0x79
 892 00ac 05       		.uleb128 0x5
 893 00ad 91000000 		.4byte	0x91
 894 00b1 BC000000 		.4byte	0xbc
 895 00b5 09       		.uleb128 0x9
 896 00b6 8A000000 		.4byte	0x8a
 897 00ba 03       		.byte	0x3
 898 00bb 00       		.byte	0
 899 00bc 08       		.uleb128 0x8
 900 00bd 21010000 		.4byte	.LASF13
 901 00c1 03       		.byte	0x3
 902 00c2 88       		.byte	0x88
 903 00c3 CD000000 		.4byte	0xcd
 904 00c7 05       		.uleb128 0x5
 905 00c8 03       		.byte	0x3
 906 00c9 00000000 		.4byte	cy_meta_custnvl
 907 00cd 07       		.uleb128 0x7
 908 00ce AC000000 		.4byte	0xac
ARM GAS  C:\Users\giris\AppData\Local\Temp\ccAPUAlv.s 			page 17


 909 00d2 08       		.uleb128 0x8
 910 00d3 84010000 		.4byte	.LASF14
 911 00d7 03       		.byte	0x3
 912 00d8 96       		.byte	0x96
 913 00d9 E3000000 		.4byte	0xe3
 914 00dd 05       		.uleb128 0x5
 915 00de 03       		.byte	0x3
 916 00df 00000000 		.4byte	cy_meta_wonvl
 917 00e3 07       		.uleb128 0x7
 918 00e4 AC000000 		.4byte	0xac
 919 00e8 05       		.uleb128 0x5
 920 00e9 91000000 		.4byte	0x91
 921 00ed F8000000 		.4byte	0xf8
 922 00f1 09       		.uleb128 0x9
 923 00f2 8A000000 		.4byte	0x8a
 924 00f6 FF       		.byte	0xff
 925 00f7 00       		.byte	0
 926 00f8 08       		.uleb128 0x8
 927 00f9 6F010000 		.4byte	.LASF15
 928 00fd 03       		.byte	0x3
 929 00fe A4       		.byte	0xa4
 930 00ff 09010000 		.4byte	0x109
 931 0103 05       		.uleb128 0x5
 932 0104 03       		.byte	0x3
 933 0105 00000000 		.4byte	cy_meta_flashprotect
 934 0109 07       		.uleb128 0x7
 935 010a E8000000 		.4byte	0xe8
 936 010e 05       		.uleb128 0x5
 937 010f 91000000 		.4byte	0x91
 938 0113 1E010000 		.4byte	0x11e
 939 0117 09       		.uleb128 0x9
 940 0118 8A000000 		.4byte	0x8a
 941 011c 0B       		.byte	0xb
 942 011d 00       		.byte	0
 943 011e 08       		.uleb128 0x8
 944 011f 54000000 		.4byte	.LASF16
 945 0123 03       		.byte	0x3
 946 0124 D1       		.byte	0xd1
 947 0125 2F010000 		.4byte	0x12f
 948 0129 05       		.uleb128 0x5
 949 012a 03       		.byte	0x3
 950 012b 00000000 		.4byte	cy_metadata
 951 012f 07       		.uleb128 0x7
 952 0130 0E010000 		.4byte	0x10e
 953 0134 00       		.byte	0
 954              		.section	.debug_abbrev,"",%progbits
 955              	.Ldebug_abbrev0:
 956 0000 01       		.uleb128 0x1
 957 0001 11       		.uleb128 0x11
 958 0002 01       		.byte	0x1
 959 0003 25       		.uleb128 0x25
 960 0004 0E       		.uleb128 0xe
 961 0005 13       		.uleb128 0x13
 962 0006 0B       		.uleb128 0xb
 963 0007 03       		.uleb128 0x3
 964 0008 0E       		.uleb128 0xe
 965 0009 1B       		.uleb128 0x1b
ARM GAS  C:\Users\giris\AppData\Local\Temp\ccAPUAlv.s 			page 18


 966 000a 0E       		.uleb128 0xe
 967 000b 10       		.uleb128 0x10
 968 000c 17       		.uleb128 0x17
 969 000d 00       		.byte	0
 970 000e 00       		.byte	0
 971 000f 02       		.uleb128 0x2
 972 0010 24       		.uleb128 0x24
 973 0011 00       		.byte	0
 974 0012 0B       		.uleb128 0xb
 975 0013 0B       		.uleb128 0xb
 976 0014 3E       		.uleb128 0x3e
 977 0015 0B       		.uleb128 0xb
 978 0016 03       		.uleb128 0x3
 979 0017 0E       		.uleb128 0xe
 980 0018 00       		.byte	0
 981 0019 00       		.byte	0
 982 001a 03       		.uleb128 0x3
 983 001b 16       		.uleb128 0x16
 984 001c 00       		.byte	0
 985 001d 03       		.uleb128 0x3
 986 001e 0E       		.uleb128 0xe
 987 001f 3A       		.uleb128 0x3a
 988 0020 0B       		.uleb128 0xb
 989 0021 3B       		.uleb128 0x3b
 990 0022 0B       		.uleb128 0xb
 991 0023 49       		.uleb128 0x49
 992 0024 13       		.uleb128 0x13
 993 0025 00       		.byte	0
 994 0026 00       		.byte	0
 995 0027 04       		.uleb128 0x4
 996 0028 24       		.uleb128 0x24
 997 0029 00       		.byte	0
 998 002a 0B       		.uleb128 0xb
 999 002b 0B       		.uleb128 0xb
 1000 002c 3E       		.uleb128 0x3e
 1001 002d 0B       		.uleb128 0xb
 1002 002e 03       		.uleb128 0x3
 1003 002f 08       		.uleb128 0x8
 1004 0030 00       		.byte	0
 1005 0031 00       		.byte	0
 1006 0032 05       		.uleb128 0x5
 1007 0033 01       		.uleb128 0x1
 1008 0034 01       		.byte	0x1
 1009 0035 49       		.uleb128 0x49
 1010 0036 13       		.uleb128 0x13
 1011 0037 01       		.uleb128 0x1
 1012 0038 13       		.uleb128 0x13
 1013 0039 00       		.byte	0
 1014 003a 00       		.byte	0
 1015 003b 06       		.uleb128 0x6
 1016 003c 21       		.uleb128 0x21
 1017 003d 00       		.byte	0
 1018 003e 49       		.uleb128 0x49
 1019 003f 13       		.uleb128 0x13
 1020 0040 2F       		.uleb128 0x2f
 1021 0041 05       		.uleb128 0x5
 1022 0042 00       		.byte	0
ARM GAS  C:\Users\giris\AppData\Local\Temp\ccAPUAlv.s 			page 19


 1023 0043 00       		.byte	0
 1024 0044 07       		.uleb128 0x7
 1025 0045 26       		.uleb128 0x26
 1026 0046 00       		.byte	0
 1027 0047 49       		.uleb128 0x49
 1028 0048 13       		.uleb128 0x13
 1029 0049 00       		.byte	0
 1030 004a 00       		.byte	0
 1031 004b 08       		.uleb128 0x8
 1032 004c 34       		.uleb128 0x34
 1033 004d 00       		.byte	0
 1034 004e 03       		.uleb128 0x3
 1035 004f 0E       		.uleb128 0xe
 1036 0050 3A       		.uleb128 0x3a
 1037 0051 0B       		.uleb128 0xb
 1038 0052 3B       		.uleb128 0x3b
 1039 0053 0B       		.uleb128 0xb
 1040 0054 49       		.uleb128 0x49
 1041 0055 13       		.uleb128 0x13
 1042 0056 3F       		.uleb128 0x3f
 1043 0057 19       		.uleb128 0x19
 1044 0058 02       		.uleb128 0x2
 1045 0059 18       		.uleb128 0x18
 1046 005a 00       		.byte	0
 1047 005b 00       		.byte	0
 1048 005c 09       		.uleb128 0x9
 1049 005d 21       		.uleb128 0x21
 1050 005e 00       		.byte	0
 1051 005f 49       		.uleb128 0x49
 1052 0060 13       		.uleb128 0x13
 1053 0061 2F       		.uleb128 0x2f
 1054 0062 0B       		.uleb128 0xb
 1055 0063 00       		.byte	0
 1056 0064 00       		.byte	0
 1057 0065 00       		.byte	0
 1058              		.section	.debug_aranges,"",%progbits
 1059 0000 14000000 		.4byte	0x14
 1060 0004 0200     		.2byte	0x2
 1061 0006 00000000 		.4byte	.Ldebug_info0
 1062 000a 04       		.byte	0x4
 1063 000b 00       		.byte	0
 1064 000c 0000     		.2byte	0
 1065 000e 0000     		.2byte	0
 1066 0010 00000000 		.4byte	0
 1067 0014 00000000 		.4byte	0
 1068              		.section	.debug_line,"",%progbits
 1069              	.Ldebug_line0:
 1070 0000 3D010000 		.section	.debug_str,"MS",%progbits,1
 1070      02003701 
 1070      00000201 
 1070      FB0E0D00 
 1070      01010101 
 1071              	.LASF9:
 1072 0000 5F5F7569 		.ascii	"__uint8_t\000"
 1072      6E74385F 
 1072      7400
 1073              	.LASF19:
ARM GAS  C:\Users\giris\AppData\Local\Temp\ccAPUAlv.s 			page 20


 1074 000a 433A5C55 		.ascii	"C:\\Users\\giris\\OneDrive\\Documents\\PSoC Creator"
 1074      73657273 
 1074      5C676972 
 1074      69735C4F 
 1074      6E654472 
 1075 0038 5C534448 		.ascii	"\\SDHD\\UART_Exercise_3.cydsn\000"
 1075      445C5541 
 1075      52545F45 
 1075      78657263 
 1075      6973655F 
 1076              	.LASF16:
 1077 0054 63795F6D 		.ascii	"cy_metadata\000"
 1077      65746164 
 1077      61746100 
 1078              	.LASF1:
 1079 0060 756E7369 		.ascii	"unsigned char\000"
 1079      676E6564 
 1079      20636861 
 1079      7200
 1080              	.LASF17:
 1081 006e 474E5520 		.ascii	"GNU C11 5.4.1 20160609 (release) [ARM/embedded-5-br"
 1081      43313120 
 1081      352E342E 
 1081      31203230 
 1081      31363036 
 1082 00a1 616E6368 		.ascii	"anch revision 237715] -mcpu=cortex-m3 -mthumb -g -O"
 1082      20726576 
 1082      6973696F 
 1082      6E203233 
 1082      37373135 
 1083 00d4 67202D66 		.ascii	"g -ffunction-sections -ffat-lto-objects\000"
 1083      66756E63 
 1083      74696F6E 
 1083      2D736563 
 1083      74696F6E 
 1084              	.LASF5:
 1085 00fc 6C6F6E67 		.ascii	"long unsigned int\000"
 1085      20756E73 
 1085      69676E65 
 1085      6420696E 
 1085      7400
 1086              	.LASF3:
 1087 010e 73686F72 		.ascii	"short unsigned int\000"
 1087      7420756E 
 1087      7369676E 
 1087      65642069 
 1087      6E7400
 1088              	.LASF13:
 1089 0121 63795F6D 		.ascii	"cy_meta_custnvl\000"
 1089      6574615F 
 1089      63757374 
 1089      6E766C00 
 1090              	.LASF12:
 1091 0131 63795F6D 		.ascii	"cy_meta_configecc\000"
 1091      6574615F 
 1091      636F6E66 
 1091      69676563 
ARM GAS  C:\Users\giris\AppData\Local\Temp\ccAPUAlv.s 			page 21


 1091      6300
 1092              	.LASF8:
 1093 0143 756E7369 		.ascii	"unsigned int\000"
 1093      676E6564 
 1093      20696E74 
 1093      00
 1094              	.LASF7:
 1095 0150 6C6F6E67 		.ascii	"long long unsigned int\000"
 1095      206C6F6E 
 1095      6720756E 
 1095      7369676E 
 1095      65642069 
 1096              	.LASF10:
 1097 0167 75696E74 		.ascii	"uint8_t\000"
 1097      385F7400 
 1098              	.LASF15:
 1099 016f 63795F6D 		.ascii	"cy_meta_flashprotect\000"
 1099      6574615F 
 1099      666C6173 
 1099      6870726F 
 1099      74656374 
 1100              	.LASF14:
 1101 0184 63795F6D 		.ascii	"cy_meta_wonvl\000"
 1101      6574615F 
 1101      776F6E76 
 1101      6C00
 1102              	.LASF11:
 1103 0192 73697A65 		.ascii	"sizetype\000"
 1103      74797065 
 1103      00
 1104              	.LASF6:
 1105 019b 6C6F6E67 		.ascii	"long long int\000"
 1105      206C6F6E 
 1105      6720696E 
 1105      7400
 1106              	.LASF2:
 1107 01a9 73686F72 		.ascii	"short int\000"
 1107      7420696E 
 1107      7400
 1108              	.LASF4:
 1109 01b3 6C6F6E67 		.ascii	"long int\000"
 1109      20696E74 
 1109      00
 1110              	.LASF0:
 1111 01bc 7369676E 		.ascii	"signed char\000"
 1111      65642063 
 1111      68617200 
 1112              	.LASF18:
 1113 01c8 47656E65 		.ascii	"Generated_Source\\PSoC5\\cymetadata.c\000"
 1113      72617465 
 1113      645F536F 
 1113      75726365 
 1113      5C50536F 
 1114              		.ident	"GCC: (GNU Tools for ARM Embedded Processors) 5.4.1 20160609 (release) [ARM/embedded-5-bran
