ARM GAS  C:\Users\giris\AppData\Local\Temp\ccuqW5jb.s 			page 1


   1              		.syntax unified
   2              		.cpu cortex-m3
   3              		.fpu softvfp
   4              		.eabi_attribute 20, 1
   5              		.eabi_attribute 21, 1
   6              		.eabi_attribute 23, 3
   7              		.eabi_attribute 24, 1
   8              		.eabi_attribute 25, 1
   9              		.eabi_attribute 26, 1
  10              		.eabi_attribute 30, 1
  11              		.eabi_attribute 34, 1
  12              		.eabi_attribute 18, 4
  13              		.thumb
  14              		.syntax unified
  15              		.file	"cymetadata.c"
  16              		.text
  17              	.Ltext0:
  18              		.cfi_sections	.debug_frame
  19              		.global	cy_metadata
  20              		.global	cy_meta_flashprotect
  21              		.global	cy_meta_wonvl
  22              		.global	cy_meta_custnvl
  23              		.global	cy_meta_configecc
  24              		.section	.cyconfigecc,"a",%progbits
  25              		.align	2
  26              		.type	cy_meta_configecc, %object
  27              		.size	cy_meta_configecc, 900
  28              	cy_meta_configecc:
  29 0000 02       		.byte	2
  30 0001 45       		.byte	69
  31 0002 00       		.byte	0
  32 0003 40       		.byte	64
  33 0004 01       		.byte	1
  34 0005 52       		.byte	82
  35 0006 00       		.byte	0
  36 0007 40       		.byte	64
  37 0008 01       		.byte	1
  38 0009 5A       		.byte	90
  39 000a 00       		.byte	0
  40 000b 40       		.byte	64
  41 000c 03       		.byte	3
  42 000d 64       		.byte	100
  43 000e 00       		.byte	0
  44 000f 40       		.byte	64
  45 0010 01       		.byte	1
  46 0011 03       		.byte	3
  47 0012 01       		.byte	1
  48 0013 40       		.byte	64
  49 0014 05       		.byte	5
  50 0015 0B       		.byte	11
  51 0016 01       		.byte	1
  52 0017 40       		.byte	64
  53 0018 13       		.byte	19
  54 0019 0C       		.byte	12
  55 001a 01       		.byte	1
  56 001b 40       		.byte	64
  57 001c 43       		.byte	67
ARM GAS  C:\Users\giris\AppData\Local\Temp\ccuqW5jb.s 			page 2


  58 001d 0D       		.byte	13
  59 001e 01       		.byte	1
  60 001f 40       		.byte	64
  61 0020 6D       		.byte	109
  62 0021 0E       		.byte	14
  63 0022 01       		.byte	1
  64 0023 40       		.byte	64
  65 0024 37       		.byte	55
  66 0025 0F       		.byte	15
  67 0026 01       		.byte	1
  68 0027 40       		.byte	64
  69 0028 01       		.byte	1
  70 0029 15       		.byte	21
  71 002a 01       		.byte	1
  72 002b 40       		.byte	64
  73 002c 01       		.byte	1
  74 002d 1B       		.byte	27
  75 002e 01       		.byte	1
  76 002f 40       		.byte	64
  77 0030 05       		.byte	5
  78 0031 40       		.byte	64
  79 0032 01       		.byte	1
  80 0033 40       		.byte	64
  81 0034 05       		.byte	5
  82 0035 41       		.byte	65
  83 0036 01       		.byte	1
  84 0037 40       		.byte	64
  85 0038 02       		.byte	2
  86 0039 42       		.byte	66
  87 003a 01       		.byte	1
  88 003b 40       		.byte	64
  89 003c 04       		.byte	4
  90 003d 43       		.byte	67
  91 003e 01       		.byte	1
  92 003f 40       		.byte	64
  93 0040 02       		.byte	2
  94 0041 44       		.byte	68
  95 0042 01       		.byte	1
  96 0043 40       		.byte	64
  97 0044 05       		.byte	5
  98 0045 45       		.byte	69
  99 0046 01       		.byte	1
 100 0047 40       		.byte	64
 101 0048 05       		.byte	5
 102 0049 46       		.byte	70
 103 004a 01       		.byte	1
 104 004b 40       		.byte	64
 105 004c 03       		.byte	3
 106 004d 47       		.byte	71
 107 004e 01       		.byte	1
 108 004f 40       		.byte	64
 109 0050 07       		.byte	7
 110 0051 48       		.byte	72
 111 0052 01       		.byte	1
 112 0053 40       		.byte	64
 113 0054 02       		.byte	2
 114 0055 49       		.byte	73
ARM GAS  C:\Users\giris\AppData\Local\Temp\ccuqW5jb.s 			page 3


 115 0056 01       		.byte	1
 116 0057 40       		.byte	64
 117 0058 02       		.byte	2
 118 0059 4C       		.byte	76
 119 005a 01       		.byte	1
 120 005b 40       		.byte	64
 121 005c 03       		.byte	3
 122 005d 4D       		.byte	77
 123 005e 01       		.byte	1
 124 005f 40       		.byte	64
 125 0060 02       		.byte	2
 126 0061 50       		.byte	80
 127 0062 01       		.byte	1
 128 0063 40       		.byte	64
 129 0064 02       		.byte	2
 130 0065 51       		.byte	81
 131 0066 01       		.byte	1
 132 0067 40       		.byte	64
 133 0068 0A       		.byte	10
 134 0069 01       		.byte	1
 135 006a 17       		.byte	23
 136 006b 02       		.byte	2
 137 006c 14       		.byte	20
 138 006d 01       		.byte	1
 139 006e 9F       		.byte	-97
 140 006f 01       		.byte	1
 141 0070 8C       		.byte	-116
 142 0071 38       		.byte	56
 143 0072 8D       		.byte	-115
 144 0073 72       		.byte	114
 145 0074 8E       		.byte	-114
 146 0075 0F       		.byte	15
 147 0076 E6       		.byte	-26
 148 0077 02       		.byte	2
 149 0078 A8       		.byte	-88
 150 0079 04       		.byte	4
 151 007a B2       		.byte	-78
 152 007b 01       		.byte	1
 153 007c B3       		.byte	-77
 154 007d 08       		.byte	8
 155 007e B5       		.byte	-75
 156 007f 02       		.byte	2
 157 0080 EC       		.byte	-20
 158 0081 01       		.byte	1
 159 0082 09       		.byte	9
 160 0083 01       		.byte	1
 161 0084 16       		.byte	22
 162 0085 02       		.byte	2
 163 0086 1A       		.byte	26
 164 0087 02       		.byte	2
 165 0088 1E       		.byte	30
 166 0089 01       		.byte	1
 167 008a 24       		.byte	36
 168 008b 04       		.byte	4
 169 008c 2A       		.byte	42
 170 008d 01       		.byte	1
 171 008e 30       		.byte	48
ARM GAS  C:\Users\giris\AppData\Local\Temp\ccuqW5jb.s 			page 4


 172 008f 02       		.byte	2
 173 0090 32       		.byte	50
 174 0091 01       		.byte	1
 175 0092 34       		.byte	52
 176 0093 04       		.byte	4
 177 0094 35       		.byte	53
 178 0095 01       		.byte	1
 179 0096 3E       		.byte	62
 180 0097 15       		.byte	21
 181 0098 3F       		.byte	63
 182 0099 10       		.byte	16
 183 009a 54       		.byte	84
 184 009b 18       		.byte	24
 185 009c 56       		.byte	86
 186 009d 04       		.byte	4
 187 009e 58       		.byte	88
 188 009f 04       		.byte	4
 189 00a0 59       		.byte	89
 190 00a1 04       		.byte	4
 191 00a2 5B       		.byte	91
 192 00a3 04       		.byte	4
 193 00a4 5D       		.byte	93
 194 00a5 20       		.byte	32
 195 00a6 5F       		.byte	95
 196 00a7 01       		.byte	1
 197 00a8 00       		.byte	0
 198 00a9 64       		.byte	100
 199 00aa 01       		.byte	1
 200 00ab 0A       		.byte	10
 201 00ac 08       		.byte	8
 202 00ad 10       		.byte	16
 203 00ae 09       		.byte	9
 204 00af 08       		.byte	8
 205 00b0 0A       		.byte	10
 206 00b1 02       		.byte	2
 207 00b2 0B       		.byte	11
 208 00b3 84       		.byte	-124
 209 00b4 0D       		.byte	13
 210 00b5 90       		.byte	-112
 211 00b6 0F       		.byte	15
 212 00b7 20       		.byte	32
 213 00b8 10       		.byte	16
 214 00b9 A8       		.byte	-88
 215 00ba 15       		.byte	21
 216 00bb 08       		.byte	8
 217 00bc 16       		.byte	22
 218 00bd 04       		.byte	4
 219 00be 18       		.byte	24
 220 00bf 01       		.byte	1
 221 00c0 19       		.byte	25
 222 00c1 21       		.byte	33
 223 00c2 1B       		.byte	27
 224 00c3 18       		.byte	24
 225 00c4 1E       		.byte	30
 226 00c5 04       		.byte	4
 227 00c6 1F       		.byte	31
 228 00c7 05       		.byte	5
ARM GAS  C:\Users\giris\AppData\Local\Temp\ccuqW5jb.s 			page 5


 229 00c8 20       		.byte	32
 230 00c9 64       		.byte	100
 231 00ca 21       		.byte	33
 232 00cb 01       		.byte	1
 233 00cc 23       		.byte	35
 234 00cd 02       		.byte	2
 235 00ce 24       		.byte	36
 236 00cf 08       		.byte	8
 237 00d0 29       		.byte	41
 238 00d1 8A       		.byte	-118
 239 00d2 2B       		.byte	43
 240 00d3 08       		.byte	8
 241 00d4 30       		.byte	48
 242 00d5 10       		.byte	16
 243 00d6 31       		.byte	49
 244 00d7 08       		.byte	8
 245 00d8 32       		.byte	50
 246 00d9 40       		.byte	64
 247 00da 39       		.byte	57
 248 00db 16       		.byte	22
 249 00dc 3B       		.byte	59
 250 00dd 80       		.byte	-128
 251 00de 3E       		.byte	62
 252 00df 10       		.byte	16
 253 00e0 40       		.byte	64
 254 00e1 41       		.byte	65
 255 00e2 43       		.byte	67
 256 00e3 08       		.byte	8
 257 00e4 49       		.byte	73
 258 00e5 20       		.byte	32
 259 00e6 4B       		.byte	75
 260 00e7 80       		.byte	-128
 261 00e8 51       		.byte	81
 262 00e9 10       		.byte	16
 263 00ea 52       		.byte	82
 264 00eb 04       		.byte	4
 265 00ec 59       		.byte	89
 266 00ed 01       		.byte	1
 267 00ee 5F       		.byte	95
 268 00ef 02       		.byte	2
 269 00f0 67       		.byte	103
 270 00f1 4A       		.byte	74
 271 00f2 69       		.byte	105
 272 00f3 14       		.byte	20
 273 00f4 6A       		.byte	106
 274 00f5 80       		.byte	-128
 275 00f6 70       		.byte	112
 276 00f7 A8       		.byte	-88
 277 00f8 87       		.byte	-121
 278 00f9 40       		.byte	64
 279 00fa 88       		.byte	-120
 280 00fb 10       		.byte	16
 281 00fc 89       		.byte	-119
 282 00fd 80       		.byte	-128
 283 00fe 91       		.byte	-111
 284 00ff 08       		.byte	8
 285 0100 92       		.byte	-110
ARM GAS  C:\Users\giris\AppData\Local\Temp\ccuqW5jb.s 			page 6


 286 0101 10       		.byte	16
 287 0102 93       		.byte	-109
 288 0103 84       		.byte	-124
 289 0104 95       		.byte	-107
 290 0105 02       		.byte	2
 291 0106 96       		.byte	-106
 292 0107 04       		.byte	4
 293 0108 9D       		.byte	-99
 294 0109 02       		.byte	2
 295 010a A1       		.byte	-95
 296 010b 88       		.byte	-120
 297 010c A4       		.byte	-92
 298 010d A8       		.byte	-88
 299 010e A7       		.byte	-89
 300 010f 08       		.byte	8
 301 0110 AA       		.byte	-86
 302 0111 02       		.byte	2
 303 0112 B1       		.byte	-79
 304 0113 04       		.byte	4
 305 0114 B2       		.byte	-78
 306 0115 01       		.byte	1
 307 0116 B4       		.byte	-76
 308 0117 21       		.byte	33
 309 0118 C0       		.byte	-64
 310 0119 0F       		.byte	15
 311 011a C2       		.byte	-62
 312 011b EF       		.byte	-17
 313 011c C4       		.byte	-60
 314 011d 6E       		.byte	110
 315 011e CA       		.byte	-54
 316 011f 0F       		.byte	15
 317 0120 CC       		.byte	-52
 318 0121 0E       		.byte	14
 319 0122 CE       		.byte	-50
 320 0123 2F       		.byte	47
 321 0124 D0       		.byte	-48
 322 0125 0B       		.byte	11
 323 0126 D2       		.byte	-46
 324 0127 0C       		.byte	12
 325 0128 D6       		.byte	-42
 326 0129 81       		.byte	-127
 327 012a D8       		.byte	-40
 328 012b B0       		.byte	-80
 329 012c E8       		.byte	-24
 330 012d 01       		.byte	1
 331 012e 02       		.byte	2
 332 012f 20       		.byte	32
 333 0130 03       		.byte	3
 334 0131 26       		.byte	38
 335 0132 04       		.byte	4
 336 0133 13       		.byte	19
 337 0134 05       		.byte	5
 338 0135 19       		.byte	25
 339 0136 06       		.byte	6
 340 0137 04       		.byte	4
 341 0138 07       		.byte	7
 342 0139 62       		.byte	98
ARM GAS  C:\Users\giris\AppData\Local\Temp\ccuqW5jb.s 			page 7


 343 013a 09       		.byte	9
 344 013b 19       		.byte	25
 345 013c 0B       		.byte	11
 346 013d 64       		.byte	100
 347 013e 0D       		.byte	13
 348 013f 7F       		.byte	127
 349 0140 0E       		.byte	14
 350 0141 08       		.byte	8
 351 0142 10       		.byte	16
 352 0143 13       		.byte	19
 353 0144 12       		.byte	18
 354 0145 0C       		.byte	12
 355 0146 15       		.byte	21
 356 0147 18       		.byte	24
 357 0148 19       		.byte	25
 358 0149 08       		.byte	8
 359 014a 1D       		.byte	29
 360 014b 10       		.byte	16
 361 014c 21       		.byte	33
 362 014d 01       		.byte	1
 363 014e 22       		.byte	34
 364 014f 15       		.byte	21
 365 0150 24       		.byte	36
 366 0151 0A       		.byte	10
 367 0152 26       		.byte	38
 368 0153 14       		.byte	20
 369 0154 27       		.byte	39
 370 0155 01       		.byte	1
 371 0156 29       		.byte	41
 372 0157 67       		.byte	103
 373 0158 2B       		.byte	43
 374 0159 18       		.byte	24
 375 015a 2C       		.byte	44
 376 015b 03       		.byte	3
 377 015c 2E       		.byte	46
 378 015d 14       		.byte	20
 379 015e 30       		.byte	48
 380 015f 0F       		.byte	15
 381 0160 33       		.byte	51
 382 0161 1F       		.byte	31
 383 0162 34       		.byte	52
 384 0163 20       		.byte	32
 385 0164 35       		.byte	53
 386 0165 38       		.byte	56
 387 0166 36       		.byte	54
 388 0167 10       		.byte	16
 389 0168 37       		.byte	55
 390 0169 40       		.byte	64
 391 016a 39       		.byte	57
 392 016b 82       		.byte	-126
 393 016c 3A       		.byte	58
 394 016d 02       		.byte	2
 395 016e 3B       		.byte	59
 396 016f 28       		.byte	40
 397 0170 3E       		.byte	62
 398 0171 40       		.byte	64
 399 0172 3F       		.byte	63
ARM GAS  C:\Users\giris\AppData\Local\Temp\ccuqW5jb.s 			page 8


 400 0173 01       		.byte	1
 401 0174 40       		.byte	64
 402 0175 45       		.byte	69
 403 0176 41       		.byte	65
 404 0177 02       		.byte	2
 405 0178 46       		.byte	70
 406 0179 B0       		.byte	-80
 407 017a 47       		.byte	71
 408 017b CE       		.byte	-50
 409 017c 48       		.byte	72
 410 017d 38       		.byte	56
 411 017e 49       		.byte	73
 412 017f FF       		.byte	-1
 413 0180 4A       		.byte	74
 414 0181 FF       		.byte	-1
 415 0182 4B       		.byte	75
 416 0183 FF       		.byte	-1
 417 0184 4E       		.byte	78
 418 0185 F0       		.byte	-16
 419 0186 4F       		.byte	79
 420 0187 44       		.byte	68
 421 0188 50       		.byte	80
 422 0189 0C       		.byte	12
 423 018a 54       		.byte	84
 424 018b 01       		.byte	1
 425 018c 58       		.byte	88
 426 018d 04       		.byte	4
 427 018e 59       		.byte	89
 428 018f 04       		.byte	4
 429 0190 5A       		.byte	90
 430 0191 04       		.byte	4
 431 0192 5B       		.byte	91
 432 0193 04       		.byte	4
 433 0194 5C       		.byte	92
 434 0195 22       		.byte	34
 435 0196 5D       		.byte	93
 436 0197 22       		.byte	34
 437 0198 5F       		.byte	95
 438 0199 01       		.byte	1
 439 019a 66       		.byte	102
 440 019b C0       		.byte	-64
 441 019c 6A       		.byte	106
 442 019d 40       		.byte	64
 443 019e 6B       		.byte	107
 444 019f 02       		.byte	2
 445 01a0 81       		.byte	-127
 446 01a1 80       		.byte	-128
 447 01a2 83       		.byte	-125
 448 01a3 13       		.byte	19
 449 01a4 84       		.byte	-124
 450 01a5 0C       		.byte	12
 451 01a6 86       		.byte	-122
 452 01a7 71       		.byte	113
 453 01a8 87       		.byte	-121
 454 01a9 08       		.byte	8
 455 01aa 88       		.byte	-120
 456 01ab 10       		.byte	16
ARM GAS  C:\Users\giris\AppData\Local\Temp\ccuqW5jb.s 			page 9


 457 01ac 8A       		.byte	-118
 458 01ad 40       		.byte	64
 459 01ae 90       		.byte	-112
 460 01af 10       		.byte	16
 461 01b0 92       		.byte	-110
 462 01b1 AC       		.byte	-84
 463 01b2 93       		.byte	-109
 464 01b3 0C       		.byte	12
 465 01b4 95       		.byte	-107
 466 01b5 2C       		.byte	44
 467 01b6 96       		.byte	-106
 468 01b7 03       		.byte	3
 469 01b8 97       		.byte	-105
 470 01b9 43       		.byte	67
 471 01ba 9E       		.byte	-98
 472 01bb 20       		.byte	32
 473 01bc A0       		.byte	-96
 474 01bd 09       		.byte	9
 475 01be A2       		.byte	-94
 476 01bf D0       		.byte	-48
 477 01c0 A4       		.byte	-92
 478 01c1 DC       		.byte	-36
 479 01c2 A5       		.byte	-91
 480 01c3 71       		.byte	113
 481 01c4 A6       		.byte	-90
 482 01c5 22       		.byte	34
 483 01c6 A7       		.byte	-89
 484 01c7 0E       		.byte	14
 485 01c8 A8       		.byte	-88
 486 01c9 14       		.byte	20
 487 01ca AD       		.byte	-83
 488 01cb 71       		.byte	113
 489 01cc AF       		.byte	-81
 490 01cd 06       		.byte	6
 491 01ce B2       		.byte	-78
 492 01cf 1F       		.byte	31
 493 01d0 B3       		.byte	-77
 494 01d1 30       		.byte	48
 495 01d2 B4       		.byte	-76
 496 01d3 E0       		.byte	-32
 497 01d4 B5       		.byte	-75
 498 01d5 0F       		.byte	15
 499 01d6 B7       		.byte	-73
 500 01d7 C0       		.byte	-64
 501 01d8 B9       		.byte	-71
 502 01d9 88       		.byte	-120
 503 01da BA       		.byte	-70
 504 01db A0       		.byte	-96
 505 01dc BB       		.byte	-69
 506 01dd 20       		.byte	32
 507 01de BF       		.byte	-65
 508 01df 04       		.byte	4
 509 01e0 C0       		.byte	-64
 510 01e1 02       		.byte	2
 511 01e2 C7       		.byte	-57
 512 01e3 04       		.byte	4
 513 01e4 C9       		.byte	-55
ARM GAS  C:\Users\giris\AppData\Local\Temp\ccuqW5jb.s 			page 10


 514 01e5 FF       		.byte	-1
 515 01e6 CA       		.byte	-54
 516 01e7 07       		.byte	7
 517 01e8 CB       		.byte	-53
 518 01e9 FF       		.byte	-1
 519 01ea CC       		.byte	-52
 520 01eb 40       		.byte	64
 521 01ec CD       		.byte	-51
 522 01ed 20       		.byte	32
 523 01ee CE       		.byte	-50
 524 01ef F0       		.byte	-16
 525 01f0 CF       		.byte	-49
 526 01f1 05       		.byte	5
 527 01f2 D0       		.byte	-48
 528 01f3 08       		.byte	8
 529 01f4 D8       		.byte	-40
 530 01f5 04       		.byte	4
 531 01f6 D9       		.byte	-39
 532 01f7 04       		.byte	4
 533 01f8 DA       		.byte	-38
 534 01f9 04       		.byte	4
 535 01fa DC       		.byte	-36
 536 01fb 22       		.byte	34
 537 01fc DD       		.byte	-35
 538 01fd 02       		.byte	2
 539 01fe DF       		.byte	-33
 540 01ff 01       		.byte	1
 541 0200 E0       		.byte	-32
 542 0201 40       		.byte	64
 543 0202 E1       		.byte	-31
 544 0203 A8       		.byte	-88
 545 0204 E2       		.byte	-30
 546 0205 40       		.byte	64
 547 0206 E3       		.byte	-29
 548 0207 20       		.byte	32
 549 0208 01       		.byte	1
 550 0209 02       		.byte	2
 551 020a 03       		.byte	3
 552 020b 21       		.byte	33
 553 020c 04       		.byte	4
 554 020d 04       		.byte	4
 555 020e 06       		.byte	6
 556 020f 04       		.byte	4
 557 0210 0A       		.byte	10
 558 0211 40       		.byte	64
 559 0212 0E       		.byte	14
 560 0213 50       		.byte	80
 561 0214 0F       		.byte	15
 562 0215 01       		.byte	1
 563 0216 10       		.byte	16
 564 0217 02       		.byte	2
 565 0218 13       		.byte	19
 566 0219 09       		.byte	9
 567 021a 15       		.byte	21
 568 021b 20       		.byte	32
 569 021c 17       		.byte	23
 570 021d 0A       		.byte	10
ARM GAS  C:\Users\giris\AppData\Local\Temp\ccuqW5jb.s 			page 11


 571 021e 19       		.byte	25
 572 021f 80       		.byte	-128
 573 0220 1A       		.byte	26
 574 0221 40       		.byte	64
 575 0222 1B       		.byte	27
 576 0223 10       		.byte	16
 577 0224 1C       		.byte	28
 578 0225 04       		.byte	4
 579 0226 1E       		.byte	30
 580 0227 10       		.byte	16
 581 0228 1F       		.byte	31
 582 0229 60       		.byte	96
 583 022a 20       		.byte	32
 584 022b 10       		.byte	16
 585 022c 21       		.byte	33
 586 022d 88       		.byte	-120
 587 022e 22       		.byte	34
 588 022f 02       		.byte	2
 589 0230 23       		.byte	35
 590 0231 04       		.byte	4
 591 0232 27       		.byte	39
 592 0233 2B       		.byte	43
 593 0234 29       		.byte	41
 594 0235 02       		.byte	2
 595 0236 2B       		.byte	43
 596 0237 18       		.byte	24
 597 0238 2E       		.byte	46
 598 0239 40       		.byte	64
 599 023a 2F       		.byte	47
 600 023b 20       		.byte	32
 601 023c 30       		.byte	48
 602 023d A8       		.byte	-88
 603 023e 37       		.byte	55
 604 023f 0A       		.byte	10
 605 0240 38       		.byte	56
 606 0241 10       		.byte	16
 607 0242 39       		.byte	57
 608 0243 02       		.byte	2
 609 0244 3B       		.byte	59
 610 0245 84       		.byte	-124
 611 0246 3C       		.byte	60
 612 0247 02       		.byte	2
 613 0248 3D       		.byte	61
 614 0249 08       		.byte	8
 615 024a 3F       		.byte	63
 616 024b 01       		.byte	1
 617 024c 42       		.byte	66
 618 024d 40       		.byte	64
 619 024e 43       		.byte	67
 620 024f 20       		.byte	32
 621 0250 47       		.byte	71
 622 0251 20       		.byte	32
 623 0252 48       		.byte	72
 624 0253 01       		.byte	1
 625 0254 4F       		.byte	79
 626 0255 01       		.byte	1
 627 0256 50       		.byte	80
ARM GAS  C:\Users\giris\AppData\Local\Temp\ccuqW5jb.s 			page 12


 628 0257 03       		.byte	3
 629 0258 51       		.byte	81
 630 0259 14       		.byte	20
 631 025a 55       		.byte	85
 632 025b 04       		.byte	4
 633 025c 56       		.byte	86
 634 025d 04       		.byte	4
 635 025e 58       		.byte	88
 636 025f 20       		.byte	32
 637 0260 59       		.byte	89
 638 0261 80       		.byte	-128
 639 0262 5A       		.byte	90
 640 0263 05       		.byte	5
 641 0264 C0       		.byte	-64
 642 0265 6D       		.byte	109
 643 0266 C2       		.byte	-62
 644 0267 B8       		.byte	-72
 645 0268 C4       		.byte	-60
 646 0269 7D       		.byte	125
 647 026a CA       		.byte	-54
 648 026b 57       		.byte	87
 649 026c CC       		.byte	-52
 650 026d CE       		.byte	-50
 651 026e CE       		.byte	-50
 652 026f CF       		.byte	-49
 653 0270 D0       		.byte	-48
 654 0271 25       		.byte	37
 655 0272 D2       		.byte	-46
 656 0273 08       		.byte	8
 657 0274 D6       		.byte	-42
 658 0275 0F       		.byte	15
 659 0276 EC       		.byte	-20
 660 0277 30       		.byte	48
 661 0278 EC       		.byte	-20
 662 0279 30       		.byte	48
 663 027a 33       		.byte	51
 664 027b 80       		.byte	-128
 665 027c 36       		.byte	54
 666 027d 20       		.byte	32
 667 027e 3F       		.byte	63
 668 027f 40       		.byte	64
 669 0280 CC       		.byte	-52
 670 0281 30       		.byte	48
 671 0282 CE       		.byte	-50
 672 0283 20       		.byte	32
 673 0284 86       		.byte	-122
 674 0285 20       		.byte	32
 675 0286 97       		.byte	-105
 676 0287 40       		.byte	64
 677 0288 A6       		.byte	-90
 678 0289 20       		.byte	32
 679 028a A7       		.byte	-89
 680 028b 80       		.byte	-128
 681 028c E6       		.byte	-26
 682 028d 40       		.byte	64
 683 028e 97       		.byte	-105
 684 028f 40       		.byte	64
ARM GAS  C:\Users\giris\AppData\Local\Temp\ccuqW5jb.s 			page 13


 685 0290 A7       		.byte	-89
 686 0291 80       		.byte	-128
 687 0292 11       		.byte	17
 688 0293 40       		.byte	64
 689 0294 97       		.byte	-105
 690 0295 40       		.byte	64
 691 0296 A7       		.byte	-89
 692 0297 80       		.byte	-128
 693 0298 C4       		.byte	-60
 694 0299 40       		.byte	64
 695 029a 7D       		.byte	125
 696 029b 20       		.byte	32
 697 029c DE       		.byte	-34
 698 029d 01       		.byte	1
 699 029e 01       		.byte	1
 700 029f 08       		.byte	8
 701 02a0 52       		.byte	82
 702 02a1 20       		.byte	32
 703 02a2 A9       		.byte	-87
 704 02a3 10       		.byte	16
 705 02a4 C0       		.byte	-64
 706 02a5 08       		.byte	8
 707 02a6 D4       		.byte	-44
 708 02a7 04       		.byte	4
 709 02a8 45       		.byte	69
 710 02a9 08       		.byte	8
 711 02aa AA       		.byte	-86
 712 02ab 20       		.byte	32
 713 02ac B5       		.byte	-75
 714 02ad 08       		.byte	8
 715 02ae D0       		.byte	-48
 716 02af 01       		.byte	1
 717 02b0 EA       		.byte	-22
 718 02b1 02       		.byte	2
 719 02b2 30       		.byte	48
 720 02b3 20       		.byte	32
 721 02b4 A5       		.byte	-91
 722 02b5 08       		.byte	8
 723 02b6 CC       		.byte	-52
 724 02b7 08       		.byte	8
 725 02b8 20       		.byte	32
 726 02b9 80       		.byte	-128
 727 02ba 23       		.byte	35
 728 02bb 40       		.byte	64
 729 02bc 25       		.byte	37
 730 02bd 10       		.byte	16
 731 02be 97       		.byte	-105
 732 02bf 40       		.byte	64
 733 02c0 A9       		.byte	-87
 734 02c1 40       		.byte	64
 735 02c2 AB       		.byte	-85
 736 02c3 80       		.byte	-128
 737 02c4 C8       		.byte	-56
 738 02c5 60       		.byte	96
 739 02c6 B0       		.byte	-80
 740 02c7 40       		.byte	64
 741 02c8 B5       		.byte	-75
ARM GAS  C:\Users\giris\AppData\Local\Temp\ccuqW5jb.s 			page 14


 742 02c9 10       		.byte	16
 743 02ca A4       		.byte	-92
 744 02cb 20       		.byte	32
 745 02cc A5       		.byte	-91
 746 02cd 08       		.byte	8
 747 02ce B0       		.byte	-80
 748 02cf 20       		.byte	32
 749 02d0 B5       		.byte	-75
 750 02d1 08       		.byte	8
 751 02d2 EC       		.byte	-20
 752 02d3 0C       		.byte	12
 753 02d4 00       		.byte	0
 754 02d5 04       		.byte	4
 755 02d6 0E       		.byte	14
 756 02d7 04       		.byte	4
 757 02d8 00       		.byte	0
 758 02d9 0E       		.byte	14
 759 02da 10       		.byte	16
 760 02db 02       		.byte	2
 761 02dc 01       		.byte	1
 762 02dd 00       		.byte	0
 763 02de 40       		.byte	64
 764 02df 03       		.byte	3
 765 02e0 02       		.byte	2
 766 02e1 FC       		.byte	-4
 767 02e2 40       		.byte	64
 768 02e3 00       		.byte	0
 769 02e4 03       		.byte	3
 770 02e5 FC       		.byte	-4
 771 02e6 80       		.byte	-128
 772 02e7 00       		.byte	0
 773 02e8 00       		.byte	0
 774 02e9 03       		.byte	3
 775 02ea 23       		.byte	35
 776 02eb 00       		.byte	0
 777 02ec 3F       		.byte	63
 778 02ed 00       		.byte	0
 779 02ee 00       		.byte	0
 780 02ef 00       		.byte	0
 781 02f0 3C       		.byte	60
 782 02f1 00       		.byte	0
 783 02f2 03       		.byte	3
 784 02f3 03       		.byte	3
 785 02f4 1F       		.byte	31
 786 02f5 00       		.byte	0
 787 02f6 20       		.byte	32
 788 02f7 03       		.byte	3
 789 02f8 33       		.byte	51
 790 02f9 80       		.byte	-128
 791 02fa 0C       		.byte	12
 792 02fb 00       		.byte	0
 793 02fc 08       		.byte	8
 794 02fd 25       		.byte	37
 795 02fe 00       		.byte	0
 796 02ff 48       		.byte	72
 797 0300 04       		.byte	4
 798 0301 52       		.byte	82
ARM GAS  C:\Users\giris\AppData\Local\Temp\ccuqW5jb.s 			page 15


 799 0302 00       		.byte	0
 800 0303 28       		.byte	40
 801 0304 0C       		.byte	12
 802 0305 03       		.byte	3
 803 0306 00       		.byte	0
 804 0307 00       		.byte	0
 805 0308 00       		.byte	0
 806 0309 0B       		.byte	11
 807 030a 00       		.byte	0
 808 030b 14       		.byte	20
 809 030c 10       		.byte	16
 810 030d 80       		.byte	-128
 811 030e 0F       		.byte	15
 812 030f 1C       		.byte	28
 813 0310 2C       		.byte	44
 814 0311 60       		.byte	96
 815 0312 C0       		.byte	-64
 816 0313 03       		.byte	3
 817 0314 00       		.byte	0
 818 0315 00       		.byte	0
 819 0316 08       		.byte	8
 820 0317 00       		.byte	0
 821 0318 00       		.byte	0
 822 0319 00       		.byte	0
 823 031a 41       		.byte	65
 824 031b 00       		.byte	0
 825 031c 34       		.byte	52
 826 031d 05       		.byte	5
 827 031e 06       		.byte	6
 828 031f 00       		.byte	0
 829 0320 01       		.byte	1
 830 0321 00       		.byte	0
 831 0322 C0       		.byte	-64
 832 0323 0E       		.byte	14
 833 0324 18       		.byte	24
 834 0325 FF       		.byte	-1
 835 0326 FF       		.byte	-1
 836 0327 FF       		.byte	-1
 837 0328 62       		.byte	98
 838 0329 A0       		.byte	-96
 839 032a F0       		.byte	-16
 840 032b 41       		.byte	65
 841 032c 0C       		.byte	12
 842 032d 00       		.byte	0
 843 032e 00       		.byte	0
 844 032f 00       		.byte	0
 845 0330 00       		.byte	0
 846 0331 00       		.byte	0
 847 0332 02       		.byte	2
 848 0333 13       		.byte	19
 849 0334 04       		.byte	4
 850 0335 04       		.byte	4
 851 0336 04       		.byte	4
 852 0337 04       		.byte	4
 853 0338 22       		.byte	34
 854 0339 22       		.byte	34
 855 033a 00       		.byte	0
ARM GAS  C:\Users\giris\AppData\Local\Temp\ccuqW5jb.s 			page 16


 856 033b 01       		.byte	1
 857 033c 00       		.byte	0
 858 033d 00       		.byte	0
 859 033e 00       		.byte	0
 860 033f 00       		.byte	0
 861 0340 00       		.byte	0
 862 0341 00       		.byte	0
 863 0342 40       		.byte	64
 864 0343 02       		.byte	2
 865 0344 00       		.byte	0
 866 0345 10       		.byte	16
 867 0346 30       		.byte	48
 868 0347 10       		.byte	16
 869 0348 00       		.byte	0
 870 0349 10       		.byte	16
 871 034a 10       		.byte	16
 872 034b 12       		.byte	18
 873 034c 00       		.byte	0
 874 034d 00       		.byte	0
 875 034e 00       		.byte	0
 876 034f 00       		.byte	0
 877 0350 00       		.byte	0
 878 0351 00       		.byte	0
 879 0352 00       		.byte	0
 880 0353 00       		.byte	0
 881 0354 00       		.byte	0
 882 0355 00       		.byte	0
 883 0356 00       		.byte	0
 884 0357 00       		.byte	0
 885 0358 00       		.byte	0
 886 0359 00       		.byte	0
 887 035a 00       		.byte	0
 888 035b 00       		.byte	0
 889 035c 00       		.byte	0
 890 035d 00       		.byte	0
 891 035e 00       		.byte	0
 892 035f 00       		.byte	0
 893 0360 00       		.byte	0
 894 0361 00       		.byte	0
 895 0362 30       		.byte	48
 896 0363 00       		.byte	0
 897 0364 04       		.byte	4
 898 0365 0B       		.byte	11
 899 0366 0B       		.byte	11
 900 0367 00       		.byte	0
 901 0368 00       		.byte	0
 902 0369 00       		.byte	0
 903 036a 00       		.byte	0
 904 036b 00       		.byte	0
 905 036c 82       		.byte	-126
 906 036d 00       		.byte	0
 907 036e 01       		.byte	1
 908 036f F2       		.byte	-14
 909 0370 72       		.byte	114
 910 0371 00       		.byte	0
 911 0372 02       		.byte	2
 912 0373 00       		.byte	0
ARM GAS  C:\Users\giris\AppData\Local\Temp\ccuqW5jb.s 			page 17


 913 0374 00       		.byte	0
 914 0375 00       		.byte	0
 915 0376 00       		.byte	0
 916 0377 00       		.byte	0
 917 0378 00       		.byte	0
 918 0379 80       		.byte	-128
 919 037a 80       		.byte	-128
 920 037b 00       		.byte	0
 921 037c 00       		.byte	0
 922 037d 00       		.byte	0
 923 037e 00       		.byte	0
 924 037f 00       		.byte	0
 925 0380 BB       		.byte	-69
 926 0381 00       		.byte	0
 927 0382 18       		.byte	24
 928 0383 01       		.byte	1
 929              		.section	.cywolatch,"a",%progbits
 930              		.align	2
 931              		.type	cy_meta_wonvl, %object
 932              		.size	cy_meta_wonvl, 4
 933              	cy_meta_wonvl:
 934 0000 BC       		.byte	-68
 935 0001 90       		.byte	-112
 936 0002 AC       		.byte	-84
 937 0003 AF       		.byte	-81
 938              		.section	.cycustnvl,"a",%progbits
 939              		.align	2
 940              		.type	cy_meta_custnvl, %object
 941              		.size	cy_meta_custnvl, 4
 942              	cy_meta_custnvl:
 943 0000 00       		.byte	0
 944 0001 00       		.byte	0
 945 0002 40       		.byte	64
 946 0003 05       		.byte	5
 947              		.section	.cymeta,"a",%progbits
 948              		.align	2
 949              		.type	cy_metadata, %object
 950              		.size	cy_metadata, 12
 951              	cy_metadata:
 952 0000 00       		.byte	0
 953 0001 01       		.byte	1
 954 0002 2E       		.byte	46
 955 0003 16       		.byte	22
 956 0004 00       		.byte	0
 957 0005 69       		.byte	105
 958 0006 00       		.byte	0
 959 0007 01       		.byte	1
 960 0008 00       		.byte	0
 961 0009 00       		.byte	0
 962 000a 00       		.byte	0
 963 000b 00       		.byte	0
 964              		.section	.cyflashprotect,"a",%progbits
 965              		.align	2
 966              		.type	cy_meta_flashprotect, %object
 967              		.size	cy_meta_flashprotect, 256
 968              	cy_meta_flashprotect:
 969 0000 00000000 		.space	256
ARM GAS  C:\Users\giris\AppData\Local\Temp\ccuqW5jb.s 			page 18


 969      00000000 
 969      00000000 
 969      00000000 
 969      00000000 
 970              		.text
 971              	.Letext0:
 972              		.file 1 "c:\\program files (x86)\\cypress\\psoc creator\\4.4\\psoc creator\\import\\gnu\\arm\\5.4.
 973              		.file 2 "c:\\program files (x86)\\cypress\\psoc creator\\4.4\\psoc creator\\import\\gnu\\arm\\5.4.
 974              		.file 3 "Generated_Source\\PSoC5\\cymetadata.c"
 975              		.section	.debug_info,"",%progbits
 976              	.Ldebug_info0:
 977 0000 31010000 		.4byte	0x131
 978 0004 0400     		.2byte	0x4
 979 0006 00000000 		.4byte	.Ldebug_abbrev0
 980 000a 04       		.byte	0x4
 981 000b 01       		.uleb128 0x1
 982 000c 24000000 		.4byte	.LASF17
 983 0010 0C       		.byte	0xc
 984 0011 C7010000 		.4byte	.LASF18
 985 0015 D7000000 		.4byte	.LASF19
 986 0019 00000000 		.4byte	.Ldebug_line0
 987 001d 02       		.uleb128 0x2
 988 001e 01       		.byte	0x1
 989 001f 06       		.byte	0x6
 990 0020 BB010000 		.4byte	.LASF0
 991 0024 03       		.uleb128 0x3
 992 0025 00000000 		.4byte	.LASF9
 993 0029 01       		.byte	0x1
 994 002a 1D       		.byte	0x1d
 995 002b 2F000000 		.4byte	0x2f
 996 002f 02       		.uleb128 0x2
 997 0030 01       		.byte	0x1
 998 0031 08       		.byte	0x8
 999 0032 16000000 		.4byte	.LASF1
 1000 0036 02       		.uleb128 0x2
 1001 0037 02       		.byte	0x2
 1002 0038 05       		.byte	0x5
 1003 0039 A8010000 		.4byte	.LASF2
 1004 003d 02       		.uleb128 0x2
 1005 003e 02       		.byte	0x2
 1006 003f 07       		.byte	0x7
 1007 0040 C4000000 		.4byte	.LASF3
 1008 0044 02       		.uleb128 0x2
 1009 0045 04       		.byte	0x4
 1010 0046 05       		.byte	0x5
 1011 0047 B2010000 		.4byte	.LASF4
 1012 004b 02       		.uleb128 0x2
 1013 004c 04       		.byte	0x4
 1014 004d 07       		.byte	0x7
 1015 004e B2000000 		.4byte	.LASF5
 1016 0052 02       		.uleb128 0x2
 1017 0053 08       		.byte	0x8
 1018 0054 05       		.byte	0x5
 1019 0055 9A010000 		.4byte	.LASF6
 1020 0059 02       		.uleb128 0x2
 1021 005a 08       		.byte	0x8
 1022 005b 07       		.byte	0x7
ARM GAS  C:\Users\giris\AppData\Local\Temp\ccuqW5jb.s 			page 19


 1023 005c 4F010000 		.4byte	.LASF7
 1024 0060 04       		.uleb128 0x4
 1025 0061 04       		.byte	0x4
 1026 0062 05       		.byte	0x5
 1027 0063 696E7400 		.ascii	"int\000"
 1028 0067 02       		.uleb128 0x2
 1029 0068 04       		.byte	0x4
 1030 0069 07       		.byte	0x7
 1031 006a 42010000 		.4byte	.LASF8
 1032 006e 03       		.uleb128 0x3
 1033 006f 66010000 		.4byte	.LASF10
 1034 0073 02       		.byte	0x2
 1035 0074 18       		.byte	0x18
 1036 0075 24000000 		.4byte	0x24
 1037 0079 05       		.uleb128 0x5
 1038 007a 91000000 		.4byte	0x91
 1039 007e 8A000000 		.4byte	0x8a
 1040 0082 06       		.uleb128 0x6
 1041 0083 8A000000 		.4byte	0x8a
 1042 0087 8303     		.2byte	0x383
 1043 0089 00       		.byte	0
 1044 008a 02       		.uleb128 0x2
 1045 008b 04       		.byte	0x4
 1046 008c 07       		.byte	0x7
 1047 008d 91010000 		.4byte	.LASF11
 1048 0091 07       		.uleb128 0x7
 1049 0092 6E000000 		.4byte	0x6e
 1050 0096 08       		.uleb128 0x8
 1051 0097 30010000 		.4byte	.LASF12
 1052 009b 03       		.byte	0x3
 1053 009c 1F       		.byte	0x1f
 1054 009d A7000000 		.4byte	0xa7
 1055 00a1 05       		.uleb128 0x5
 1056 00a2 03       		.byte	0x3
 1057 00a3 00000000 		.4byte	cy_meta_configecc
 1058 00a7 07       		.uleb128 0x7
 1059 00a8 79000000 		.4byte	0x79
 1060 00ac 05       		.uleb128 0x5
 1061 00ad 91000000 		.4byte	0x91
 1062 00b1 BC000000 		.4byte	0xbc
 1063 00b5 09       		.uleb128 0x9
 1064 00b6 8A000000 		.4byte	0x8a
 1065 00ba 03       		.byte	0x3
 1066 00bb 00       		.byte	0
 1067 00bc 08       		.uleb128 0x8
 1068 00bd 20010000 		.4byte	.LASF13
 1069 00c1 03       		.byte	0x3
 1070 00c2 9D       		.byte	0x9d
 1071 00c3 CD000000 		.4byte	0xcd
 1072 00c7 05       		.uleb128 0x5
 1073 00c8 03       		.byte	0x3
 1074 00c9 00000000 		.4byte	cy_meta_custnvl
 1075 00cd 07       		.uleb128 0x7
 1076 00ce AC000000 		.4byte	0xac
 1077 00d2 08       		.uleb128 0x8
 1078 00d3 83010000 		.4byte	.LASF14
 1079 00d7 03       		.byte	0x3
ARM GAS  C:\Users\giris\AppData\Local\Temp\ccuqW5jb.s 			page 20


 1080 00d8 AB       		.byte	0xab
 1081 00d9 E3000000 		.4byte	0xe3
 1082 00dd 05       		.uleb128 0x5
 1083 00de 03       		.byte	0x3
 1084 00df 00000000 		.4byte	cy_meta_wonvl
 1085 00e3 07       		.uleb128 0x7
 1086 00e4 AC000000 		.4byte	0xac
 1087 00e8 05       		.uleb128 0x5
 1088 00e9 91000000 		.4byte	0x91
 1089 00ed F8000000 		.4byte	0xf8
 1090 00f1 09       		.uleb128 0x9
 1091 00f2 8A000000 		.4byte	0x8a
 1092 00f6 FF       		.byte	0xff
 1093 00f7 00       		.byte	0
 1094 00f8 08       		.uleb128 0x8
 1095 00f9 6E010000 		.4byte	.LASF15
 1096 00fd 03       		.byte	0x3
 1097 00fe B9       		.byte	0xb9
 1098 00ff 09010000 		.4byte	0x109
 1099 0103 05       		.uleb128 0x5
 1100 0104 03       		.byte	0x3
 1101 0105 00000000 		.4byte	cy_meta_flashprotect
 1102 0109 07       		.uleb128 0x7
 1103 010a E8000000 		.4byte	0xe8
 1104 010e 05       		.uleb128 0x5
 1105 010f 91000000 		.4byte	0x91
 1106 0113 1E010000 		.4byte	0x11e
 1107 0117 09       		.uleb128 0x9
 1108 0118 8A000000 		.4byte	0x8a
 1109 011c 0B       		.byte	0xb
 1110 011d 00       		.byte	0
 1111 011e 08       		.uleb128 0x8
 1112 011f 0A000000 		.4byte	.LASF16
 1113 0123 03       		.byte	0x3
 1114 0124 E6       		.byte	0xe6
 1115 0125 2F010000 		.4byte	0x12f
 1116 0129 05       		.uleb128 0x5
 1117 012a 03       		.byte	0x3
 1118 012b 00000000 		.4byte	cy_metadata
 1119 012f 07       		.uleb128 0x7
 1120 0130 0E010000 		.4byte	0x10e
 1121 0134 00       		.byte	0
 1122              		.section	.debug_abbrev,"",%progbits
 1123              	.Ldebug_abbrev0:
 1124 0000 01       		.uleb128 0x1
 1125 0001 11       		.uleb128 0x11
 1126 0002 01       		.byte	0x1
 1127 0003 25       		.uleb128 0x25
 1128 0004 0E       		.uleb128 0xe
 1129 0005 13       		.uleb128 0x13
 1130 0006 0B       		.uleb128 0xb
 1131 0007 03       		.uleb128 0x3
 1132 0008 0E       		.uleb128 0xe
 1133 0009 1B       		.uleb128 0x1b
 1134 000a 0E       		.uleb128 0xe
 1135 000b 10       		.uleb128 0x10
 1136 000c 17       		.uleb128 0x17
ARM GAS  C:\Users\giris\AppData\Local\Temp\ccuqW5jb.s 			page 21


 1137 000d 00       		.byte	0
 1138 000e 00       		.byte	0
 1139 000f 02       		.uleb128 0x2
 1140 0010 24       		.uleb128 0x24
 1141 0011 00       		.byte	0
 1142 0012 0B       		.uleb128 0xb
 1143 0013 0B       		.uleb128 0xb
 1144 0014 3E       		.uleb128 0x3e
 1145 0015 0B       		.uleb128 0xb
 1146 0016 03       		.uleb128 0x3
 1147 0017 0E       		.uleb128 0xe
 1148 0018 00       		.byte	0
 1149 0019 00       		.byte	0
 1150 001a 03       		.uleb128 0x3
 1151 001b 16       		.uleb128 0x16
 1152 001c 00       		.byte	0
 1153 001d 03       		.uleb128 0x3
 1154 001e 0E       		.uleb128 0xe
 1155 001f 3A       		.uleb128 0x3a
 1156 0020 0B       		.uleb128 0xb
 1157 0021 3B       		.uleb128 0x3b
 1158 0022 0B       		.uleb128 0xb
 1159 0023 49       		.uleb128 0x49
 1160 0024 13       		.uleb128 0x13
 1161 0025 00       		.byte	0
 1162 0026 00       		.byte	0
 1163 0027 04       		.uleb128 0x4
 1164 0028 24       		.uleb128 0x24
 1165 0029 00       		.byte	0
 1166 002a 0B       		.uleb128 0xb
 1167 002b 0B       		.uleb128 0xb
 1168 002c 3E       		.uleb128 0x3e
 1169 002d 0B       		.uleb128 0xb
 1170 002e 03       		.uleb128 0x3
 1171 002f 08       		.uleb128 0x8
 1172 0030 00       		.byte	0
 1173 0031 00       		.byte	0
 1174 0032 05       		.uleb128 0x5
 1175 0033 01       		.uleb128 0x1
 1176 0034 01       		.byte	0x1
 1177 0035 49       		.uleb128 0x49
 1178 0036 13       		.uleb128 0x13
 1179 0037 01       		.uleb128 0x1
 1180 0038 13       		.uleb128 0x13
 1181 0039 00       		.byte	0
 1182 003a 00       		.byte	0
 1183 003b 06       		.uleb128 0x6
 1184 003c 21       		.uleb128 0x21
 1185 003d 00       		.byte	0
 1186 003e 49       		.uleb128 0x49
 1187 003f 13       		.uleb128 0x13
 1188 0040 2F       		.uleb128 0x2f
 1189 0041 05       		.uleb128 0x5
 1190 0042 00       		.byte	0
 1191 0043 00       		.byte	0
 1192 0044 07       		.uleb128 0x7
 1193 0045 26       		.uleb128 0x26
ARM GAS  C:\Users\giris\AppData\Local\Temp\ccuqW5jb.s 			page 22


 1194 0046 00       		.byte	0
 1195 0047 49       		.uleb128 0x49
 1196 0048 13       		.uleb128 0x13
 1197 0049 00       		.byte	0
 1198 004a 00       		.byte	0
 1199 004b 08       		.uleb128 0x8
 1200 004c 34       		.uleb128 0x34
 1201 004d 00       		.byte	0
 1202 004e 03       		.uleb128 0x3
 1203 004f 0E       		.uleb128 0xe
 1204 0050 3A       		.uleb128 0x3a
 1205 0051 0B       		.uleb128 0xb
 1206 0052 3B       		.uleb128 0x3b
 1207 0053 0B       		.uleb128 0xb
 1208 0054 49       		.uleb128 0x49
 1209 0055 13       		.uleb128 0x13
 1210 0056 3F       		.uleb128 0x3f
 1211 0057 19       		.uleb128 0x19
 1212 0058 02       		.uleb128 0x2
 1213 0059 18       		.uleb128 0x18
 1214 005a 00       		.byte	0
 1215 005b 00       		.byte	0
 1216 005c 09       		.uleb128 0x9
 1217 005d 21       		.uleb128 0x21
 1218 005e 00       		.byte	0
 1219 005f 49       		.uleb128 0x49
 1220 0060 13       		.uleb128 0x13
 1221 0061 2F       		.uleb128 0x2f
 1222 0062 0B       		.uleb128 0xb
 1223 0063 00       		.byte	0
 1224 0064 00       		.byte	0
 1225 0065 00       		.byte	0
 1226              		.section	.debug_aranges,"",%progbits
 1227 0000 14000000 		.4byte	0x14
 1228 0004 0200     		.2byte	0x2
 1229 0006 00000000 		.4byte	.Ldebug_info0
 1230 000a 04       		.byte	0x4
 1231 000b 00       		.byte	0
 1232 000c 0000     		.2byte	0
 1233 000e 0000     		.2byte	0
 1234 0010 00000000 		.4byte	0
 1235 0014 00000000 		.4byte	0
 1236              		.section	.debug_line,"",%progbits
 1237              	.Ldebug_line0:
 1238 0000 3D010000 		.section	.debug_str,"MS",%progbits,1
 1238      02003701 
 1238      00000201 
 1238      FB0E0D00 
 1238      01010101 
 1239              	.LASF9:
 1240 0000 5F5F7569 		.ascii	"__uint8_t\000"
 1240      6E74385F 
 1240      7400
 1241              	.LASF16:
 1242 000a 63795F6D 		.ascii	"cy_metadata\000"
 1242      65746164 
 1242      61746100 
ARM GAS  C:\Users\giris\AppData\Local\Temp\ccuqW5jb.s 			page 23


 1243              	.LASF1:
 1244 0016 756E7369 		.ascii	"unsigned char\000"
 1244      676E6564 
 1244      20636861 
 1244      7200
 1245              	.LASF17:
 1246 0024 474E5520 		.ascii	"GNU C11 5.4.1 20160609 (release) [ARM/embedded-5-br"
 1246      43313120 
 1246      352E342E 
 1246      31203230 
 1246      31363036 
 1247 0057 616E6368 		.ascii	"anch revision 237715] -mcpu=cortex-m3 -mthumb -g -O"
 1247      20726576 
 1247      6973696F 
 1247      6E203233 
 1247      37373135 
 1248 008a 67202D66 		.ascii	"g -ffunction-sections -ffat-lto-objects\000"
 1248      66756E63 
 1248      74696F6E 
 1248      2D736563 
 1248      74696F6E 
 1249              	.LASF5:
 1250 00b2 6C6F6E67 		.ascii	"long unsigned int\000"
 1250      20756E73 
 1250      69676E65 
 1250      6420696E 
 1250      7400
 1251              	.LASF3:
 1252 00c4 73686F72 		.ascii	"short unsigned int\000"
 1252      7420756E 
 1252      7369676E 
 1252      65642069 
 1252      6E7400
 1253              	.LASF19:
 1254 00d7 433A5C55 		.ascii	"C:\\Users\\giris\\OneDrive\\Documents\\PSoC Creator"
 1254      73657273 
 1254      5C676972 
 1254      69735C4F 
 1254      6E654472 
 1255 0105 5C534448 		.ascii	"\\SDHD\\MotionDetector.cydsn\000"
 1255      445C4D6F 
 1255      74696F6E 
 1255      44657465 
 1255      63746F72 
 1256              	.LASF13:
 1257 0120 63795F6D 		.ascii	"cy_meta_custnvl\000"
 1257      6574615F 
 1257      63757374 
 1257      6E766C00 
 1258              	.LASF12:
 1259 0130 63795F6D 		.ascii	"cy_meta_configecc\000"
 1259      6574615F 
 1259      636F6E66 
 1259      69676563 
 1259      6300
 1260              	.LASF8:
 1261 0142 756E7369 		.ascii	"unsigned int\000"
ARM GAS  C:\Users\giris\AppData\Local\Temp\ccuqW5jb.s 			page 24


 1261      676E6564 
 1261      20696E74 
 1261      00
 1262              	.LASF7:
 1263 014f 6C6F6E67 		.ascii	"long long unsigned int\000"
 1263      206C6F6E 
 1263      6720756E 
 1263      7369676E 
 1263      65642069 
 1264              	.LASF10:
 1265 0166 75696E74 		.ascii	"uint8_t\000"
 1265      385F7400 
 1266              	.LASF15:
 1267 016e 63795F6D 		.ascii	"cy_meta_flashprotect\000"
 1267      6574615F 
 1267      666C6173 
 1267      6870726F 
 1267      74656374 
 1268              	.LASF14:
 1269 0183 63795F6D 		.ascii	"cy_meta_wonvl\000"
 1269      6574615F 
 1269      776F6E76 
 1269      6C00
 1270              	.LASF11:
 1271 0191 73697A65 		.ascii	"sizetype\000"
 1271      74797065 
 1271      00
 1272              	.LASF6:
 1273 019a 6C6F6E67 		.ascii	"long long int\000"
 1273      206C6F6E 
 1273      6720696E 
 1273      7400
 1274              	.LASF2:
 1275 01a8 73686F72 		.ascii	"short int\000"
 1275      7420696E 
 1275      7400
 1276              	.LASF4:
 1277 01b2 6C6F6E67 		.ascii	"long int\000"
 1277      20696E74 
 1277      00
 1278              	.LASF0:
 1279 01bb 7369676E 		.ascii	"signed char\000"
 1279      65642063 
 1279      68617200 
 1280              	.LASF18:
 1281 01c7 47656E65 		.ascii	"Generated_Source\\PSoC5\\cymetadata.c\000"
 1281      72617465 
 1281      645F536F 
 1281      75726365 
 1281      5C50536F 
 1282              		.ident	"GCC: (GNU Tools for ARM Embedded Processors) 5.4.1 20160609 (release) [ARM/embedded-5-bran
