ARM GAS  C:\Users\giris\AppData\Local\Temp\ccfBJhDf.s 			page 1


   1              		.syntax unified
   2              		.cpu cortex-m3
   3              		.fpu softvfp
   4              		.eabi_attribute 20, 1
   5              		.eabi_attribute 21, 1
   6              		.eabi_attribute 23, 3
   7              		.eabi_attribute 24, 1
   8              		.eabi_attribute 25, 1
   9              		.eabi_attribute 26, 1
  10              		.eabi_attribute 30, 1
  11              		.eabi_attribute 34, 1
  12              		.eabi_attribute 18, 4
  13              		.thumb
  14              		.syntax unified
  15              		.file	"main.c"
  16              		.text
  17              	.Ltext0:
  18              		.cfi_sections	.debug_frame
  19              		.section	.text.isr_pushbutton,"ax",%progbits
  20              		.align	2
  21              		.global	isr_pushbutton
  22              		.thumb
  23              		.thumb_func
  24              		.type	isr_pushbutton, %function
  25              	isr_pushbutton:
  26              	.LFB63:
  27              		.file 1 "main.c"
   1:main.c        **** /* ========================================
   2:main.c        ****  *
   3:main.c        ****  * Copyright YOUR COMPANY, THE YEAR
   4:main.c        ****  * All Rights Reserved
   5:main.c        ****  * UNPUBLISHED, LICENSED SOFTWARE.
   6:main.c        ****  *
   7:main.c        ****  * CONFIDENTIAL AND PROPRIETARY INFORMATION
   8:main.c        ****  * WHICH IS THE PROPERTY OF your company.
   9:main.c        ****  *
  10:main.c        ****  * ========================================
  11:main.c        **** */
  12:main.c        **** #include "project.h"
  13:main.c        **** #include "common.h"
  14:main.c        **** 
  15:main.c        **** #include "stdlib.h"
  16:main.c        **** 
  17:main.c        **** typedef enum{
  18:main.c        ****     IDLE,
  19:main.c        ****     SAMPLING,
  20:main.c        ****     UARTTRANSFER
  21:main.c        **** } Test_States_t;
  22:main.c        **** 
  23:main.c        **** Test_States_t Test_state = IDLE;
  24:main.c        **** 
  25:main.c        **** static uint8_t test_count = 0;
  26:main.c        **** 
  27:main.c        **** uint16_t sampleArray[1024] = {0};
  28:main.c        **** uint16_t newDataADC[1024] = {0};
  29:main.c        **** 
  30:main.c        **** uint8_t lowByte = 0;
ARM GAS  C:\Users\giris\AppData\Local\Temp\ccfBJhDf.s 			page 2


  31:main.c        **** uint8_t highByte = 0;
  32:main.c        **** char ch;
  33:main.c        **** uint8_t sChRxd = 0;
  34:main.c        **** uint8_t oCharRxd = 0;
  35:main.c        **** 
  36:main.c        **** char buffer[100];
  37:main.c        **** 
  38:main.c        **** CY_ISR_PROTO(isr_pushbutton);
  39:main.c        **** CY_ISR_PROTO(isr_UART);
  40:main.c        **** 
  41:main.c        **** CY_ISR(isr_pushbutton)
  42:main.c        **** {
  28              		.loc 1 42 0
  29              		.cfi_startproc
  30              		@ args = 0, pretend = 0, frame = 0
  31              		@ frame_needed = 0, uses_anonymous_args = 0
  32 0000 08B5     		push	{r3, lr}
  33              		.cfi_def_cfa_offset 8
  34              		.cfi_offset 3, -8
  35              		.cfi_offset 14, -4
  43:main.c        ****     flagPB = 1;
  36              		.loc 1 43 0
  37 0002 0123     		movs	r3, #1
  38 0004 034A     		ldr	r2, .L3
  39 0006 1370     		strb	r3, [r2]
  44:main.c        ****     Test_state = SAMPLING;
  40              		.loc 1 44 0
  41 0008 034A     		ldr	r2, .L3+4
  42 000a 1370     		strb	r3, [r2]
  45:main.c        ****     Pin_1_ClearInterrupt();
  43              		.loc 1 45 0
  44 000c FFF7FEFF 		bl	Pin_1_ClearInterrupt
  45              	.LVL0:
  46 0010 08BD     		pop	{r3, pc}
  47              	.L4:
  48 0012 00BF     		.align	2
  49              	.L3:
  50 0014 00000000 		.word	flagPB
  51 0018 00000000 		.word	.LANCHOR0
  52              		.cfi_endproc
  53              	.LFE63:
  54              		.size	isr_pushbutton, .-isr_pushbutton
  55              		.section	.text.isr_UART,"ax",%progbits
  56              		.align	2
  57              		.global	isr_UART
  58              		.thumb
  59              		.thumb_func
  60              		.type	isr_UART, %function
  61              	isr_UART:
  62              	.LFB64:
  46:main.c        **** }
  47:main.c        **** 
  48:main.c        **** CY_ISR(isr_UART)
  49:main.c        **** {
  63              		.loc 1 49 0
  64              		.cfi_startproc
  65              		@ args = 0, pretend = 0, frame = 0
ARM GAS  C:\Users\giris\AppData\Local\Temp\ccfBJhDf.s 			page 3


  66              		@ frame_needed = 0, uses_anonymous_args = 0
  67 0000 08B5     		push	{r3, lr}
  68              		.cfi_def_cfa_offset 8
  69              		.cfi_offset 3, -8
  70              		.cfi_offset 14, -4
  50:main.c        ****     ch = UART_log_GetChar();
  71              		.loc 1 50 0
  72 0002 FFF7FEFF 		bl	UART_log_GetChar
  73              	.LVL1:
  74 0006 064B     		ldr	r3, .L9
  75 0008 1870     		strb	r0, [r3]
  51:main.c        ****     if('s'==ch)
  76              		.loc 1 51 0
  77 000a 7328     		cmp	r0, #115
  78 000c 02D1     		bne	.L6
  52:main.c        ****     {
  53:main.c        ****         sChRxd = 1;
  79              		.loc 1 53 0
  80 000e 0122     		movs	r2, #1
  81 0010 044B     		ldr	r3, .L9+4
  82 0012 5A70     		strb	r2, [r3, #1]
  83              	.L6:
  54:main.c        ****     }
  55:main.c        ****     if('o'==ch)
  84              		.loc 1 55 0
  85 0014 6F28     		cmp	r0, #111
  86 0016 02D1     		bne	.L5
  56:main.c        ****     {
  57:main.c        ****         oCharRxd = 1;
  87              		.loc 1 57 0
  88 0018 0122     		movs	r2, #1
  89 001a 024B     		ldr	r3, .L9+4
  90 001c 9A70     		strb	r2, [r3, #2]
  91              	.L5:
  92 001e 08BD     		pop	{r3, pc}
  93              	.L10:
  94              		.align	2
  95              	.L9:
  96 0020 00000000 		.word	ch
  97 0024 00000000 		.word	.LANCHOR0
  98              		.cfi_endproc
  99              	.LFE64:
 100              		.size	isr_UART, .-isr_UART
 101              		.section	.text.main,"ax",%progbits
 102              		.align	2
 103              		.global	main
 104              		.thumb
 105              		.thumb_func
 106              		.type	main, %function
 107              	main:
 108              	.LFB65:
  58:main.c        ****     }
  59:main.c        ****  }
  60:main.c        **** 
  61:main.c        **** 
  62:main.c        **** 
  63:main.c        **** int main(void)
ARM GAS  C:\Users\giris\AppData\Local\Temp\ccfBJhDf.s 			page 4


  64:main.c        **** {
 109              		.loc 1 64 0
 110              		.cfi_startproc
 111              		@ args = 0, pretend = 0, frame = 0
 112              		@ frame_needed = 0, uses_anonymous_args = 0
 113 0000 38B5     		push	{r3, r4, r5, lr}
 114              		.cfi_def_cfa_offset 16
 115              		.cfi_offset 3, -16
 116              		.cfi_offset 4, -12
 117              		.cfi_offset 5, -8
 118              		.cfi_offset 14, -4
  65:main.c        ****     CyGlobalIntEnable; /* Enable global interrupts. */
 119              		.loc 1 65 0
 120              		.syntax unified
 121              	@ 65 "main.c" 1
 122 0002 62B6     		CPSIE   i
 123              	@ 0 "" 2
  66:main.c        ****     
  67:main.c        ****     isr_pushbutton_StartEx(isr_pushbutton);
 124              		.loc 1 67 0
 125              		.thumb
 126              		.syntax unified
 127 0004 3748     		ldr	r0, .L24
 128 0006 FFF7FEFF 		bl	isr_pushbutton_StartEx
 129              	.LVL2:
  68:main.c        ****     isr_UART_StartEx(isr_UART);
 130              		.loc 1 68 0
 131 000a 3748     		ldr	r0, .L24+4
 132 000c FFF7FEFF 		bl	isr_UART_StartEx
 133              	.LVL3:
  69:main.c        ****     
  70:main.c        **** 
  71:main.c        ****     /* Place your initialization/startup code here (e.g. MyInst_Start()) */
  72:main.c        ****     
  73:main.c        ****     UART_log_Start();
 134              		.loc 1 73 0
 135 0010 FFF7FEFF 		bl	UART_log_Start
 136              	.LVL4:
  74:main.c        ****     DAC_Start();
 137              		.loc 1 74 0
 138 0014 FFF7FEFF 		bl	DAC_Start
 139              	.LVL5:
  75:main.c        ****     ADC_Start();
 140              		.loc 1 75 0
 141 0018 FFF7FEFF 		bl	ADC_Start
 142              	.LVL6:
  76:main.c        ****     ADC_StartConvert();
 143              		.loc 1 76 0
 144 001c FFF7FEFF 		bl	ADC_StartConvert
 145              	.LVL7:
 146              	.L13:
  77:main.c        ****     
  78:main.c        ****     for(;;)
  79:main.c        ****     {
  80:main.c        ****         /* Place your application code here. */
  81:main.c        ****         switch(Test_state)
 147              		.loc 1 81 0
ARM GAS  C:\Users\giris\AppData\Local\Temp\ccfBJhDf.s 			page 5


 148 0020 324B     		ldr	r3, .L24+8
 149 0022 1B78     		ldrb	r3, [r3]	@ zero_extendqisi2
 150 0024 012B     		cmp	r3, #1
 151 0026 10D0     		beq	.L14
 152 0028 13B1     		cbz	r3, .L15
 153 002a 022B     		cmp	r3, #2
 154 002c 41D0     		beq	.L22
 155 002e F7E7     		b	.L13
 156              	.L15:
  82:main.c        ****         {
  83:main.c        ****             case IDLE:
  84:main.c        ****             {
  85:main.c        ****                 test_count = 0;
 157              		.loc 1 85 0
 158 0030 2E4B     		ldr	r3, .L24+8
 159 0032 0022     		movs	r2, #0
 160 0034 DA70     		strb	r2, [r3, #3]
  86:main.c        ****                 Test_state = SAMPLING;
 161              		.loc 1 86 0
 162 0036 0122     		movs	r2, #1
 163 0038 1A70     		strb	r2, [r3]
  87:main.c        ****                 if(flagPB == 1)
 164              		.loc 1 87 0
 165 003a 2D4B     		ldr	r3, .L24+12
 166 003c 1B78     		ldrb	r3, [r3]	@ zero_extendqisi2
 167 003e 9342     		cmp	r3, r2
 168 0040 EED1     		bne	.L13
  88:main.c        ****                 {
  89:main.c        ****                     flagPB = 0;
 169              		.loc 1 89 0
 170 0042 0022     		movs	r2, #0
 171 0044 2A4B     		ldr	r3, .L24+12
 172 0046 1A70     		strb	r2, [r3]
 173 0048 EAE7     		b	.L13
 174              	.L14:
  90:main.c        ****                     Test_state = SAMPLING;
  91:main.c        ****                 }
  92:main.c        ****                 break;
  93:main.c        ****             }
  94:main.c        ****             
  95:main.c        ****             case SAMPLING:
  96:main.c        ****             {
  97:main.c        ****                 Power_LED_Write(1);
 175              		.loc 1 97 0
 176 004a 0120     		movs	r0, #1
 177 004c FFF7FEFF 		bl	Power_LED_Write
 178              	.LVL8:
 179              	.LBB2:
  98:main.c        ****                 for(int nData = 0; nData < 1024; nData++)
 180              		.loc 1 98 0
 181 0050 0024     		movs	r4, #0
 182 0052 15E0     		b	.L18
 183              	.LVL9:
 184              	.L19:
  99:main.c        ****                 {
 100:main.c        ****           
 101:main.c        ****                     ADC_IsEndConversion(ADC_WAIT_FOR_RESULT);
ARM GAS  C:\Users\giris\AppData\Local\Temp\ccfBJhDf.s 			page 6


 185              		.loc 1 101 0 discriminator 3
 186 0054 0020     		movs	r0, #0
 187 0056 FFF7FEFF 		bl	ADC_IsEndConversion
 188              	.LVL10:
 102:main.c        ****                     newDataADC[nData] = (uint16_t)ADC_GetResult32();
 189              		.loc 1 102 0 discriminator 3
 190 005a FFF7FEFF 		bl	ADC_GetResult32
 191              	.LVL11:
 192 005e 80B2     		uxth	r0, r0
 193 0060 224B     		ldr	r3, .L24+8
 194 0062 03EB4403 		add	r3, r3, r4, lsl #1
 195 0066 9880     		strh	r0, [r3, #4]	@ movhi
 103:main.c        ****                     //int32 ADC_result = ADC_GetResult32();
 104:main.c        ****                     itoa( newDataADC[nData], buffer, 10);
 196              		.loc 1 104 0 discriminator 3
 197 0068 224D     		ldr	r5, .L24+16
 198 006a 0A22     		movs	r2, #10
 199 006c 2946     		mov	r1, r5
 200 006e FFF7FEFF 		bl	itoa
 201              	.LVL12:
 105:main.c        ****                     UART_log_PutString(buffer);
 202              		.loc 1 105 0 discriminator 3
 203 0072 2846     		mov	r0, r5
 204 0074 FFF7FEFF 		bl	UART_log_PutString
 205              	.LVL13:
 106:main.c        ****                     UART_log_PutString("\n");
 206              		.loc 1 106 0 discriminator 3
 207 0078 1F48     		ldr	r0, .L24+20
 208 007a FFF7FEFF 		bl	UART_log_PutString
 209              	.LVL14:
  98:main.c        ****                 {
 210              		.loc 1 98 0 discriminator 3
 211 007e 0134     		adds	r4, r4, #1
 212              	.LVL15:
 213              	.L18:
  98:main.c        ****                 {
 214              		.loc 1 98 0 is_stmt 0 discriminator 1
 215 0080 B4F5806F 		cmp	r4, #1024
 216 0084 E6DB     		blt	.L19
 217              	.LBE2:
 107:main.c        ****                 }
 108:main.c        ****                 
 109:main.c        ****                 if(sChRxd)//if('s' == UART_log_GetChar())
 218              		.loc 1 109 0 is_stmt 1
 219 0086 194B     		ldr	r3, .L24+8
 220 0088 5B78     		ldrb	r3, [r3, #1]	@ zero_extendqisi2
 221 008a 002B     		cmp	r3, #0
 222 008c C8D0     		beq	.L13
 110:main.c        ****                 {
 111:main.c        ****                     Test_state = UARTTRANSFER;
 223              		.loc 1 111 0
 224 008e 174B     		ldr	r3, .L24+8
 225 0090 0222     		movs	r2, #2
 226 0092 1A70     		strb	r2, [r3]
 112:main.c        ****                     sChRxd=0;
 227              		.loc 1 112 0
 228 0094 0022     		movs	r2, #0
ARM GAS  C:\Users\giris\AppData\Local\Temp\ccfBJhDf.s 			page 7


 229 0096 5A70     		strb	r2, [r3, #1]
 230 0098 C2E7     		b	.L13
 231              	.LVL16:
 232              	.L20:
 233              	.LBB3:
 113:main.c        ****                 }
 114:main.c        ****                 break;
 115:main.c        ****             }
 116:main.c        ****             
 117:main.c        ****             case UARTTRANSFER:
 118:main.c        ****             {
 119:main.c        ****                 for(int nData = 0; nData < 1024; nData++)
 120:main.c        ****                 {
 121:main.c        ****                 
 122:main.c        ****                     UART_log_PutChar(newDataADC[nData]);
 234              		.loc 1 122 0 discriminator 3
 235 009a 144C     		ldr	r4, .L24+8
 236 009c 04EB4504 		add	r4, r4, r5, lsl #1
 237 00a0 2079     		ldrb	r0, [r4, #4]	@ zero_extendqisi2
 238 00a2 FFF7FEFF 		bl	UART_log_PutChar
 239              	.LVL17:
 123:main.c        ****                     UART_log_PutChar(newDataADC[nData]>>8);
 240              		.loc 1 123 0 discriminator 3
 241 00a6 A088     		ldrh	r0, [r4, #4]
 242 00a8 000A     		lsrs	r0, r0, #8
 243 00aa FFF7FEFF 		bl	UART_log_PutChar
 244              	.LVL18:
 119:main.c        ****                 {
 245              		.loc 1 119 0 discriminator 3
 246 00ae 0135     		adds	r5, r5, #1
 247              	.LVL19:
 248 00b0 00E0     		b	.L16
 249              	.LVL20:
 250              	.L22:
 251              	.LBE3:
  81:main.c        ****         {
 252              		.loc 1 81 0
 253 00b2 0025     		movs	r5, #0
 254              	.L16:
 255              	.LVL21:
 256              	.LBB4:
 119:main.c        ****                 {
 257              		.loc 1 119 0 discriminator 1
 258 00b4 B5F5806F 		cmp	r5, #1024
 259 00b8 EFDB     		blt	.L20
 260              	.LBE4:
 124:main.c        ****                 }
 125:main.c        ****                 test_count++;
 261              		.loc 1 125 0
 262 00ba 0C4A     		ldr	r2, .L24+8
 263 00bc D378     		ldrb	r3, [r2, #3]	@ zero_extendqisi2
 264 00be 0133     		adds	r3, r3, #1
 265 00c0 DBB2     		uxtb	r3, r3
 266 00c2 D370     		strb	r3, [r2, #3]
 126:main.c        ****              
 127:main.c        ****                 
 128:main.c        ****                 if(oCharRxd && (test_count>=10)) //if(('o' == UART_log_GetChar()) && (test_count >=
ARM GAS  C:\Users\giris\AppData\Local\Temp\ccfBJhDf.s 			page 8


 267              		.loc 1 128 0
 268 00c4 9278     		ldrb	r2, [r2, #2]	@ zero_extendqisi2
 269 00c6 32B1     		cbz	r2, .L21
 270              		.loc 1 128 0 is_stmt 0 discriminator 1
 271 00c8 092B     		cmp	r3, #9
 272 00ca 04D9     		bls	.L21
 129:main.c        ****                 {
 130:main.c        ****                     Test_state = IDLE;
 273              		.loc 1 130 0 is_stmt 1
 274 00cc 074B     		ldr	r3, .L24+8
 275 00ce 0022     		movs	r2, #0
 276 00d0 1A70     		strb	r2, [r3]
 131:main.c        ****                     oCharRxd=0;
 277              		.loc 1 131 0
 278 00d2 9A70     		strb	r2, [r3, #2]
 279 00d4 A4E7     		b	.L13
 280              	.L21:
 132:main.c        ****                 }
 133:main.c        ****                 else
 134:main.c        ****                 {
 135:main.c        ****                     Test_state = SAMPLING;
 281              		.loc 1 135 0
 282 00d6 054B     		ldr	r3, .L24+8
 283 00d8 0122     		movs	r2, #1
 284 00da 1A70     		strb	r2, [r3]
 136:main.c        ****                     oCharRxd=0;
 285              		.loc 1 136 0
 286 00dc 0022     		movs	r2, #0
 287 00de 9A70     		strb	r2, [r3, #2]
 288 00e0 9EE7     		b	.L13
 289              	.L25:
 290 00e2 00BF     		.align	2
 291              	.L24:
 292 00e4 00000000 		.word	isr_pushbutton
 293 00e8 00000000 		.word	isr_UART
 294 00ec 00000000 		.word	.LANCHOR0
 295 00f0 00000000 		.word	flagPB
 296 00f4 00000000 		.word	buffer
 297 00f8 00000000 		.word	.LC0
 298              		.cfi_endproc
 299              	.LFE65:
 300              		.size	main, .-main
 301              		.comm	buffer,100,4
 302              		.global	oCharRxd
 303              		.global	sChRxd
 304              		.comm	ch,1,1
 305              		.global	highByte
 306              		.global	lowByte
 307              		.global	newDataADC
 308              		.global	sampleArray
 309              		.global	Test_state
 310              		.section	.rodata.str1.4,"aMS",%progbits,1
 311              		.align	2
 312              	.LC0:
 313 0000 0A00     		.ascii	"\012\000"
 314              		.bss
 315              		.align	2
ARM GAS  C:\Users\giris\AppData\Local\Temp\ccfBJhDf.s 			page 9


 316              		.set	.LANCHOR0,. + 0
 317              		.type	Test_state, %object
 318              		.size	Test_state, 1
 319              	Test_state:
 320 0000 00       		.space	1
 321              		.type	sChRxd, %object
 322              		.size	sChRxd, 1
 323              	sChRxd:
 324 0001 00       		.space	1
 325              		.type	oCharRxd, %object
 326              		.size	oCharRxd, 1
 327              	oCharRxd:
 328 0002 00       		.space	1
 329              		.type	test_count, %object
 330              		.size	test_count, 1
 331              	test_count:
 332 0003 00       		.space	1
 333              		.type	newDataADC, %object
 334              		.size	newDataADC, 2048
 335              	newDataADC:
 336 0004 00000000 		.space	2048
 336      00000000 
 336      00000000 
 336      00000000 
 336      00000000 
 337              		.type	highByte, %object
 338              		.size	highByte, 1
 339              	highByte:
 340 0804 00       		.space	1
 341              		.type	lowByte, %object
 342              		.size	lowByte, 1
 343              	lowByte:
 344 0805 00       		.space	1
 345 0806 0000     		.space	2
 346              		.type	sampleArray, %object
 347              		.size	sampleArray, 2048
 348              	sampleArray:
 349 0808 00000000 		.space	2048
 349      00000000 
 349      00000000 
 349      00000000 
 349      00000000 
 350              		.text
 351              	.Letext0:
 352              		.file 2 "c:\\program files (x86)\\cypress\\psoc creator\\4.4\\psoc creator\\import\\gnu\\arm\\5.4.
 353              		.file 3 "c:\\program files (x86)\\cypress\\psoc creator\\4.4\\psoc creator\\import\\gnu\\arm\\5.4.
 354              		.file 4 "Generated_Source\\PSoC5/core_cm3.h"
 355              		.file 5 "common.h"
 356              		.file 6 "Generated_Source\\PSoC5/Pin_1.h"
 357              		.file 7 "Generated_Source\\PSoC5/UART_log.h"
 358              		.file 8 "Generated_Source\\PSoC5/ADC.h"
 359              		.file 9 "c:\\program files (x86)\\cypress\\psoc creator\\4.4\\psoc creator\\import\\gnu\\arm\\5.4.
 360              		.file 10 "Generated_Source\\PSoC5/isr_pushbutton.h"
 361              		.file 11 "Generated_Source\\PSoC5/isr_UART.h"
 362              		.file 12 "Generated_Source\\PSoC5/DAC.h"
 363              		.file 13 "Generated_Source\\PSoC5/Power_LED.h"
 364              		.section	.debug_info,"",%progbits
ARM GAS  C:\Users\giris\AppData\Local\Temp\ccfBJhDf.s 			page 10


 365              	.Ldebug_info0:
 366 0000 D4030000 		.4byte	0x3d4
 367 0004 0400     		.2byte	0x4
 368 0006 00000000 		.4byte	.Ldebug_abbrev0
 369 000a 04       		.byte	0x4
 370 000b 01       		.uleb128 0x1
 371 000c 8D000000 		.4byte	.LASF52
 372 0010 0C       		.byte	0xc
 373 0011 A4020000 		.4byte	.LASF53
 374 0015 85010000 		.4byte	.LASF54
 375 0019 18000000 		.4byte	.Ldebug_ranges0+0x18
 376 001d 00000000 		.4byte	0
 377 0021 00000000 		.4byte	.Ldebug_line0
 378 0025 02       		.uleb128 0x2
 379 0026 01       		.byte	0x1
 380 0027 06       		.byte	0x6
 381 0028 0D030000 		.4byte	.LASF0
 382 002c 03       		.uleb128 0x3
 383 002d 0E000000 		.4byte	.LASF3
 384 0031 02       		.byte	0x2
 385 0032 1D       		.byte	0x1d
 386 0033 37000000 		.4byte	0x37
 387 0037 02       		.uleb128 0x2
 388 0038 01       		.byte	0x1
 389 0039 08       		.byte	0x8
 390 003a 7F000000 		.4byte	.LASF1
 391 003e 02       		.uleb128 0x2
 392 003f 02       		.byte	0x2
 393 0040 05       		.byte	0x5
 394 0041 C2020000 		.4byte	.LASF2
 395 0045 03       		.uleb128 0x3
 396 0046 EC010000 		.4byte	.LASF4
 397 004a 02       		.byte	0x2
 398 004b 2B       		.byte	0x2b
 399 004c 50000000 		.4byte	0x50
 400 0050 02       		.uleb128 0x2
 401 0051 02       		.byte	0x2
 402 0052 07       		.byte	0x7
 403 0053 5E010000 		.4byte	.LASF5
 404 0057 03       		.uleb128 0x3
 405 0058 18000000 		.4byte	.LASF6
 406 005c 02       		.byte	0x2
 407 005d 3F       		.byte	0x3f
 408 005e 62000000 		.4byte	0x62
 409 0062 02       		.uleb128 0x2
 410 0063 04       		.byte	0x4
 411 0064 05       		.byte	0x5
 412 0065 F3020000 		.4byte	.LASF7
 413 0069 02       		.uleb128 0x2
 414 006a 04       		.byte	0x4
 415 006b 07       		.byte	0x7
 416 006c F7010000 		.4byte	.LASF8
 417 0070 02       		.uleb128 0x2
 418 0071 08       		.byte	0x8
 419 0072 05       		.byte	0x5
 420 0073 00000000 		.4byte	.LASF9
 421 0077 02       		.uleb128 0x2
ARM GAS  C:\Users\giris\AppData\Local\Temp\ccfBJhDf.s 			page 11


 422 0078 08       		.byte	0x8
 423 0079 07       		.byte	0x7
 424 007a 33020000 		.4byte	.LASF10
 425 007e 04       		.uleb128 0x4
 426 007f 04       		.byte	0x4
 427 0080 05       		.byte	0x5
 428 0081 696E7400 		.ascii	"int\000"
 429 0085 02       		.uleb128 0x2
 430 0086 04       		.byte	0x4
 431 0087 07       		.byte	0x7
 432 0088 26020000 		.4byte	.LASF11
 433 008c 03       		.uleb128 0x3
 434 008d 2B000000 		.4byte	.LASF12
 435 0091 03       		.byte	0x3
 436 0092 18       		.byte	0x18
 437 0093 2C000000 		.4byte	0x2c
 438 0097 03       		.uleb128 0x3
 439 0098 D3020000 		.4byte	.LASF13
 440 009c 03       		.byte	0x3
 441 009d 24       		.byte	0x24
 442 009e 45000000 		.4byte	0x45
 443 00a2 03       		.uleb128 0x3
 444 00a3 7F020000 		.4byte	.LASF14
 445 00a7 03       		.byte	0x3
 446 00a8 2C       		.byte	0x2c
 447 00a9 57000000 		.4byte	0x57
 448 00ad 02       		.uleb128 0x2
 449 00ae 04       		.byte	0x4
 450 00af 04       		.byte	0x4
 451 00b0 5B000000 		.4byte	.LASF15
 452 00b4 02       		.uleb128 0x2
 453 00b5 08       		.byte	0x8
 454 00b6 04       		.byte	0x4
 455 00b7 38000000 		.4byte	.LASF16
 456 00bb 02       		.uleb128 0x2
 457 00bc 01       		.byte	0x1
 458 00bd 08       		.byte	0x8
 459 00be FC020000 		.4byte	.LASF17
 460 00c2 02       		.uleb128 0x2
 461 00c3 08       		.byte	0x8
 462 00c4 04       		.byte	0x4
 463 00c5 01030000 		.4byte	.LASF18
 464 00c9 02       		.uleb128 0x2
 465 00ca 04       		.byte	0x4
 466 00cb 07       		.byte	0x7
 467 00cc 87020000 		.4byte	.LASF19
 468 00d0 05       		.uleb128 0x5
 469 00d1 01       		.byte	0x1
 470 00d2 37000000 		.4byte	0x37
 471 00d6 01       		.byte	0x1
 472 00d7 11       		.byte	0x11
 473 00d8 EF000000 		.4byte	0xef
 474 00dc 06       		.uleb128 0x6
 475 00dd 33000000 		.4byte	.LASF20
 476 00e1 00       		.byte	0
 477 00e2 06       		.uleb128 0x6
 478 00e3 1D020000 		.4byte	.LASF21
ARM GAS  C:\Users\giris\AppData\Local\Temp\ccfBJhDf.s 			page 12


 479 00e7 01       		.byte	0x1
 480 00e8 06       		.uleb128 0x6
 481 00e9 2A030000 		.4byte	.LASF22
 482 00ed 02       		.byte	0x2
 483 00ee 00       		.byte	0
 484 00ef 03       		.uleb128 0x3
 485 00f0 71000000 		.4byte	.LASF23
 486 00f4 01       		.byte	0x1
 487 00f5 15       		.byte	0x15
 488 00f6 D0000000 		.4byte	0xd0
 489 00fa 07       		.uleb128 0x7
 490 00fb 09020000 		.4byte	.LASF24
 491 00ff 01       		.byte	0x1
 492 0100 29       		.byte	0x29
 493 0101 00000000 		.4byte	.LFB63
 494 0105 1C000000 		.4byte	.LFE63-.LFB63
 495 0109 01       		.uleb128 0x1
 496 010a 9C       		.byte	0x9c
 497 010b 19010000 		.4byte	0x119
 498 010f 08       		.uleb128 0x8
 499 0110 10000000 		.4byte	.LVL0
 500 0114 3D030000 		.4byte	0x33d
 501 0118 00       		.byte	0
 502 0119 07       		.uleb128 0x7
 503 011a 22000000 		.4byte	.LASF25
 504 011e 01       		.byte	0x1
 505 011f 30       		.byte	0x30
 506 0120 00000000 		.4byte	.LFB64
 507 0124 28000000 		.4byte	.LFE64-.LFB64
 508 0128 01       		.uleb128 0x1
 509 0129 9C       		.byte	0x9c
 510 012a 38010000 		.4byte	0x138
 511 012e 08       		.uleb128 0x8
 512 012f 06000000 		.4byte	.LVL1
 513 0133 48030000 		.4byte	0x348
 514 0137 00       		.byte	0
 515 0138 09       		.uleb128 0x9
 516 0139 18020000 		.4byte	.LASF55
 517 013d 01       		.byte	0x1
 518 013e 3F       		.byte	0x3f
 519 013f 7E000000 		.4byte	0x7e
 520 0143 00000000 		.4byte	.LFB65
 521 0147 FC000000 		.4byte	.LFE65-.LFB65
 522 014b 01       		.uleb128 0x1
 523 014c 9C       		.byte	0x9c
 524 014d 57020000 		.4byte	0x257
 525 0151 0A       		.uleb128 0xa
 526 0152 50000000 		.4byte	.LBB2
 527 0156 36000000 		.4byte	.LBE2-.LBB2
 528 015a CA010000 		.4byte	0x1ca
 529 015e 0B       		.uleb128 0xb
 530 015f AB020000 		.4byte	.LASF26
 531 0163 01       		.byte	0x1
 532 0164 62       		.byte	0x62
 533 0165 7E000000 		.4byte	0x7e
 534 0169 00000000 		.4byte	.LLST0
 535 016d 0C       		.uleb128 0xc
ARM GAS  C:\Users\giris\AppData\Local\Temp\ccfBJhDf.s 			page 13


 536 016e 5A000000 		.4byte	.LVL10
 537 0172 53030000 		.4byte	0x353
 538 0176 80010000 		.4byte	0x180
 539 017a 0D       		.uleb128 0xd
 540 017b 01       		.uleb128 0x1
 541 017c 50       		.byte	0x50
 542 017d 01       		.uleb128 0x1
 543 017e 30       		.byte	0x30
 544 017f 00       		.byte	0
 545 0180 08       		.uleb128 0x8
 546 0181 5E000000 		.4byte	.LVL11
 547 0185 5E030000 		.4byte	0x35e
 548 0189 0C       		.uleb128 0xc
 549 018a 72000000 		.4byte	.LVL12
 550 018e 69030000 		.4byte	0x369
 551 0192 A2010000 		.4byte	0x1a2
 552 0196 0D       		.uleb128 0xd
 553 0197 01       		.uleb128 0x1
 554 0198 51       		.byte	0x51
 555 0199 02       		.uleb128 0x2
 556 019a 75       		.byte	0x75
 557 019b 00       		.sleb128 0
 558 019c 0D       		.uleb128 0xd
 559 019d 01       		.uleb128 0x1
 560 019e 52       		.byte	0x52
 561 019f 01       		.uleb128 0x1
 562 01a0 3A       		.byte	0x3a
 563 01a1 00       		.byte	0
 564 01a2 0C       		.uleb128 0xc
 565 01a3 78000000 		.4byte	.LVL13
 566 01a7 74030000 		.4byte	0x374
 567 01ab B6010000 		.4byte	0x1b6
 568 01af 0D       		.uleb128 0xd
 569 01b0 01       		.uleb128 0x1
 570 01b1 50       		.byte	0x50
 571 01b2 02       		.uleb128 0x2
 572 01b3 75       		.byte	0x75
 573 01b4 00       		.sleb128 0
 574 01b5 00       		.byte	0
 575 01b6 0E       		.uleb128 0xe
 576 01b7 7E000000 		.4byte	.LVL14
 577 01bb 74030000 		.4byte	0x374
 578 01bf 0D       		.uleb128 0xd
 579 01c0 01       		.uleb128 0x1
 580 01c1 50       		.byte	0x50
 581 01c2 05       		.uleb128 0x5
 582 01c3 03       		.byte	0x3
 583 01c4 00000000 		.4byte	.LC0
 584 01c8 00       		.byte	0
 585 01c9 00       		.byte	0
 586 01ca 0F       		.uleb128 0xf
 587 01cb 00000000 		.4byte	.Ldebug_ranges0+0
 588 01cf F5010000 		.4byte	0x1f5
 589 01d3 0B       		.uleb128 0xb
 590 01d4 AB020000 		.4byte	.LASF26
 591 01d8 01       		.byte	0x1
 592 01d9 77       		.byte	0x77
ARM GAS  C:\Users\giris\AppData\Local\Temp\ccfBJhDf.s 			page 14


 593 01da 7E000000 		.4byte	0x7e
 594 01de 1F000000 		.4byte	.LLST1
 595 01e2 08       		.uleb128 0x8
 596 01e3 A6000000 		.4byte	.LVL17
 597 01e7 7F030000 		.4byte	0x37f
 598 01eb 08       		.uleb128 0x8
 599 01ec AE000000 		.4byte	.LVL18
 600 01f0 7F030000 		.4byte	0x37f
 601 01f4 00       		.byte	0
 602 01f5 0C       		.uleb128 0xc
 603 01f6 0A000000 		.4byte	.LVL2
 604 01fa 8A030000 		.4byte	0x38a
 605 01fe 0C020000 		.4byte	0x20c
 606 0202 0D       		.uleb128 0xd
 607 0203 01       		.uleb128 0x1
 608 0204 50       		.byte	0x50
 609 0205 05       		.uleb128 0x5
 610 0206 03       		.byte	0x3
 611 0207 00000000 		.4byte	isr_pushbutton
 612 020b 00       		.byte	0
 613 020c 0C       		.uleb128 0xc
 614 020d 10000000 		.4byte	.LVL3
 615 0211 95030000 		.4byte	0x395
 616 0215 23020000 		.4byte	0x223
 617 0219 0D       		.uleb128 0xd
 618 021a 01       		.uleb128 0x1
 619 021b 50       		.byte	0x50
 620 021c 05       		.uleb128 0x5
 621 021d 03       		.byte	0x3
 622 021e 00000000 		.4byte	isr_UART
 623 0222 00       		.byte	0
 624 0223 08       		.uleb128 0x8
 625 0224 14000000 		.4byte	.LVL4
 626 0228 A0030000 		.4byte	0x3a0
 627 022c 08       		.uleb128 0x8
 628 022d 18000000 		.4byte	.LVL5
 629 0231 AB030000 		.4byte	0x3ab
 630 0235 08       		.uleb128 0x8
 631 0236 1C000000 		.4byte	.LVL6
 632 023a B6030000 		.4byte	0x3b6
 633 023e 08       		.uleb128 0x8
 634 023f 20000000 		.4byte	.LVL7
 635 0243 C1030000 		.4byte	0x3c1
 636 0247 0E       		.uleb128 0xe
 637 0248 50000000 		.4byte	.LVL8
 638 024c CC030000 		.4byte	0x3cc
 639 0250 0D       		.uleb128 0xd
 640 0251 01       		.uleb128 0x1
 641 0252 50       		.byte	0x50
 642 0253 01       		.uleb128 0x1
 643 0254 31       		.byte	0x31
 644 0255 00       		.byte	0
 645 0256 00       		.byte	0
 646 0257 10       		.uleb128 0x10
 647 0258 50000000 		.4byte	.LASF27
 648 025c 01       		.byte	0x1
 649 025d 19       		.byte	0x19
ARM GAS  C:\Users\giris\AppData\Local\Temp\ccfBJhDf.s 			page 15


 650 025e 8C000000 		.4byte	0x8c
 651 0262 05       		.uleb128 0x5
 652 0263 03       		.byte	0x3
 653 0264 03000000 		.4byte	test_count
 654 0268 11       		.uleb128 0x11
 655 0269 71010000 		.4byte	.LASF28
 656 026d 04       		.byte	0x4
 657 026e 1207     		.2byte	0x712
 658 0270 74020000 		.4byte	0x274
 659 0274 12       		.uleb128 0x12
 660 0275 A2000000 		.4byte	0xa2
 661 0279 13       		.uleb128 0x13
 662 027a DC020000 		.4byte	.LASF29
 663 027e 05       		.byte	0x5
 664 027f 0E       		.byte	0xe
 665 0280 8C000000 		.4byte	0x8c
 666 0284 14       		.uleb128 0x14
 667 0285 90020000 		.4byte	.LASF30
 668 0289 01       		.byte	0x1
 669 028a 17       		.byte	0x17
 670 028b EF000000 		.4byte	0xef
 671 028f 05       		.uleb128 0x5
 672 0290 03       		.byte	0x3
 673 0291 00000000 		.4byte	Test_state
 674 0295 15       		.uleb128 0x15
 675 0296 97000000 		.4byte	0x97
 676 029a A6020000 		.4byte	0x2a6
 677 029e 16       		.uleb128 0x16
 678 029f C9000000 		.4byte	0xc9
 679 02a3 FF03     		.2byte	0x3ff
 680 02a5 00       		.byte	0
 681 02a6 14       		.uleb128 0x14
 682 02a7 4A020000 		.4byte	.LASF31
 683 02ab 01       		.byte	0x1
 684 02ac 1B       		.byte	0x1b
 685 02ad 95020000 		.4byte	0x295
 686 02b1 05       		.uleb128 0x5
 687 02b2 03       		.byte	0x3
 688 02b3 00000000 		.4byte	sampleArray
 689 02b7 14       		.uleb128 0x14
 690 02b8 3F010000 		.4byte	.LASF32
 691 02bc 01       		.byte	0x1
 692 02bd 1C       		.byte	0x1c
 693 02be 95020000 		.4byte	0x295
 694 02c2 05       		.uleb128 0x5
 695 02c3 03       		.byte	0x3
 696 02c4 00000000 		.4byte	newDataADC
 697 02c8 14       		.uleb128 0x14
 698 02c9 77020000 		.4byte	.LASF33
 699 02cd 01       		.byte	0x1
 700 02ce 1E       		.byte	0x1e
 701 02cf 8C000000 		.4byte	0x8c
 702 02d3 05       		.uleb128 0x5
 703 02d4 03       		.byte	0x3
 704 02d5 00000000 		.4byte	lowByte
 705 02d9 14       		.uleb128 0x14
 706 02da 37030000 		.4byte	.LASF34
ARM GAS  C:\Users\giris\AppData\Local\Temp\ccfBJhDf.s 			page 16


 707 02de 01       		.byte	0x1
 708 02df 1F       		.byte	0x1f
 709 02e0 8C000000 		.4byte	0x8c
 710 02e4 05       		.uleb128 0x5
 711 02e5 03       		.byte	0x3
 712 02e6 00000000 		.4byte	highByte
 713 02ea 17       		.uleb128 0x17
 714 02eb 636800   		.ascii	"ch\000"
 715 02ee 01       		.byte	0x1
 716 02ef 20       		.byte	0x20
 717 02f0 BB000000 		.4byte	0xbb
 718 02f4 05       		.uleb128 0x5
 719 02f5 03       		.byte	0x3
 720 02f6 00000000 		.4byte	ch
 721 02fa 14       		.uleb128 0x14
 722 02fb 7E010000 		.4byte	.LASF35
 723 02ff 01       		.byte	0x1
 724 0300 21       		.byte	0x21
 725 0301 8C000000 		.4byte	0x8c
 726 0305 05       		.uleb128 0x5
 727 0306 03       		.byte	0x3
 728 0307 00000000 		.4byte	sChRxd
 729 030b 14       		.uleb128 0x14
 730 030c 9B020000 		.4byte	.LASF36
 731 0310 01       		.byte	0x1
 732 0311 22       		.byte	0x22
 733 0312 8C000000 		.4byte	0x8c
 734 0316 05       		.uleb128 0x5
 735 0317 03       		.byte	0x3
 736 0318 00000000 		.4byte	oCharRxd
 737 031c 15       		.uleb128 0x15
 738 031d BB000000 		.4byte	0xbb
 739 0321 2C030000 		.4byte	0x32c
 740 0325 18       		.uleb128 0x18
 741 0326 C9000000 		.4byte	0xc9
 742 032a 63       		.byte	0x63
 743 032b 00       		.byte	0
 744 032c 14       		.uleb128 0x14
 745 032d CC020000 		.4byte	.LASF37
 746 0331 01       		.byte	0x1
 747 0332 24       		.byte	0x24
 748 0333 1C030000 		.4byte	0x31c
 749 0337 05       		.uleb128 0x5
 750 0338 03       		.byte	0x3
 751 0339 00000000 		.4byte	buffer
 752 033d 19       		.uleb128 0x19
 753 033e 40030000 		.4byte	.LASF38
 754 0342 40030000 		.4byte	.LASF38
 755 0346 06       		.byte	0x6
 756 0347 2B       		.byte	0x2b
 757 0348 19       		.uleb128 0x19
 758 0349 B1020000 		.4byte	.LASF39
 759 034d B1020000 		.4byte	.LASF39
 760 0351 07       		.byte	0x7
 761 0352 71       		.byte	0x71
 762 0353 19       		.uleb128 0x19
 763 0354 CE010000 		.4byte	.LASF40
ARM GAS  C:\Users\giris\AppData\Local\Temp\ccfBJhDf.s 			page 17


 764 0358 CE010000 		.4byte	.LASF40
 765 035c 08       		.byte	0x8
 766 035d 3F       		.byte	0x3f
 767 035e 19       		.uleb128 0x19
 768 035f 61000000 		.4byte	.LASF41
 769 0363 61000000 		.4byte	.LASF41
 770 0367 08       		.byte	0x8
 771 0368 42       		.byte	0x42
 772 0369 19       		.uleb128 0x19
 773 036a 59010000 		.4byte	.LASF42
 774 036e 59010000 		.4byte	.LASF42
 775 0372 09       		.byte	0x9
 776 0373 CB       		.byte	0xcb
 777 0374 19       		.uleb128 0x19
 778 0375 2C010000 		.4byte	.LASF43
 779 0379 2C010000 		.4byte	.LASF43
 780 037d 07       		.byte	0x7
 781 037e 8B       		.byte	0x8b
 782 037f 19       		.uleb128 0x19
 783 0380 3F000000 		.4byte	.LASF44
 784 0384 3F000000 		.4byte	.LASF44
 785 0388 07       		.byte	0x7
 786 0389 8A       		.byte	0x8a
 787 038a 19       		.uleb128 0x19
 788 038b 60020000 		.4byte	.LASF45
 789 038f 60020000 		.4byte	.LASF45
 790 0393 0A       		.byte	0xa
 791 0394 18       		.byte	0x18
 792 0395 19       		.uleb128 0x19
 793 0396 19030000 		.4byte	.LASF46
 794 039a 19030000 		.4byte	.LASF46
 795 039e 0B       		.byte	0xb
 796 039f 18       		.byte	0x18
 797 03a0 19       		.uleb128 0x19
 798 03a1 4A010000 		.4byte	.LASF47
 799 03a5 4A010000 		.4byte	.LASF47
 800 03a9 07       		.byte	0x7
 801 03aa 54       		.byte	0x54
 802 03ab 19       		.uleb128 0x19
 803 03ac E2010000 		.4byte	.LASF48
 804 03b0 E2010000 		.4byte	.LASF48
 805 03b4 0C       		.byte	0xc
 806 03b5 67       		.byte	0x67
 807 03b6 19       		.uleb128 0x19
 808 03b7 56020000 		.4byte	.LASF49
 809 03bb 56020000 		.4byte	.LASF49
 810 03bf 08       		.byte	0x8
 811 03c0 3A       		.byte	0x3a
 812 03c1 19       		.uleb128 0x19
 813 03c2 1B010000 		.4byte	.LASF50
 814 03c6 1B010000 		.4byte	.LASF50
 815 03ca 08       		.byte	0x8
 816 03cb 3D       		.byte	0x3d
 817 03cc 19       		.uleb128 0x19
 818 03cd E3020000 		.4byte	.LASF51
 819 03d1 E3020000 		.4byte	.LASF51
 820 03d5 0D       		.byte	0xd
ARM GAS  C:\Users\giris\AppData\Local\Temp\ccfBJhDf.s 			page 18


 821 03d6 26       		.byte	0x26
 822 03d7 00       		.byte	0
 823              		.section	.debug_abbrev,"",%progbits
 824              	.Ldebug_abbrev0:
 825 0000 01       		.uleb128 0x1
 826 0001 11       		.uleb128 0x11
 827 0002 01       		.byte	0x1
 828 0003 25       		.uleb128 0x25
 829 0004 0E       		.uleb128 0xe
 830 0005 13       		.uleb128 0x13
 831 0006 0B       		.uleb128 0xb
 832 0007 03       		.uleb128 0x3
 833 0008 0E       		.uleb128 0xe
 834 0009 1B       		.uleb128 0x1b
 835 000a 0E       		.uleb128 0xe
 836 000b 55       		.uleb128 0x55
 837 000c 17       		.uleb128 0x17
 838 000d 11       		.uleb128 0x11
 839 000e 01       		.uleb128 0x1
 840 000f 10       		.uleb128 0x10
 841 0010 17       		.uleb128 0x17
 842 0011 00       		.byte	0
 843 0012 00       		.byte	0
 844 0013 02       		.uleb128 0x2
 845 0014 24       		.uleb128 0x24
 846 0015 00       		.byte	0
 847 0016 0B       		.uleb128 0xb
 848 0017 0B       		.uleb128 0xb
 849 0018 3E       		.uleb128 0x3e
 850 0019 0B       		.uleb128 0xb
 851 001a 03       		.uleb128 0x3
 852 001b 0E       		.uleb128 0xe
 853 001c 00       		.byte	0
 854 001d 00       		.byte	0
 855 001e 03       		.uleb128 0x3
 856 001f 16       		.uleb128 0x16
 857 0020 00       		.byte	0
 858 0021 03       		.uleb128 0x3
 859 0022 0E       		.uleb128 0xe
 860 0023 3A       		.uleb128 0x3a
 861 0024 0B       		.uleb128 0xb
 862 0025 3B       		.uleb128 0x3b
 863 0026 0B       		.uleb128 0xb
 864 0027 49       		.uleb128 0x49
 865 0028 13       		.uleb128 0x13
 866 0029 00       		.byte	0
 867 002a 00       		.byte	0
 868 002b 04       		.uleb128 0x4
 869 002c 24       		.uleb128 0x24
 870 002d 00       		.byte	0
 871 002e 0B       		.uleb128 0xb
 872 002f 0B       		.uleb128 0xb
 873 0030 3E       		.uleb128 0x3e
 874 0031 0B       		.uleb128 0xb
 875 0032 03       		.uleb128 0x3
 876 0033 08       		.uleb128 0x8
 877 0034 00       		.byte	0
ARM GAS  C:\Users\giris\AppData\Local\Temp\ccfBJhDf.s 			page 19


 878 0035 00       		.byte	0
 879 0036 05       		.uleb128 0x5
 880 0037 04       		.uleb128 0x4
 881 0038 01       		.byte	0x1
 882 0039 0B       		.uleb128 0xb
 883 003a 0B       		.uleb128 0xb
 884 003b 49       		.uleb128 0x49
 885 003c 13       		.uleb128 0x13
 886 003d 3A       		.uleb128 0x3a
 887 003e 0B       		.uleb128 0xb
 888 003f 3B       		.uleb128 0x3b
 889 0040 0B       		.uleb128 0xb
 890 0041 01       		.uleb128 0x1
 891 0042 13       		.uleb128 0x13
 892 0043 00       		.byte	0
 893 0044 00       		.byte	0
 894 0045 06       		.uleb128 0x6
 895 0046 28       		.uleb128 0x28
 896 0047 00       		.byte	0
 897 0048 03       		.uleb128 0x3
 898 0049 0E       		.uleb128 0xe
 899 004a 1C       		.uleb128 0x1c
 900 004b 0B       		.uleb128 0xb
 901 004c 00       		.byte	0
 902 004d 00       		.byte	0
 903 004e 07       		.uleb128 0x7
 904 004f 2E       		.uleb128 0x2e
 905 0050 01       		.byte	0x1
 906 0051 3F       		.uleb128 0x3f
 907 0052 19       		.uleb128 0x19
 908 0053 03       		.uleb128 0x3
 909 0054 0E       		.uleb128 0xe
 910 0055 3A       		.uleb128 0x3a
 911 0056 0B       		.uleb128 0xb
 912 0057 3B       		.uleb128 0x3b
 913 0058 0B       		.uleb128 0xb
 914 0059 27       		.uleb128 0x27
 915 005a 19       		.uleb128 0x19
 916 005b 11       		.uleb128 0x11
 917 005c 01       		.uleb128 0x1
 918 005d 12       		.uleb128 0x12
 919 005e 06       		.uleb128 0x6
 920 005f 40       		.uleb128 0x40
 921 0060 18       		.uleb128 0x18
 922 0061 9742     		.uleb128 0x2117
 923 0063 19       		.uleb128 0x19
 924 0064 01       		.uleb128 0x1
 925 0065 13       		.uleb128 0x13
 926 0066 00       		.byte	0
 927 0067 00       		.byte	0
 928 0068 08       		.uleb128 0x8
 929 0069 898201   		.uleb128 0x4109
 930 006c 00       		.byte	0
 931 006d 11       		.uleb128 0x11
 932 006e 01       		.uleb128 0x1
 933 006f 31       		.uleb128 0x31
 934 0070 13       		.uleb128 0x13
ARM GAS  C:\Users\giris\AppData\Local\Temp\ccfBJhDf.s 			page 20


 935 0071 00       		.byte	0
 936 0072 00       		.byte	0
 937 0073 09       		.uleb128 0x9
 938 0074 2E       		.uleb128 0x2e
 939 0075 01       		.byte	0x1
 940 0076 3F       		.uleb128 0x3f
 941 0077 19       		.uleb128 0x19
 942 0078 03       		.uleb128 0x3
 943 0079 0E       		.uleb128 0xe
 944 007a 3A       		.uleb128 0x3a
 945 007b 0B       		.uleb128 0xb
 946 007c 3B       		.uleb128 0x3b
 947 007d 0B       		.uleb128 0xb
 948 007e 27       		.uleb128 0x27
 949 007f 19       		.uleb128 0x19
 950 0080 49       		.uleb128 0x49
 951 0081 13       		.uleb128 0x13
 952 0082 8701     		.uleb128 0x87
 953 0084 19       		.uleb128 0x19
 954 0085 11       		.uleb128 0x11
 955 0086 01       		.uleb128 0x1
 956 0087 12       		.uleb128 0x12
 957 0088 06       		.uleb128 0x6
 958 0089 40       		.uleb128 0x40
 959 008a 18       		.uleb128 0x18
 960 008b 9742     		.uleb128 0x2117
 961 008d 19       		.uleb128 0x19
 962 008e 01       		.uleb128 0x1
 963 008f 13       		.uleb128 0x13
 964 0090 00       		.byte	0
 965 0091 00       		.byte	0
 966 0092 0A       		.uleb128 0xa
 967 0093 0B       		.uleb128 0xb
 968 0094 01       		.byte	0x1
 969 0095 11       		.uleb128 0x11
 970 0096 01       		.uleb128 0x1
 971 0097 12       		.uleb128 0x12
 972 0098 06       		.uleb128 0x6
 973 0099 01       		.uleb128 0x1
 974 009a 13       		.uleb128 0x13
 975 009b 00       		.byte	0
 976 009c 00       		.byte	0
 977 009d 0B       		.uleb128 0xb
 978 009e 34       		.uleb128 0x34
 979 009f 00       		.byte	0
 980 00a0 03       		.uleb128 0x3
 981 00a1 0E       		.uleb128 0xe
 982 00a2 3A       		.uleb128 0x3a
 983 00a3 0B       		.uleb128 0xb
 984 00a4 3B       		.uleb128 0x3b
 985 00a5 0B       		.uleb128 0xb
 986 00a6 49       		.uleb128 0x49
 987 00a7 13       		.uleb128 0x13
 988 00a8 02       		.uleb128 0x2
 989 00a9 17       		.uleb128 0x17
 990 00aa 00       		.byte	0
 991 00ab 00       		.byte	0
ARM GAS  C:\Users\giris\AppData\Local\Temp\ccfBJhDf.s 			page 21


 992 00ac 0C       		.uleb128 0xc
 993 00ad 898201   		.uleb128 0x4109
 994 00b0 01       		.byte	0x1
 995 00b1 11       		.uleb128 0x11
 996 00b2 01       		.uleb128 0x1
 997 00b3 31       		.uleb128 0x31
 998 00b4 13       		.uleb128 0x13
 999 00b5 01       		.uleb128 0x1
 1000 00b6 13       		.uleb128 0x13
 1001 00b7 00       		.byte	0
 1002 00b8 00       		.byte	0
 1003 00b9 0D       		.uleb128 0xd
 1004 00ba 8A8201   		.uleb128 0x410a
 1005 00bd 00       		.byte	0
 1006 00be 02       		.uleb128 0x2
 1007 00bf 18       		.uleb128 0x18
 1008 00c0 9142     		.uleb128 0x2111
 1009 00c2 18       		.uleb128 0x18
 1010 00c3 00       		.byte	0
 1011 00c4 00       		.byte	0
 1012 00c5 0E       		.uleb128 0xe
 1013 00c6 898201   		.uleb128 0x4109
 1014 00c9 01       		.byte	0x1
 1015 00ca 11       		.uleb128 0x11
 1016 00cb 01       		.uleb128 0x1
 1017 00cc 31       		.uleb128 0x31
 1018 00cd 13       		.uleb128 0x13
 1019 00ce 00       		.byte	0
 1020 00cf 00       		.byte	0
 1021 00d0 0F       		.uleb128 0xf
 1022 00d1 0B       		.uleb128 0xb
 1023 00d2 01       		.byte	0x1
 1024 00d3 55       		.uleb128 0x55
 1025 00d4 17       		.uleb128 0x17
 1026 00d5 01       		.uleb128 0x1
 1027 00d6 13       		.uleb128 0x13
 1028 00d7 00       		.byte	0
 1029 00d8 00       		.byte	0
 1030 00d9 10       		.uleb128 0x10
 1031 00da 34       		.uleb128 0x34
 1032 00db 00       		.byte	0
 1033 00dc 03       		.uleb128 0x3
 1034 00dd 0E       		.uleb128 0xe
 1035 00de 3A       		.uleb128 0x3a
 1036 00df 0B       		.uleb128 0xb
 1037 00e0 3B       		.uleb128 0x3b
 1038 00e1 0B       		.uleb128 0xb
 1039 00e2 49       		.uleb128 0x49
 1040 00e3 13       		.uleb128 0x13
 1041 00e4 02       		.uleb128 0x2
 1042 00e5 18       		.uleb128 0x18
 1043 00e6 00       		.byte	0
 1044 00e7 00       		.byte	0
 1045 00e8 11       		.uleb128 0x11
 1046 00e9 34       		.uleb128 0x34
 1047 00ea 00       		.byte	0
 1048 00eb 03       		.uleb128 0x3
ARM GAS  C:\Users\giris\AppData\Local\Temp\ccfBJhDf.s 			page 22


 1049 00ec 0E       		.uleb128 0xe
 1050 00ed 3A       		.uleb128 0x3a
 1051 00ee 0B       		.uleb128 0xb
 1052 00ef 3B       		.uleb128 0x3b
 1053 00f0 05       		.uleb128 0x5
 1054 00f1 49       		.uleb128 0x49
 1055 00f2 13       		.uleb128 0x13
 1056 00f3 3F       		.uleb128 0x3f
 1057 00f4 19       		.uleb128 0x19
 1058 00f5 3C       		.uleb128 0x3c
 1059 00f6 19       		.uleb128 0x19
 1060 00f7 00       		.byte	0
 1061 00f8 00       		.byte	0
 1062 00f9 12       		.uleb128 0x12
 1063 00fa 35       		.uleb128 0x35
 1064 00fb 00       		.byte	0
 1065 00fc 49       		.uleb128 0x49
 1066 00fd 13       		.uleb128 0x13
 1067 00fe 00       		.byte	0
 1068 00ff 00       		.byte	0
 1069 0100 13       		.uleb128 0x13
 1070 0101 34       		.uleb128 0x34
 1071 0102 00       		.byte	0
 1072 0103 03       		.uleb128 0x3
 1073 0104 0E       		.uleb128 0xe
 1074 0105 3A       		.uleb128 0x3a
 1075 0106 0B       		.uleb128 0xb
 1076 0107 3B       		.uleb128 0x3b
 1077 0108 0B       		.uleb128 0xb
 1078 0109 49       		.uleb128 0x49
 1079 010a 13       		.uleb128 0x13
 1080 010b 3F       		.uleb128 0x3f
 1081 010c 19       		.uleb128 0x19
 1082 010d 3C       		.uleb128 0x3c
 1083 010e 19       		.uleb128 0x19
 1084 010f 00       		.byte	0
 1085 0110 00       		.byte	0
 1086 0111 14       		.uleb128 0x14
 1087 0112 34       		.uleb128 0x34
 1088 0113 00       		.byte	0
 1089 0114 03       		.uleb128 0x3
 1090 0115 0E       		.uleb128 0xe
 1091 0116 3A       		.uleb128 0x3a
 1092 0117 0B       		.uleb128 0xb
 1093 0118 3B       		.uleb128 0x3b
 1094 0119 0B       		.uleb128 0xb
 1095 011a 49       		.uleb128 0x49
 1096 011b 13       		.uleb128 0x13
 1097 011c 3F       		.uleb128 0x3f
 1098 011d 19       		.uleb128 0x19
 1099 011e 02       		.uleb128 0x2
 1100 011f 18       		.uleb128 0x18
 1101 0120 00       		.byte	0
 1102 0121 00       		.byte	0
 1103 0122 15       		.uleb128 0x15
 1104 0123 01       		.uleb128 0x1
 1105 0124 01       		.byte	0x1
ARM GAS  C:\Users\giris\AppData\Local\Temp\ccfBJhDf.s 			page 23


 1106 0125 49       		.uleb128 0x49
 1107 0126 13       		.uleb128 0x13
 1108 0127 01       		.uleb128 0x1
 1109 0128 13       		.uleb128 0x13
 1110 0129 00       		.byte	0
 1111 012a 00       		.byte	0
 1112 012b 16       		.uleb128 0x16
 1113 012c 21       		.uleb128 0x21
 1114 012d 00       		.byte	0
 1115 012e 49       		.uleb128 0x49
 1116 012f 13       		.uleb128 0x13
 1117 0130 2F       		.uleb128 0x2f
 1118 0131 05       		.uleb128 0x5
 1119 0132 00       		.byte	0
 1120 0133 00       		.byte	0
 1121 0134 17       		.uleb128 0x17
 1122 0135 34       		.uleb128 0x34
 1123 0136 00       		.byte	0
 1124 0137 03       		.uleb128 0x3
 1125 0138 08       		.uleb128 0x8
 1126 0139 3A       		.uleb128 0x3a
 1127 013a 0B       		.uleb128 0xb
 1128 013b 3B       		.uleb128 0x3b
 1129 013c 0B       		.uleb128 0xb
 1130 013d 49       		.uleb128 0x49
 1131 013e 13       		.uleb128 0x13
 1132 013f 3F       		.uleb128 0x3f
 1133 0140 19       		.uleb128 0x19
 1134 0141 02       		.uleb128 0x2
 1135 0142 18       		.uleb128 0x18
 1136 0143 00       		.byte	0
 1137 0144 00       		.byte	0
 1138 0145 18       		.uleb128 0x18
 1139 0146 21       		.uleb128 0x21
 1140 0147 00       		.byte	0
 1141 0148 49       		.uleb128 0x49
 1142 0149 13       		.uleb128 0x13
 1143 014a 2F       		.uleb128 0x2f
 1144 014b 0B       		.uleb128 0xb
 1145 014c 00       		.byte	0
 1146 014d 00       		.byte	0
 1147 014e 19       		.uleb128 0x19
 1148 014f 2E       		.uleb128 0x2e
 1149 0150 00       		.byte	0
 1150 0151 3F       		.uleb128 0x3f
 1151 0152 19       		.uleb128 0x19
 1152 0153 3C       		.uleb128 0x3c
 1153 0154 19       		.uleb128 0x19
 1154 0155 6E       		.uleb128 0x6e
 1155 0156 0E       		.uleb128 0xe
 1156 0157 03       		.uleb128 0x3
 1157 0158 0E       		.uleb128 0xe
 1158 0159 3A       		.uleb128 0x3a
 1159 015a 0B       		.uleb128 0xb
 1160 015b 3B       		.uleb128 0x3b
 1161 015c 0B       		.uleb128 0xb
 1162 015d 00       		.byte	0
ARM GAS  C:\Users\giris\AppData\Local\Temp\ccfBJhDf.s 			page 24


 1163 015e 00       		.byte	0
 1164 015f 00       		.byte	0
 1165              		.section	.debug_loc,"",%progbits
 1166              	.Ldebug_loc0:
 1167              	.LLST0:
 1168 0000 50000000 		.4byte	.LVL8
 1169 0004 54000000 		.4byte	.LVL9
 1170 0008 0200     		.2byte	0x2
 1171 000a 30       		.byte	0x30
 1172 000b 9F       		.byte	0x9f
 1173 000c 54000000 		.4byte	.LVL9
 1174 0010 9A000000 		.4byte	.LVL16
 1175 0014 0100     		.2byte	0x1
 1176 0016 54       		.byte	0x54
 1177 0017 00000000 		.4byte	0
 1178 001b 00000000 		.4byte	0
 1179              	.LLST1:
 1180 001f 9A000000 		.4byte	.LVL16
 1181 0023 B2000000 		.4byte	.LVL20
 1182 0027 0100     		.2byte	0x1
 1183 0029 55       		.byte	0x55
 1184 002a B4000000 		.4byte	.LVL21
 1185 002e FC000000 		.4byte	.LFE65
 1186 0032 0100     		.2byte	0x1
 1187 0034 55       		.byte	0x55
 1188 0035 00000000 		.4byte	0
 1189 0039 00000000 		.4byte	0
 1190              		.section	.debug_aranges,"",%progbits
 1191 0000 2C000000 		.4byte	0x2c
 1192 0004 0200     		.2byte	0x2
 1193 0006 00000000 		.4byte	.Ldebug_info0
 1194 000a 04       		.byte	0x4
 1195 000b 00       		.byte	0
 1196 000c 0000     		.2byte	0
 1197 000e 0000     		.2byte	0
 1198 0010 00000000 		.4byte	.LFB63
 1199 0014 1C000000 		.4byte	.LFE63-.LFB63
 1200 0018 00000000 		.4byte	.LFB64
 1201 001c 28000000 		.4byte	.LFE64-.LFB64
 1202 0020 00000000 		.4byte	.LFB65
 1203 0024 FC000000 		.4byte	.LFE65-.LFB65
 1204 0028 00000000 		.4byte	0
 1205 002c 00000000 		.4byte	0
 1206              		.section	.debug_ranges,"",%progbits
 1207              	.Ldebug_ranges0:
 1208 0000 9A000000 		.4byte	.LBB3
 1209 0004 B2000000 		.4byte	.LBE3
 1210 0008 B4000000 		.4byte	.LBB4
 1211 000c BA000000 		.4byte	.LBE4
 1212 0010 00000000 		.4byte	0
 1213 0014 00000000 		.4byte	0
 1214 0018 00000000 		.4byte	.LFB63
 1215 001c 1C000000 		.4byte	.LFE63
 1216 0020 00000000 		.4byte	.LFB64
 1217 0024 28000000 		.4byte	.LFE64
 1218 0028 00000000 		.4byte	.LFB65
 1219 002c FC000000 		.4byte	.LFE65
ARM GAS  C:\Users\giris\AppData\Local\Temp\ccfBJhDf.s 			page 25


 1220 0030 00000000 		.4byte	0
 1221 0034 00000000 		.4byte	0
 1222              		.section	.debug_line,"",%progbits
 1223              	.Ldebug_line0:
 1224 0000 B8020000 		.section	.debug_str,"MS",%progbits,1
 1224      02001B02 
 1224      00000201 
 1224      FB0E0D00 
 1224      01010101 
 1225              	.LASF9:
 1226 0000 6C6F6E67 		.ascii	"long long int\000"
 1226      206C6F6E 
 1226      6720696E 
 1226      7400
 1227              	.LASF3:
 1228 000e 5F5F7569 		.ascii	"__uint8_t\000"
 1228      6E74385F 
 1228      7400
 1229              	.LASF6:
 1230 0018 5F5F696E 		.ascii	"__int32_t\000"
 1230      7433325F 
 1230      7400
 1231              	.LASF25:
 1232 0022 6973725F 		.ascii	"isr_UART\000"
 1232      55415254 
 1232      00
 1233              	.LASF12:
 1234 002b 75696E74 		.ascii	"uint8_t\000"
 1234      385F7400 
 1235              	.LASF20:
 1236 0033 49444C45 		.ascii	"IDLE\000"
 1236      00
 1237              	.LASF16:
 1238 0038 646F7562 		.ascii	"double\000"
 1238      6C6500
 1239              	.LASF44:
 1240 003f 55415254 		.ascii	"UART_log_PutChar\000"
 1240      5F6C6F67 
 1240      5F507574 
 1240      43686172 
 1240      00
 1241              	.LASF27:
 1242 0050 74657374 		.ascii	"test_count\000"
 1242      5F636F75 
 1242      6E7400
 1243              	.LASF15:
 1244 005b 666C6F61 		.ascii	"float\000"
 1244      7400
 1245              	.LASF41:
 1246 0061 4144435F 		.ascii	"ADC_GetResult32\000"
 1246      47657452 
 1246      6573756C 
 1246      74333200 
 1247              	.LASF23:
 1248 0071 54657374 		.ascii	"Test_States_t\000"
 1248      5F537461 
 1248      7465735F 
ARM GAS  C:\Users\giris\AppData\Local\Temp\ccfBJhDf.s 			page 26


 1248      7400
 1249              	.LASF1:
 1250 007f 756E7369 		.ascii	"unsigned char\000"
 1250      676E6564 
 1250      20636861 
 1250      7200
 1251              	.LASF52:
 1252 008d 474E5520 		.ascii	"GNU C11 5.4.1 20160609 (release) [ARM/embedded-5-br"
 1252      43313120 
 1252      352E342E 
 1252      31203230 
 1252      31363036 
 1253 00c0 616E6368 		.ascii	"anch revision 237715] -mcpu=cortex-m3 -mthumb -g -O"
 1253      20726576 
 1253      6973696F 
 1253      6E203233 
 1253      37373135 
 1254 00f3 67202D66 		.ascii	"g -ffunction-sections -ffat-lto-objects\000"
 1254      66756E63 
 1254      74696F6E 
 1254      2D736563 
 1254      74696F6E 
 1255              	.LASF50:
 1256 011b 4144435F 		.ascii	"ADC_StartConvert\000"
 1256      53746172 
 1256      74436F6E 
 1256      76657274 
 1256      00
 1257              	.LASF43:
 1258 012c 55415254 		.ascii	"UART_log_PutString\000"
 1258      5F6C6F67 
 1258      5F507574 
 1258      53747269 
 1258      6E6700
 1259              	.LASF32:
 1260 013f 6E657744 		.ascii	"newDataADC\000"
 1260      61746141 
 1260      444300
 1261              	.LASF47:
 1262 014a 55415254 		.ascii	"UART_log_Start\000"
 1262      5F6C6F67 
 1262      5F537461 
 1262      727400
 1263              	.LASF42:
 1264 0159 69746F61 		.ascii	"itoa\000"
 1264      00
 1265              	.LASF5:
 1266 015e 73686F72 		.ascii	"short unsigned int\000"
 1266      7420756E 
 1266      7369676E 
 1266      65642069 
 1266      6E7400
 1267              	.LASF28:
 1268 0171 49544D5F 		.ascii	"ITM_RxBuffer\000"
 1268      52784275 
 1268      66666572 
 1268      00
ARM GAS  C:\Users\giris\AppData\Local\Temp\ccfBJhDf.s 			page 27


 1269              	.LASF35:
 1270 017e 73436852 		.ascii	"sChRxd\000"
 1270      786400
 1271              	.LASF54:
 1272 0185 433A5C55 		.ascii	"C:\\Users\\giris\\OneDrive\\Documents\\PSoC Creator"
 1272      73657273 
 1272      5C676972 
 1272      69735C4F 
 1272      6E654472 
 1273 01b3 5C534448 		.ascii	"\\SDHD\\MotionDetector.cydsn\000"
 1273      445C4D6F 
 1273      74696F6E 
 1273      44657465 
 1273      63746F72 
 1274              	.LASF40:
 1275 01ce 4144435F 		.ascii	"ADC_IsEndConversion\000"
 1275      4973456E 
 1275      64436F6E 
 1275      76657273 
 1275      696F6E00 
 1276              	.LASF48:
 1277 01e2 4441435F 		.ascii	"DAC_Start\000"
 1277      53746172 
 1277      7400
 1278              	.LASF4:
 1279 01ec 5F5F7569 		.ascii	"__uint16_t\000"
 1279      6E743136 
 1279      5F7400
 1280              	.LASF8:
 1281 01f7 6C6F6E67 		.ascii	"long unsigned int\000"
 1281      20756E73 
 1281      69676E65 
 1281      6420696E 
 1281      7400
 1282              	.LASF24:
 1283 0209 6973725F 		.ascii	"isr_pushbutton\000"
 1283      70757368 
 1283      62757474 
 1283      6F6E00
 1284              	.LASF55:
 1285 0218 6D61696E 		.ascii	"main\000"
 1285      00
 1286              	.LASF21:
 1287 021d 53414D50 		.ascii	"SAMPLING\000"
 1287      4C494E47 
 1287      00
 1288              	.LASF11:
 1289 0226 756E7369 		.ascii	"unsigned int\000"
 1289      676E6564 
 1289      20696E74 
 1289      00
 1290              	.LASF10:
 1291 0233 6C6F6E67 		.ascii	"long long unsigned int\000"
 1291      206C6F6E 
 1291      6720756E 
 1291      7369676E 
 1291      65642069 
ARM GAS  C:\Users\giris\AppData\Local\Temp\ccfBJhDf.s 			page 28


 1292              	.LASF31:
 1293 024a 73616D70 		.ascii	"sampleArray\000"
 1293      6C654172 
 1293      72617900 
 1294              	.LASF49:
 1295 0256 4144435F 		.ascii	"ADC_Start\000"
 1295      53746172 
 1295      7400
 1296              	.LASF45:
 1297 0260 6973725F 		.ascii	"isr_pushbutton_StartEx\000"
 1297      70757368 
 1297      62757474 
 1297      6F6E5F53 
 1297      74617274 
 1298              	.LASF33:
 1299 0277 6C6F7742 		.ascii	"lowByte\000"
 1299      79746500 
 1300              	.LASF14:
 1301 027f 696E7433 		.ascii	"int32_t\000"
 1301      325F7400 
 1302              	.LASF19:
 1303 0287 73697A65 		.ascii	"sizetype\000"
 1303      74797065 
 1303      00
 1304              	.LASF30:
 1305 0290 54657374 		.ascii	"Test_state\000"
 1305      5F737461 
 1305      746500
 1306              	.LASF36:
 1307 029b 6F436861 		.ascii	"oCharRxd\000"
 1307      72527864 
 1307      00
 1308              	.LASF53:
 1309 02a4 6D61696E 		.ascii	"main.c\000"
 1309      2E6300
 1310              	.LASF26:
 1311 02ab 6E446174 		.ascii	"nData\000"
 1311      6100
 1312              	.LASF39:
 1313 02b1 55415254 		.ascii	"UART_log_GetChar\000"
 1313      5F6C6F67 
 1313      5F476574 
 1313      43686172 
 1313      00
 1314              	.LASF2:
 1315 02c2 73686F72 		.ascii	"short int\000"
 1315      7420696E 
 1315      7400
 1316              	.LASF37:
 1317 02cc 62756666 		.ascii	"buffer\000"
 1317      657200
 1318              	.LASF13:
 1319 02d3 75696E74 		.ascii	"uint16_t\000"
 1319      31365F74 
 1319      00
 1320              	.LASF29:
 1321 02dc 666C6167 		.ascii	"flagPB\000"
ARM GAS  C:\Users\giris\AppData\Local\Temp\ccfBJhDf.s 			page 29


 1321      504200
 1322              	.LASF51:
 1323 02e3 506F7765 		.ascii	"Power_LED_Write\000"
 1323      725F4C45 
 1323      445F5772 
 1323      69746500 
 1324              	.LASF7:
 1325 02f3 6C6F6E67 		.ascii	"long int\000"
 1325      20696E74 
 1325      00
 1326              	.LASF17:
 1327 02fc 63686172 		.ascii	"char\000"
 1327      00
 1328              	.LASF18:
 1329 0301 6C6F6E67 		.ascii	"long double\000"
 1329      20646F75 
 1329      626C6500 
 1330              	.LASF0:
 1331 030d 7369676E 		.ascii	"signed char\000"
 1331      65642063 
 1331      68617200 
 1332              	.LASF46:
 1333 0319 6973725F 		.ascii	"isr_UART_StartEx\000"
 1333      55415254 
 1333      5F537461 
 1333      72744578 
 1333      00
 1334              	.LASF22:
 1335 032a 55415254 		.ascii	"UARTTRANSFER\000"
 1335      5452414E 
 1335      53464552 
 1335      00
 1336              	.LASF34:
 1337 0337 68696768 		.ascii	"highByte\000"
 1337      42797465 
 1337      00
 1338              	.LASF38:
 1339 0340 50696E5F 		.ascii	"Pin_1_ClearInterrupt\000"
 1339      315F436C 
 1339      65617249 
 1339      6E746572 
 1339      72757074 
 1340              		.ident	"GCC: (GNU Tools for ARM Embedded Processors) 5.4.1 20160609 (release) [ARM/embedded-5-bran
