ARM GAS  C:\Users\drash\AppData\Local\Temp\ccVbkFuy.s 			page 1


   1              		.syntax unified
   2              		.cpu cortex-m3
   3              		.fpu softvfp
   4              		.eabi_attribute 20, 1
   5              		.eabi_attribute 21, 1
   6              		.eabi_attribute 23, 3
   7              		.eabi_attribute 24, 1
   8              		.eabi_attribute 25, 1
   9              		.eabi_attribute 26, 1
  10              		.eabi_attribute 30, 1
  11              		.eabi_attribute 34, 1
  12              		.eabi_attribute 18, 4
  13              		.thumb
  14              		.syntax unified
  15              		.file	"cymetadata.c"
  16              		.text
  17              	.Ltext0:
  18              		.cfi_sections	.debug_frame
  19              		.global	cy_metadata
  20              		.global	cy_meta_flashprotect
  21              		.global	cy_meta_wonvl
  22              		.global	cy_meta_custnvl
  23              		.global	cy_meta_configecc
  24              		.section	.cyconfigecc,"a",%progbits
  25              		.align	2
  26              		.type	cy_meta_configecc, %object
  27              		.size	cy_meta_configecc, 1148
  28              	cy_meta_configecc:
  29 0000 03       		.byte	3
  30 0001 52       		.byte	82
  31 0002 00       		.byte	0
  32 0003 40       		.byte	64
  33 0004 01       		.byte	1
  34 0005 5A       		.byte	90
  35 0006 00       		.byte	0
  36 0007 40       		.byte	64
  37 0008 03       		.byte	3
  38 0009 64       		.byte	100
  39 000a 00       		.byte	0
  40 000b 40       		.byte	64
  41 000c 01       		.byte	1
  42 000d 01       		.byte	1
  43 000e 01       		.byte	1
  44 000f 40       		.byte	64
  45 0010 04       		.byte	4
  46 0011 08       		.byte	8
  47 0012 01       		.byte	1
  48 0013 40       		.byte	64
  49 0014 03       		.byte	3
  50 0015 09       		.byte	9
  51 0016 01       		.byte	1
  52 0017 40       		.byte	64
  53 0018 5E       		.byte	94
  54 0019 0A       		.byte	10
  55 001a 01       		.byte	1
  56 001b 40       		.byte	64
  57 001c 4B       		.byte	75
ARM GAS  C:\Users\drash\AppData\Local\Temp\ccVbkFuy.s 			page 2


  58 001d 0B       		.byte	11
  59 001e 01       		.byte	1
  60 001f 40       		.byte	64
  61 0020 4E       		.byte	78
  62 0021 0C       		.byte	12
  63 0022 01       		.byte	1
  64 0023 40       		.byte	64
  65 0024 4A       		.byte	74
  66 0025 0D       		.byte	13
  67 0026 01       		.byte	1
  68 0027 40       		.byte	64
  69 0028 48       		.byte	72
  70 0029 0E       		.byte	14
  71 002a 01       		.byte	1
  72 002b 40       		.byte	64
  73 002c 2D       		.byte	45
  74 002d 0F       		.byte	15
  75 002e 01       		.byte	1
  76 002f 40       		.byte	64
  77 0030 01       		.byte	1
  78 0031 17       		.byte	23
  79 0032 01       		.byte	1
  80 0033 40       		.byte	64
  81 0034 02       		.byte	2
  82 0035 19       		.byte	25
  83 0036 01       		.byte	1
  84 0037 40       		.byte	64
  85 0038 05       		.byte	5
  86 0039 40       		.byte	64
  87 003a 01       		.byte	1
  88 003b 40       		.byte	64
  89 003c 02       		.byte	2
  90 003d 41       		.byte	65
  91 003e 01       		.byte	1
  92 003f 40       		.byte	64
  93 0040 02       		.byte	2
  94 0041 42       		.byte	66
  95 0042 01       		.byte	1
  96 0043 40       		.byte	64
  97 0044 04       		.byte	4
  98 0045 43       		.byte	67
  99 0046 01       		.byte	1
 100 0047 40       		.byte	64
 101 0048 06       		.byte	6
 102 0049 44       		.byte	68
 103 004a 01       		.byte	1
 104 004b 40       		.byte	64
 105 004c 07       		.byte	7
 106 004d 45       		.byte	69
 107 004e 01       		.byte	1
 108 004f 40       		.byte	64
 109 0050 05       		.byte	5
 110 0051 46       		.byte	70
 111 0052 01       		.byte	1
 112 0053 40       		.byte	64
 113 0054 02       		.byte	2
 114 0055 47       		.byte	71
ARM GAS  C:\Users\drash\AppData\Local\Temp\ccVbkFuy.s 			page 3


 115 0056 01       		.byte	1
 116 0057 40       		.byte	64
 117 0058 07       		.byte	7
 118 0059 48       		.byte	72
 119 005a 01       		.byte	1
 120 005b 40       		.byte	64
 121 005c 05       		.byte	5
 122 005d 4C       		.byte	76
 123 005e 01       		.byte	1
 124 005f 40       		.byte	64
 125 0060 03       		.byte	3
 126 0061 50       		.byte	80
 127 0062 01       		.byte	1
 128 0063 40       		.byte	64
 129 0064 02       		.byte	2
 130 0065 51       		.byte	81
 131 0066 01       		.byte	1
 132 0067 40       		.byte	64
 133 0068 10       		.byte	16
 134 0069 02       		.byte	2
 135 006a 11       		.byte	17
 136 006b 02       		.byte	2
 137 006c 14       		.byte	20
 138 006d 01       		.byte	1
 139 006e 87       		.byte	-121
 140 006f 01       		.byte	1
 141 0070 8B       		.byte	-117
 142 0071 38       		.byte	56
 143 0072 8C       		.byte	-116
 144 0073 72       		.byte	114
 145 0074 8E       		.byte	-114
 146 0075 0F       		.byte	15
 147 0076 E0       		.byte	-32
 148 0077 40       		.byte	64
 149 0078 38       		.byte	56
 150 0079 02       		.byte	2
 151 007a 3E       		.byte	62
 152 007b 01       		.byte	1
 153 007c 58       		.byte	88
 154 007d 04       		.byte	4
 155 007e 5F       		.byte	95
 156 007f 01       		.byte	1
 157 0080 1C       		.byte	28
 158 0081 40       		.byte	64
 159 0082 B6       		.byte	-74
 160 0083 80       		.byte	-128
 161 0084 B7       		.byte	-73
 162 0085 20       		.byte	32
 163 0086 04       		.byte	4
 164 0087 02       		.byte	2
 165 0088 05       		.byte	5
 166 0089 06       		.byte	6
 167 008a 07       		.byte	7
 168 008b 01       		.byte	1
 169 008c 0B       		.byte	11
 170 008d 03       		.byte	3
 171 008e 0F       		.byte	15
ARM GAS  C:\Users\drash\AppData\Local\Temp\ccVbkFuy.s 			page 4


 172 008f 02       		.byte	2
 173 0090 13       		.byte	19
 174 0091 01       		.byte	1
 175 0092 14       		.byte	20
 176 0093 03       		.byte	3
 177 0094 17       		.byte	23
 178 0095 05       		.byte	5
 179 0096 1B       		.byte	27
 180 0097 06       		.byte	6
 181 0098 26       		.byte	38
 182 0099 01       		.byte	1
 183 009a 28       		.byte	40
 184 009b 03       		.byte	3
 185 009c 32       		.byte	50
 186 009d 03       		.byte	3
 187 009e 33       		.byte	51
 188 009f 07       		.byte	7
 189 00a0 38       		.byte	56
 190 00a1 08       		.byte	8
 191 00a2 3B       		.byte	59
 192 00a3 08       		.byte	8
 193 00a4 3E       		.byte	62
 194 00a5 04       		.byte	4
 195 00a6 40       		.byte	64
 196 00a7 03       		.byte	3
 197 00a8 46       		.byte	70
 198 00a9 04       		.byte	4
 199 00aa 49       		.byte	73
 200 00ab FF       		.byte	-1
 201 00ac 4A       		.byte	74
 202 00ad 07       		.byte	7
 203 00ae 4B       		.byte	75
 204 00af FF       		.byte	-1
 205 00b0 4C       		.byte	76
 206 00b1 40       		.byte	64
 207 00b2 4D       		.byte	77
 208 00b3 20       		.byte	32
 209 00b4 4E       		.byte	78
 210 00b5 F0       		.byte	-16
 211 00b6 4F       		.byte	79
 212 00b7 05       		.byte	5
 213 00b8 50       		.byte	80
 214 00b9 08       		.byte	8
 215 00ba 58       		.byte	88
 216 00bb 04       		.byte	4
 217 00bc 59       		.byte	89
 218 00bd 04       		.byte	4
 219 00be 5A       		.byte	90
 220 00bf 04       		.byte	4
 221 00c0 5C       		.byte	92
 222 00c1 10       		.byte	16
 223 00c2 5D       		.byte	93
 224 00c3 01       		.byte	1
 225 00c4 5F       		.byte	95
 226 00c5 01       		.byte	1
 227 00c6 60       		.byte	96
 228 00c7 40       		.byte	64
ARM GAS  C:\Users\drash\AppData\Local\Temp\ccVbkFuy.s 			page 5


 229 00c8 61       		.byte	97
 230 00c9 A8       		.byte	-88
 231 00ca 62       		.byte	98
 232 00cb 40       		.byte	64
 233 00cc 63       		.byte	99
 234 00cd 20       		.byte	32
 235 00ce 81       		.byte	-127
 236 00cf 01       		.byte	1
 237 00d0 83       		.byte	-125
 238 00d1 28       		.byte	40
 239 00d2 85       		.byte	-123
 240 00d3 10       		.byte	16
 241 00d4 86       		.byte	-122
 242 00d5 02       		.byte	2
 243 00d6 88       		.byte	-120
 244 00d7 01       		.byte	1
 245 00d8 89       		.byte	-119
 246 00d9 10       		.byte	16
 247 00da 8C       		.byte	-116
 248 00db 01       		.byte	1
 249 00dc 8D       		.byte	-115
 250 00dd 03       		.byte	3
 251 00de 8F       		.byte	-113
 252 00df 04       		.byte	4
 253 00e0 97       		.byte	-105
 254 00e1 03       		.byte	3
 255 00e2 9A       		.byte	-102
 256 00e3 02       		.byte	2
 257 00e4 9B       		.byte	-101
 258 00e5 03       		.byte	3
 259 00e6 9D       		.byte	-99
 260 00e7 03       		.byte	3
 261 00e8 A1       		.byte	-95
 262 00e9 02       		.byte	2
 263 00ea A3       		.byte	-93
 264 00eb 08       		.byte	8
 265 00ec A4       		.byte	-92
 266 00ed 01       		.byte	1
 267 00ee A5       		.byte	-91
 268 00ef 03       		.byte	3
 269 00f0 A8       		.byte	-88
 270 00f1 01       		.byte	1
 271 00f2 AB       		.byte	-85
 272 00f3 03       		.byte	3
 273 00f4 AD       		.byte	-83
 274 00f5 10       		.byte	16
 275 00f6 B1       		.byte	-79
 276 00f7 0C       		.byte	12
 277 00f8 B2       		.byte	-78
 278 00f9 01       		.byte	1
 279 00fa B3       		.byte	-77
 280 00fb 10       		.byte	16
 281 00fc B5       		.byte	-75
 282 00fd 20       		.byte	32
 283 00fe B6       		.byte	-74
 284 00ff 02       		.byte	2
 285 0100 B7       		.byte	-73
ARM GAS  C:\Users\drash\AppData\Local\Temp\ccVbkFuy.s 			page 6


 286 0101 03       		.byte	3
 287 0102 BE       		.byte	-66
 288 0103 44       		.byte	68
 289 0104 BF       		.byte	-65
 290 0105 01       		.byte	1
 291 0106 C0       		.byte	-64
 292 0107 32       		.byte	50
 293 0108 C1       		.byte	-63
 294 0109 04       		.byte	4
 295 010a C2       		.byte	-62
 296 010b 06       		.byte	6
 297 010c C4       		.byte	-60
 298 010d 01       		.byte	1
 299 010e C5       		.byte	-59
 300 010f EC       		.byte	-20
 301 0110 C8       		.byte	-56
 302 0111 03       		.byte	3
 303 0112 C9       		.byte	-55
 304 0113 FF       		.byte	-1
 305 0114 CA       		.byte	-54
 306 0115 FF       		.byte	-1
 307 0116 CB       		.byte	-53
 308 0117 FF       		.byte	-1
 309 0118 CC       		.byte	-52
 310 0119 62       		.byte	98
 311 011a CD       		.byte	-51
 312 011b A0       		.byte	-96
 313 011c CE       		.byte	-50
 314 011d F0       		.byte	-16
 315 011e CF       		.byte	-49
 316 011f 41       		.byte	65
 317 0120 D0       		.byte	-48
 318 0121 0C       		.byte	12
 319 0122 D4       		.byte	-44
 320 0123 18       		.byte	24
 321 0124 D8       		.byte	-40
 322 0125 04       		.byte	4
 323 0126 D9       		.byte	-39
 324 0127 04       		.byte	4
 325 0128 DA       		.byte	-38
 326 0129 04       		.byte	4
 327 012a DB       		.byte	-37
 328 012b 04       		.byte	4
 329 012c DC       		.byte	-36
 330 012d 10       		.byte	16
 331 012e DD       		.byte	-35
 332 012f 11       		.byte	17
 333 0130 DF       		.byte	-33
 334 0131 01       		.byte	1
 335 0132 E6       		.byte	-26
 336 0133 40       		.byte	64
 337 0134 E7       		.byte	-25
 338 0135 02       		.byte	2
 339 0136 E9       		.byte	-23
 340 0137 10       		.byte	16
 341 0138 EA       		.byte	-22
 342 0139 30       		.byte	48
ARM GAS  C:\Users\drash\AppData\Local\Temp\ccVbkFuy.s 			page 7


 343 013a EB       		.byte	-21
 344 013b 10       		.byte	16
 345 013c ED       		.byte	-19
 346 013d 10       		.byte	16
 347 013e EE       		.byte	-18
 348 013f 10       		.byte	16
 349 0140 EF       		.byte	-17
 350 0141 12       		.byte	18
 351 0142 00       		.byte	0
 352 0143 04       		.byte	4
 353 0144 04       		.byte	4
 354 0145 08       		.byte	8
 355 0146 05       		.byte	5
 356 0147 14       		.byte	20
 357 0148 06       		.byte	6
 358 0149 08       		.byte	8
 359 014a 07       		.byte	7
 360 014b 09       		.byte	9
 361 014c 09       		.byte	9
 362 014d 08       		.byte	8
 363 014e 0F       		.byte	15
 364 014f 08       		.byte	8
 365 0150 10       		.byte	16
 366 0151 20       		.byte	32
 367 0152 12       		.byte	18
 368 0153 08       		.byte	8
 369 0154 17       		.byte	23
 370 0155 14       		.byte	20
 371 0156 18       		.byte	24
 372 0157 10       		.byte	16
 373 0158 1D       		.byte	29
 374 0159 40       		.byte	64
 375 015a 1E       		.byte	30
 376 015b 20       		.byte	32
 377 015c 21       		.byte	33
 378 015d 08       		.byte	8
 379 015e 23       		.byte	35
 380 015f 10       		.byte	16
 381 0160 25       		.byte	37
 382 0161 20       		.byte	32
 383 0162 27       		.byte	39
 384 0163 62       		.byte	98
 385 0164 2C       		.byte	44
 386 0165 04       		.byte	4
 387 0166 2E       		.byte	46
 388 0167 08       		.byte	8
 389 0168 2F       		.byte	47
 390 0169 82       		.byte	-126
 391 016a 32       		.byte	50
 392 016b 1A       		.byte	26
 393 016c 34       		.byte	52
 394 016d 80       		.byte	-128
 395 016e 37       		.byte	55
 396 016f 14       		.byte	20
 397 0170 38       		.byte	56
 398 0171 04       		.byte	4
 399 0172 3B       		.byte	59
ARM GAS  C:\Users\drash\AppData\Local\Temp\ccVbkFuy.s 			page 8


 400 0173 90       		.byte	-112
 401 0174 3C       		.byte	60
 402 0175 80       		.byte	-128
 403 0176 3D       		.byte	61
 404 0177 20       		.byte	32
 405 0178 3E       		.byte	62
 406 0179 04       		.byte	4
 407 017a 3F       		.byte	63
 408 017b 02       		.byte	2
 409 017c 40       		.byte	64
 410 017d 10       		.byte	16
 411 017e 44       		.byte	68
 412 017f 84       		.byte	-124
 413 0180 47       		.byte	71
 414 0181 69       		.byte	105
 415 0182 48       		.byte	72
 416 0183 20       		.byte	32
 417 0184 4C       		.byte	76
 418 0185 04       		.byte	4
 419 0186 4D       		.byte	77
 420 0187 01       		.byte	1
 421 0188 4F       		.byte	79
 422 0189 08       		.byte	8
 423 018a 53       		.byte	83
 424 018b 40       		.byte	64
 425 018c 5F       		.byte	95
 426 018d 02       		.byte	2
 427 018e 64       		.byte	100
 428 018f 08       		.byte	8
 429 0190 65       		.byte	101
 430 0191 40       		.byte	64
 431 0192 88       		.byte	-120
 432 0193 20       		.byte	32
 433 0194 8A       		.byte	-118
 434 0195 02       		.byte	2
 435 0196 8D       		.byte	-115
 436 0197 20       		.byte	32
 437 0198 8E       		.byte	-114
 438 0199 40       		.byte	64
 439 019a 90       		.byte	-112
 440 019b 04       		.byte	4
 441 019c 92       		.byte	-110
 442 019d 24       		.byte	36
 443 019e 95       		.byte	-107
 444 019f 01       		.byte	1
 445 01a0 96       		.byte	-106
 446 01a1 40       		.byte	64
 447 01a2 97       		.byte	-105
 448 01a3 80       		.byte	-128
 449 01a4 98       		.byte	-104
 450 01a5 08       		.byte	8
 451 01a6 99       		.byte	-103
 452 01a7 14       		.byte	20
 453 01a8 9B       		.byte	-101
 454 01a9 15       		.byte	21
 455 01aa 9C       		.byte	-100
 456 01ab 80       		.byte	-128
ARM GAS  C:\Users\drash\AppData\Local\Temp\ccVbkFuy.s 			page 9


 457 01ac 9E       		.byte	-98
 458 01ad 80       		.byte	-128
 459 01ae 9F       		.byte	-97
 460 01af 20       		.byte	32
 461 01b0 A0       		.byte	-96
 462 01b1 40       		.byte	64
 463 01b2 A1       		.byte	-95
 464 01b3 10       		.byte	16
 465 01b4 A2       		.byte	-94
 466 01b5 08       		.byte	8
 467 01b6 A3       		.byte	-93
 468 01b7 83       		.byte	-125
 469 01b8 A5       		.byte	-91
 470 01b9 08       		.byte	8
 471 01ba A6       		.byte	-90
 472 01bb 12       		.byte	18
 473 01bc B1       		.byte	-79
 474 01bd 10       		.byte	16
 475 01be B3       		.byte	-77
 476 01bf 01       		.byte	1
 477 01c0 B5       		.byte	-75
 478 01c1 01       		.byte	1
 479 01c2 B7       		.byte	-73
 480 01c3 10       		.byte	16
 481 01c4 C0       		.byte	-64
 482 01c5 E4       		.byte	-28
 483 01c6 C2       		.byte	-62
 484 01c7 44       		.byte	68
 485 01c8 C4       		.byte	-60
 486 01c9 66       		.byte	102
 487 01ca CA       		.byte	-54
 488 01cb F0       		.byte	-16
 489 01cc CC       		.byte	-52
 490 01cd 77       		.byte	119
 491 01ce CE       		.byte	-50
 492 01cf FE       		.byte	-2
 493 01d0 D0       		.byte	-48
 494 01d1 F2       		.byte	-14
 495 01d2 D2       		.byte	-46
 496 01d3 20       		.byte	32
 497 01d4 D6       		.byte	-42
 498 01d5 80       		.byte	-128
 499 01d6 D8       		.byte	-40
 500 01d7 30       		.byte	48
 501 01d8 00       		.byte	0
 502 01d9 02       		.byte	2
 503 01da 01       		.byte	1
 504 01db 10       		.byte	16
 505 01dc 04       		.byte	4
 506 01dd 0C       		.byte	12
 507 01de 05       		.byte	5
 508 01df 08       		.byte	8
 509 01e0 08       		.byte	8
 510 01e1 04       		.byte	4
 511 01e2 09       		.byte	9
 512 01e3 18       		.byte	24
 513 01e4 0C       		.byte	12
ARM GAS  C:\Users\drash\AppData\Local\Temp\ccVbkFuy.s 			page 10


 514 01e5 08       		.byte	8
 515 01e6 0F       		.byte	15
 516 01e7 04       		.byte	4
 517 01e8 10       		.byte	16
 518 01e9 1C       		.byte	28
 519 01ea 11       		.byte	17
 520 01eb 1C       		.byte	28
 521 01ec 12       		.byte	18
 522 01ed 03       		.byte	3
 523 01ee 13       		.byte	19
 524 01ef 02       		.byte	2
 525 01f0 14       		.byte	20
 526 01f1 03       		.byte	3
 527 01f2 15       		.byte	21
 528 01f3 07       		.byte	7
 529 01f4 17       		.byte	23
 530 01f5 18       		.byte	24
 531 01f6 18       		.byte	24
 532 01f7 13       		.byte	19
 533 01f8 19       		.byte	25
 534 01f9 1C       		.byte	28
 535 01fa 1A       		.byte	26
 536 01fb 0C       		.byte	12
 537 01fc 1B       		.byte	27
 538 01fd 01       		.byte	1
 539 01fe 1C       		.byte	28
 540 01ff 01       		.byte	1
 541 0200 1D       		.byte	29
 542 0201 1F       		.byte	31
 543 0202 20       		.byte	32
 544 0203 1F       		.byte	31
 545 0204 23       		.byte	35
 546 0205 20       		.byte	32
 547 0206 24       		.byte	36
 548 0207 0F       		.byte	15
 549 0208 26       		.byte	38
 550 0209 10       		.byte	16
 551 020a 27       		.byte	39
 552 020b 20       		.byte	32
 553 020c 29       		.byte	41
 554 020d 04       		.byte	4
 555 020e 2A       		.byte	42
 556 020f 13       		.byte	19
 557 0210 2F       		.byte	47
 558 0211 03       		.byte	3
 559 0212 32       		.byte	50
 560 0213 1C       		.byte	28
 561 0214 33       		.byte	51
 562 0215 1F       		.byte	31
 563 0216 34       		.byte	52
 564 0217 0F       		.byte	15
 565 0218 35       		.byte	53
 566 0219 20       		.byte	32
 567 021a 3A       		.byte	58
 568 021b 20       		.byte	32
 569 021c 3B       		.byte	59
 570 021d 08       		.byte	8
ARM GAS  C:\Users\drash\AppData\Local\Temp\ccVbkFuy.s 			page 11


 571 021e 3F       		.byte	63
 572 021f 10       		.byte	16
 573 0220 56       		.byte	86
 574 0221 02       		.byte	2
 575 0222 57       		.byte	87
 576 0223 11       		.byte	17
 577 0224 58       		.byte	88
 578 0225 04       		.byte	4
 579 0226 59       		.byte	89
 580 0227 04       		.byte	4
 581 0228 5B       		.byte	91
 582 0229 04       		.byte	4
 583 022a 5C       		.byte	92
 584 022b 11       		.byte	17
 585 022c 5D       		.byte	93
 586 022d 10       		.byte	16
 587 022e 5F       		.byte	95
 588 022f 01       		.byte	1
 589 0230 85       		.byte	-123
 590 0231 28       		.byte	40
 591 0232 87       		.byte	-121
 592 0233 11       		.byte	17
 593 0234 8D       		.byte	-115
 594 0235 02       		.byte	2
 595 0236 8F       		.byte	-113
 596 0237 14       		.byte	20
 597 0238 95       		.byte	-107
 598 0239 0D       		.byte	13
 599 023a 97       		.byte	-105
 600 023b 30       		.byte	48
 601 023c 9B       		.byte	-101
 602 023d 20       		.byte	32
 603 023e 9D       		.byte	-99
 604 023f 0C       		.byte	12
 605 0240 9F       		.byte	-97
 606 0241 10       		.byte	16
 607 0242 A9       		.byte	-87
 608 0243 0D       		.byte	13
 609 0244 AB       		.byte	-85
 610 0245 10       		.byte	16
 611 0246 B3       		.byte	-77
 612 0247 3C       		.byte	60
 613 0248 B5       		.byte	-75
 614 0249 03       		.byte	3
 615 024a B9       		.byte	-71
 616 024b 20       		.byte	32
 617 024c BB       		.byte	-69
 618 024d 08       		.byte	8
 619 024e C0       		.byte	-64
 620 024f 65       		.byte	101
 621 0250 C1       		.byte	-63
 622 0251 03       		.byte	3
 623 0252 C6       		.byte	-58
 624 0253 BC       		.byte	-68
 625 0254 C7       		.byte	-57
 626 0255 E0       		.byte	-32
 627 0256 C8       		.byte	-56
ARM GAS  C:\Users\drash\AppData\Local\Temp\ccVbkFuy.s 			page 12


 628 0257 2C       		.byte	44
 629 0258 C9       		.byte	-55
 630 0259 FF       		.byte	-1
 631 025a CA       		.byte	-54
 632 025b FF       		.byte	-1
 633 025c CB       		.byte	-53
 634 025d FF       		.byte	-1
 635 025e CE       		.byte	-50
 636 025f F0       		.byte	-16
 637 0260 CF       		.byte	-49
 638 0261 44       		.byte	68
 639 0262 D0       		.byte	-48
 640 0263 0C       		.byte	12
 641 0264 D9       		.byte	-39
 642 0265 04       		.byte	4
 643 0266 DA       		.byte	-38
 644 0267 04       		.byte	4
 645 0268 DC       		.byte	-36
 646 0269 10       		.byte	16
 647 026a DD       		.byte	-35
 648 026b 01       		.byte	1
 649 026c DF       		.byte	-33
 650 026d 01       		.byte	1
 651 026e E6       		.byte	-26
 652 026f C0       		.byte	-64
 653 0270 EA       		.byte	-22
 654 0271 40       		.byte	64
 655 0272 EB       		.byte	-21
 656 0273 02       		.byte	2
 657 0274 03       		.byte	3
 658 0275 C0       		.byte	-64
 659 0276 05       		.byte	5
 660 0277 80       		.byte	-128
 661 0278 06       		.byte	6
 662 0279 28       		.byte	40
 663 027a 07       		.byte	7
 664 027b 40       		.byte	64
 665 027c 0C       		.byte	12
 666 027d 09       		.byte	9
 667 027e 0E       		.byte	14
 668 027f 08       		.byte	8
 669 0280 0F       		.byte	15
 670 0281 02       		.byte	2
 671 0282 17       		.byte	23
 672 0283 25       		.byte	37
 673 0284 1D       		.byte	29
 674 0285 14       		.byte	20
 675 0286 1E       		.byte	30
 676 0287 08       		.byte	8
 677 0288 21       		.byte	33
 678 0289 10       		.byte	16
 679 028a 22       		.byte	34
 680 028b 18       		.byte	24
 681 028c 23       		.byte	35
 682 028d 04       		.byte	4
 683 028e 26       		.byte	38
 684 028f 20       		.byte	32
ARM GAS  C:\Users\drash\AppData\Local\Temp\ccVbkFuy.s 			page 13


 685 0290 27       		.byte	39
 686 0291 10       		.byte	16
 687 0292 2B       		.byte	43
 688 0293 08       		.byte	8
 689 0294 2D       		.byte	45
 690 0295 11       		.byte	17
 691 0296 2E       		.byte	46
 692 0297 80       		.byte	-128
 693 0298 2F       		.byte	47
 694 0299 20       		.byte	32
 695 029a 30       		.byte	48
 696 029b 80       		.byte	-128
 697 029c 32       		.byte	50
 698 029d 18       		.byte	24
 699 029e 34       		.byte	52
 700 029f A1       		.byte	-95
 701 02a0 35       		.byte	53
 702 02a1 01       		.byte	1
 703 02a2 36       		.byte	54
 704 02a3 04       		.byte	4
 705 02a4 38       		.byte	56
 706 02a5 04       		.byte	4
 707 02a6 3B       		.byte	59
 708 02a7 40       		.byte	64
 709 02a8 3E       		.byte	62
 710 02a9 6A       		.byte	106
 711 02aa 41       		.byte	65
 712 02ab 08       		.byte	8
 713 02ac 43       		.byte	67
 714 02ad 08       		.byte	8
 715 02ae 44       		.byte	68
 716 02af 20       		.byte	32
 717 02b0 47       		.byte	71
 718 02b1 04       		.byte	4
 719 02b2 4A       		.byte	74
 720 02b3 0A       		.byte	10
 721 02b4 4B       		.byte	75
 722 02b5 40       		.byte	64
 723 02b6 50       		.byte	80
 724 02b7 A0       		.byte	-96
 725 02b8 52       		.byte	82
 726 02b9 01       		.byte	1
 727 02ba 5E       		.byte	94
 728 02bb 20       		.byte	32
 729 02bc 60       		.byte	96
 730 02bd 08       		.byte	8
 731 02be 62       		.byte	98
 732 02bf 20       		.byte	32
 733 02c0 65       		.byte	101
 734 02c1 10       		.byte	16
 735 02c2 67       		.byte	103
 736 02c3 08       		.byte	8
 737 02c4 6C       		.byte	108
 738 02c5 14       		.byte	20
 739 02c6 6D       		.byte	109
 740 02c7 20       		.byte	32
 741 02c8 6E       		.byte	110
ARM GAS  C:\Users\drash\AppData\Local\Temp\ccVbkFuy.s 			page 14


 742 02c9 04       		.byte	4
 743 02ca 6F       		.byte	111
 744 02cb 02       		.byte	2
 745 02cc 75       		.byte	117
 746 02cd 80       		.byte	-128
 747 02ce 76       		.byte	118
 748 02cf 2A       		.byte	42
 749 02d0 88       		.byte	-120
 750 02d1 48       		.byte	72
 751 02d2 90       		.byte	-112
 752 02d3 04       		.byte	4
 753 02d4 94       		.byte	-108
 754 02d5 28       		.byte	40
 755 02d6 95       		.byte	-107
 756 02d7 20       		.byte	32
 757 02d8 97       		.byte	-105
 758 02d9 8C       		.byte	-116
 759 02da 9B       		.byte	-101
 760 02db 05       		.byte	5
 761 02dc 9D       		.byte	-99
 762 02dd 80       		.byte	-128
 763 02de 9E       		.byte	-98
 764 02df A9       		.byte	-87
 765 02e0 9F       		.byte	-97
 766 02e1 50       		.byte	80
 767 02e2 A0       		.byte	-96
 768 02e3 40       		.byte	64
 769 02e4 A3       		.byte	-93
 770 02e5 A0       		.byte	-96
 771 02e6 A4       		.byte	-92
 772 02e7 A8       		.byte	-88
 773 02e8 A5       		.byte	-91
 774 02e9 08       		.byte	8
 775 02ea A6       		.byte	-90
 776 02eb 0E       		.byte	14
 777 02ec A7       		.byte	-89
 778 02ed 01       		.byte	1
 779 02ee A9       		.byte	-87
 780 02ef 10       		.byte	16
 781 02f0 AA       		.byte	-86
 782 02f1 80       		.byte	-128
 783 02f2 AE       		.byte	-82
 784 02f3 04       		.byte	4
 785 02f4 C0       		.byte	-64
 786 02f5 F0       		.byte	-16
 787 02f6 C2       		.byte	-62
 788 02f7 F0       		.byte	-16
 789 02f8 C4       		.byte	-60
 790 02f9 70       		.byte	112
 791 02fa CA       		.byte	-54
 792 02fb F4       		.byte	-12
 793 02fc CC       		.byte	-52
 794 02fd FE       		.byte	-2
 795 02fe CE       		.byte	-50
 796 02ff FA       		.byte	-6
 797 0300 D0       		.byte	-48
 798 0301 02       		.byte	2
ARM GAS  C:\Users\drash\AppData\Local\Temp\ccVbkFuy.s 			page 15


 799 0302 D2       		.byte	-46
 800 0303 0C       		.byte	12
 801 0304 D6       		.byte	-42
 802 0305 20       		.byte	32
 803 0306 EC       		.byte	-20
 804 0307 08       		.byte	8
 805 0308 04       		.byte	4
 806 0309 1C       		.byte	28
 807 030a 05       		.byte	5
 808 030b 0C       		.byte	12
 809 030c 06       		.byte	6
 810 030d 22       		.byte	34
 811 030e 07       		.byte	7
 812 030f 03       		.byte	3
 813 0310 0B       		.byte	11
 814 0311 0C       		.byte	12
 815 0312 0E       		.byte	14
 816 0313 20       		.byte	32
 817 0314 0F       		.byte	15
 818 0315 08       		.byte	8
 819 0316 10       		.byte	16
 820 0317 10       		.byte	16
 821 0318 14       		.byte	20
 822 0319 2C       		.byte	44
 823 031a 15       		.byte	21
 824 031b 01       		.byte	1
 825 031c 16       		.byte	22
 826 031d 11       		.byte	17
 827 031e 17       		.byte	23
 828 031f 06       		.byte	6
 829 0320 18       		.byte	24
 830 0321 09       		.byte	9
 831 0322 1A       		.byte	26
 832 0323 10       		.byte	16
 833 0324 1E       		.byte	30
 834 0325 03       		.byte	3
 835 0326 21       		.byte	33
 836 0327 10       		.byte	16
 837 0328 22       		.byte	34
 838 0329 20       		.byte	32
 839 032a 24       		.byte	36
 840 032b 14       		.byte	20
 841 032c 28       		.byte	40
 842 032d 30       		.byte	48
 843 032e 29       		.byte	41
 844 032f 01       		.byte	1
 845 0330 2A       		.byte	42
 846 0331 0C       		.byte	12
 847 0332 2B       		.byte	43
 848 0333 0E       		.byte	14
 849 0334 2C       		.byte	44
 850 0335 40       		.byte	64
 851 0336 2F       		.byte	47
 852 0337 03       		.byte	3
 853 0338 30       		.byte	48
 854 0339 20       		.byte	32
 855 033a 32       		.byte	50
ARM GAS  C:\Users\drash\AppData\Local\Temp\ccVbkFuy.s 			page 16


 856 033b 40       		.byte	64
 857 033c 33       		.byte	51
 858 033d 10       		.byte	16
 859 033e 35       		.byte	53
 860 033f 0F       		.byte	15
 861 0340 36       		.byte	54
 862 0341 1F       		.byte	31
 863 0342 3B       		.byte	59
 864 0343 20       		.byte	32
 865 0344 3E       		.byte	62
 866 0345 05       		.byte	5
 867 0346 3F       		.byte	63
 868 0347 04       		.byte	4
 869 0348 54       		.byte	84
 870 0349 01       		.byte	1
 871 034a 58       		.byte	88
 872 034b 04       		.byte	4
 873 034c 59       		.byte	89
 874 034d 04       		.byte	4
 875 034e 5B       		.byte	91
 876 034f 04       		.byte	4
 877 0350 5C       		.byte	92
 878 0351 11       		.byte	17
 879 0352 5D       		.byte	93
 880 0353 10       		.byte	16
 881 0354 5F       		.byte	95
 882 0355 01       		.byte	1
 883 0356 80       		.byte	-128
 884 0357 28       		.byte	40
 885 0358 82       		.byte	-126
 886 0359 12       		.byte	18
 887 035a 84       		.byte	-124
 888 035b 3E       		.byte	62
 889 035c 88       		.byte	-120
 890 035d 3E       		.byte	62
 891 035e 89       		.byte	-119
 892 035f 06       		.byte	6
 893 0360 8F       		.byte	-113
 894 0361 01       		.byte	1
 895 0362 91       		.byte	-111
 896 0363 07       		.byte	7
 897 0364 94       		.byte	-108
 898 0365 02       		.byte	2
 899 0366 95       		.byte	-107
 900 0367 06       		.byte	6
 901 0368 96       		.byte	-106
 902 0369 0C       		.byte	12
 903 036a 97       		.byte	-105
 904 036b 01       		.byte	1
 905 036c 98       		.byte	-104
 906 036d 01       		.byte	1
 907 036e 99       		.byte	-103
 908 036f 06       		.byte	6
 909 0370 9B       		.byte	-101
 910 0371 01       		.byte	1
 911 0372 9C       		.byte	-100
 912 0373 14       		.byte	20
ARM GAS  C:\Users\drash\AppData\Local\Temp\ccVbkFuy.s 			page 17


 913 0374 9E       		.byte	-98
 914 0375 22       		.byte	34
 915 0376 A0       		.byte	-96
 916 0377 01       		.byte	1
 917 0378 A5       		.byte	-91
 918 0379 02       		.byte	2
 919 037a A6       		.byte	-90
 920 037b 01       		.byte	1
 921 037c A9       		.byte	-87
 922 037d 01       		.byte	1
 923 037e AA       		.byte	-86
 924 037f 01       		.byte	1
 925 0380 AB       		.byte	-85
 926 0381 06       		.byte	6
 927 0382 AD       		.byte	-83
 928 0383 04       		.byte	4
 929 0384 B0       		.byte	-80
 930 0385 0E       		.byte	14
 931 0386 B4       		.byte	-76
 932 0387 01       		.byte	1
 933 0388 B5       		.byte	-75
 934 0389 07       		.byte	7
 935 038a B6       		.byte	-74
 936 038b 30       		.byte	48
 937 038c B8       		.byte	-72
 938 038d 20       		.byte	32
 939 038e BB       		.byte	-69
 940 038f A0       		.byte	-96
 941 0390 D8       		.byte	-40
 942 0391 04       		.byte	4
 943 0392 D9       		.byte	-39
 944 0393 04       		.byte	4
 945 0394 DC       		.byte	-36
 946 0395 11       		.byte	17
 947 0396 DF       		.byte	-33
 948 0397 01       		.byte	1
 949 0398 00       		.byte	0
 950 0399 04       		.byte	4
 951 039a 02       		.byte	2
 952 039b 02       		.byte	2
 953 039c 03       		.byte	3
 954 039d 02       		.byte	2
 955 039e 04       		.byte	4
 956 039f 28       		.byte	40
 957 03a0 07       		.byte	7
 958 03a1 40       		.byte	64
 959 03a2 08       		.byte	8
 960 03a3 08       		.byte	8
 961 03a4 09       		.byte	9
 962 03a5 08       		.byte	8
 963 03a6 0A       		.byte	10
 964 03a7 01       		.byte	1
 965 03a8 0B       		.byte	11
 966 03a9 84       		.byte	-124
 967 03aa 0C       		.byte	12
 968 03ab 08       		.byte	8
 969 03ac 0E       		.byte	14
ARM GAS  C:\Users\drash\AppData\Local\Temp\ccVbkFuy.s 			page 18


 970 03ad 08       		.byte	8
 971 03ae 0F       		.byte	15
 972 03af 02       		.byte	2
 973 03b0 10       		.byte	16
 974 03b1 A1       		.byte	-95
 975 03b2 12       		.byte	18
 976 03b3 89       		.byte	-119
 977 03b4 17       		.byte	23
 978 03b5 15       		.byte	21
 979 03b6 19       		.byte	25
 980 03b7 04       		.byte	4
 981 03b8 1A       		.byte	26
 982 03b9 41       		.byte	65
 983 03ba 1B       		.byte	27
 984 03bb 40       		.byte	64
 985 03bc 1C       		.byte	28
 986 03bd 80       		.byte	-128
 987 03be 1F       		.byte	31
 988 03bf A0       		.byte	-96
 989 03c0 20       		.byte	32
 990 03c1 04       		.byte	4
 991 03c2 22       		.byte	34
 992 03c3 04       		.byte	4
 993 03c4 27       		.byte	39
 994 03c5 05       		.byte	5
 995 03c6 28       		.byte	40
 996 03c7 08       		.byte	8
 997 03c8 2B       		.byte	43
 998 03c9 42       		.byte	66
 999 03ca 2D       		.byte	45
 1000 03cb 80       		.byte	-128
 1001 03cc 2E       		.byte	46
 1002 03cd 08       		.byte	8
 1003 03ce 2F       		.byte	47
 1004 03cf 04       		.byte	4
 1005 03d0 32       		.byte	50
 1006 03d1 08       		.byte	8
 1007 03d2 37       		.byte	55
 1008 03d3 15       		.byte	21
 1009 03d4 38       		.byte	56
 1010 03d5 04       		.byte	4
 1011 03d6 39       		.byte	57
 1012 03d7 20       		.byte	32
 1013 03d8 3B       		.byte	59
 1014 03d9 80       		.byte	-128
 1015 03da 3E       		.byte	62
 1016 03db A0       		.byte	-96
 1017 03dc 58       		.byte	88
 1018 03dd 01       		.byte	1
 1019 03de 59       		.byte	89
 1020 03df 14       		.byte	20
 1021 03e0 5A       		.byte	90
 1022 03e1 40       		.byte	64
 1023 03e2 C0       		.byte	-64
 1024 03e3 75       		.byte	117
 1025 03e4 C2       		.byte	-62
 1026 03e5 EF       		.byte	-17
ARM GAS  C:\Users\drash\AppData\Local\Temp\ccVbkFuy.s 			page 19


 1027 03e6 C4       		.byte	-60
 1028 03e7 7F       		.byte	127
 1029 03e8 CA       		.byte	-54
 1030 03e9 7D       		.byte	125
 1031 03ea CC       		.byte	-52
 1032 03eb E2       		.byte	-30
 1033 03ec CE       		.byte	-50
 1034 03ed 3E       		.byte	62
 1035 03ee D6       		.byte	-42
 1036 03ef 0F       		.byte	15
 1037 03f0 E0       		.byte	-32
 1038 03f1 40       		.byte	64
 1039 03f2 E4       		.byte	-28
 1040 03f3 80       		.byte	-128
 1041 03f4 B4       		.byte	-76
 1042 03f5 40       		.byte	64
 1043 03f6 E4       		.byte	-28
 1044 03f7 80       		.byte	-128
 1045 03f8 33       		.byte	51
 1046 03f9 80       		.byte	-128
 1047 03fa 3C       		.byte	60
 1048 03fb 40       		.byte	64
 1049 03fc 8C       		.byte	-116
 1050 03fd 40       		.byte	64
 1051 03fe CC       		.byte	-52
 1052 03ff 10       		.byte	16
 1053 0400 CE       		.byte	-50
 1054 0401 20       		.byte	32
 1055 0402 94       		.byte	-108
 1056 0403 40       		.byte	64
 1057 0404 A7       		.byte	-89
 1058 0405 80       		.byte	-128
 1059 0406 94       		.byte	-108
 1060 0407 40       		.byte	64
 1061 0408 A7       		.byte	-89
 1062 0409 80       		.byte	-128
 1063 040a 11       		.byte	17
 1064 040b 40       		.byte	64
 1065 040c 94       		.byte	-108
 1066 040d 40       		.byte	64
 1067 040e A7       		.byte	-89
 1068 040f 80       		.byte	-128
 1069 0410 C4       		.byte	-60
 1070 0411 40       		.byte	64
 1071 0412 33       		.byte	51
 1072 0413 80       		.byte	-128
 1073 0414 7C       		.byte	124
 1074 0415 20       		.byte	32
 1075 0416 8F       		.byte	-113
 1076 0417 80       		.byte	-128
 1077 0418 CC       		.byte	-52
 1078 0419 08       		.byte	8
 1079 041a DE       		.byte	-34
 1080 041b 01       		.byte	1
 1081 041c E0       		.byte	-32
 1082 041d 02       		.byte	2
 1083 041e 00       		.byte	0
ARM GAS  C:\Users\drash\AppData\Local\Temp\ccVbkFuy.s 			page 20


 1084 041f 02       		.byte	2
 1085 0420 56       		.byte	86
 1086 0421 02       		.byte	2
 1087 0422 9A       		.byte	-102
 1088 0423 02       		.byte	2
 1089 0424 9C       		.byte	-100
 1090 0425 20       		.byte	32
 1091 0426 AE       		.byte	-82
 1092 0427 02       		.byte	2
 1093 0428 C0       		.byte	-64
 1094 0429 08       		.byte	8
 1095 042a D6       		.byte	-42
 1096 042b 04       		.byte	4
 1097 042c 46       		.byte	70
 1098 042d 20       		.byte	32
 1099 042e 9C       		.byte	-100
 1100 042f 20       		.byte	32
 1101 0430 B0       		.byte	-80
 1102 0431 01       		.byte	1
 1103 0432 D0       		.byte	-48
 1104 0433 01       		.byte	1
 1105 0434 EA       		.byte	-22
 1106 0435 01       		.byte	1
 1107 0436 9C       		.byte	-100
 1108 0437 20       		.byte	32
 1109 0438 9E       		.byte	-98
 1110 0439 20       		.byte	32
 1111 043a 24       		.byte	36
 1112 043b 40       		.byte	64
 1113 043c 25       		.byte	37
 1114 043d 20       		.byte	32
 1115 043e 89       		.byte	-119
 1116 043f 20       		.byte	32
 1117 0440 94       		.byte	-108
 1118 0441 40       		.byte	64
 1119 0442 A9       		.byte	-87
 1120 0443 40       		.byte	64
 1121 0444 AB       		.byte	-85
 1122 0445 80       		.byte	-128
 1123 0446 C8       		.byte	-56
 1124 0447 A0       		.byte	-96
 1125 0448 8A       		.byte	-118
 1126 0449 20       		.byte	32
 1127 044a 9E       		.byte	-98
 1128 044b 20       		.byte	32
 1129 044c B4       		.byte	-76
 1130 044d 20       		.byte	32
 1131 044e E4       		.byte	-28
 1132 044f 01       		.byte	1
 1133 0450 E8       		.byte	-24
 1134 0451 02       		.byte	2
 1135 0452 00       		.byte	0
 1136 0453 02       		.byte	2
 1137 0454 0C       		.byte	12
 1138 0455 02       		.byte	2
 1139 0456 0E       		.byte	14
 1140 0457 02       		.byte	2
ARM GAS  C:\Users\drash\AppData\Local\Temp\ccVbkFuy.s 			page 21


 1141 0458 00       		.byte	0
 1142 0459 02       		.byte	2
 1143 045a 10       		.byte	16
 1144 045b 02       		.byte	2
 1145 045c 00       		.byte	0
 1146 045d 00       		.byte	0
 1147 045e 00       		.byte	0
 1148 045f 00       		.byte	0
 1149 0460 00       		.byte	0
 1150 0461 00       		.byte	0
 1151 0462 30       		.byte	48
 1152 0463 00       		.byte	0
 1153 0464 00       		.byte	0
 1154 0465 0B       		.byte	11
 1155 0466 0B       		.byte	11
 1156 0467 00       		.byte	0
 1157 0468 00       		.byte	0
 1158 0469 00       		.byte	0
 1159 046a 00       		.byte	0
 1160 046b 00       		.byte	0
 1161 046c 02       		.byte	2
 1162 046d 00       		.byte	0
 1163 046e 01       		.byte	1
 1164 046f E2       		.byte	-30
 1165 0470 E2       		.byte	-30
 1166 0471 00       		.byte	0
 1167 0472 02       		.byte	2
 1168 0473 00       		.byte	0
 1169 0474 00       		.byte	0
 1170 0475 00       		.byte	0
 1171 0476 00       		.byte	0
 1172 0477 00       		.byte	0
 1173 0478 2A       		.byte	42
 1174 0479 00       		.byte	0
 1175 047a 18       		.byte	24
 1176 047b 01       		.byte	1
 1177              		.section	.cywolatch,"a",%progbits
 1178              		.align	2
 1179              		.type	cy_meta_wonvl, %object
 1180              		.size	cy_meta_wonvl, 4
 1181              	cy_meta_wonvl:
 1182 0000 BC       		.byte	-68
 1183 0001 90       		.byte	-112
 1184 0002 AC       		.byte	-84
 1185 0003 AF       		.byte	-81
 1186              		.section	.cycustnvl,"a",%progbits
 1187              		.align	2
 1188              		.type	cy_meta_custnvl, %object
 1189              		.size	cy_meta_custnvl, 4
 1190              	cy_meta_custnvl:
 1191 0000 00       		.byte	0
 1192 0001 00       		.byte	0
 1193 0002 40       		.byte	64
 1194 0003 05       		.byte	5
 1195              		.section	.cymeta,"a",%progbits
 1196              		.align	2
 1197              		.type	cy_metadata, %object
ARM GAS  C:\Users\drash\AppData\Local\Temp\ccVbkFuy.s 			page 22


 1198              		.size	cy_metadata, 12
 1199              	cy_metadata:
 1200 0000 00       		.byte	0
 1201 0001 01       		.byte	1
 1202 0002 2E       		.byte	46
 1203 0003 16       		.byte	22
 1204 0004 00       		.byte	0
 1205 0005 69       		.byte	105
 1206 0006 00       		.byte	0
 1207 0007 01       		.byte	1
 1208 0008 00       		.byte	0
 1209 0009 00       		.byte	0
 1210 000a 00       		.byte	0
 1211 000b 00       		.byte	0
 1212              		.section	.cyflashprotect,"a",%progbits
 1213              		.align	2
 1214              		.type	cy_meta_flashprotect, %object
 1215              		.size	cy_meta_flashprotect, 256
 1216              	cy_meta_flashprotect:
 1217 0000 00000000 		.space	256
 1217      00000000 
 1217      00000000 
 1217      00000000 
 1217      00000000 
 1218              		.text
 1219              	.Letext0:
 1220              		.file 1 "c:\\program files (x86)\\cypress\\psoc creator\\4.4\\psoc creator\\import\\gnu\\arm\\5.4.
 1221              		.file 2 "c:\\program files (x86)\\cypress\\psoc creator\\4.4\\psoc creator\\import\\gnu\\arm\\5.4.
 1222              		.file 3 "Generated_Source\\PSoC5\\cymetadata.c"
 1223              		.section	.debug_info,"",%progbits
 1224              	.Ldebug_info0:
 1225 0000 32010000 		.4byte	0x132
 1226 0004 0400     		.2byte	0x4
 1227 0006 00000000 		.4byte	.Ldebug_abbrev0
 1228 000a 04       		.byte	0x4
 1229 000b 01       		.uleb128 0x1
 1230 000c 24000000 		.4byte	.LASF17
 1231 0010 0C       		.byte	0xc
 1232 0011 C6010000 		.4byte	.LASF18
 1233 0015 B2000000 		.4byte	.LASF19
 1234 0019 00000000 		.4byte	.Ldebug_line0
 1235 001d 02       		.uleb128 0x2
 1236 001e 01       		.byte	0x1
 1237 001f 06       		.byte	0x6
 1238 0020 BA010000 		.4byte	.LASF0
 1239 0024 03       		.uleb128 0x3
 1240 0025 00000000 		.4byte	.LASF9
 1241 0029 01       		.byte	0x1
 1242 002a 1D       		.byte	0x1d
 1243 002b 2F000000 		.4byte	0x2f
 1244 002f 02       		.uleb128 0x2
 1245 0030 01       		.byte	0x1
 1246 0031 08       		.byte	0x8
 1247 0032 16000000 		.4byte	.LASF1
 1248 0036 02       		.uleb128 0x2
 1249 0037 02       		.byte	0x2
 1250 0038 05       		.byte	0x5
ARM GAS  C:\Users\drash\AppData\Local\Temp\ccVbkFuy.s 			page 23


 1251 0039 A7010000 		.4byte	.LASF2
 1252 003d 02       		.uleb128 0x2
 1253 003e 02       		.byte	0x2
 1254 003f 07       		.byte	0x7
 1255 0040 0C010000 		.4byte	.LASF3
 1256 0044 02       		.uleb128 0x2
 1257 0045 04       		.byte	0x4
 1258 0046 05       		.byte	0x5
 1259 0047 B1010000 		.4byte	.LASF4
 1260 004b 02       		.uleb128 0x2
 1261 004c 04       		.byte	0x4
 1262 004d 07       		.byte	0x7
 1263 004e FA000000 		.4byte	.LASF5
 1264 0052 02       		.uleb128 0x2
 1265 0053 08       		.byte	0x8
 1266 0054 05       		.byte	0x5
 1267 0055 99010000 		.4byte	.LASF6
 1268 0059 02       		.uleb128 0x2
 1269 005a 08       		.byte	0x8
 1270 005b 07       		.byte	0x7
 1271 005c 4E010000 		.4byte	.LASF7
 1272 0060 04       		.uleb128 0x4
 1273 0061 04       		.byte	0x4
 1274 0062 05       		.byte	0x5
 1275 0063 696E7400 		.ascii	"int\000"
 1276 0067 02       		.uleb128 0x2
 1277 0068 04       		.byte	0x4
 1278 0069 07       		.byte	0x7
 1279 006a 41010000 		.4byte	.LASF8
 1280 006e 03       		.uleb128 0x3
 1281 006f 65010000 		.4byte	.LASF10
 1282 0073 02       		.byte	0x2
 1283 0074 18       		.byte	0x18
 1284 0075 24000000 		.4byte	0x24
 1285 0079 05       		.uleb128 0x5
 1286 007a 91000000 		.4byte	0x91
 1287 007e 8A000000 		.4byte	0x8a
 1288 0082 06       		.uleb128 0x6
 1289 0083 8A000000 		.4byte	0x8a
 1290 0087 7B04     		.2byte	0x47b
 1291 0089 00       		.byte	0
 1292 008a 02       		.uleb128 0x2
 1293 008b 04       		.byte	0x4
 1294 008c 07       		.byte	0x7
 1295 008d 90010000 		.4byte	.LASF11
 1296 0091 07       		.uleb128 0x7
 1297 0092 6E000000 		.4byte	0x6e
 1298 0096 08       		.uleb128 0x8
 1299 0097 2F010000 		.4byte	.LASF12
 1300 009b 03       		.byte	0x3
 1301 009c 1F       		.byte	0x1f
 1302 009d A7000000 		.4byte	0xa7
 1303 00a1 05       		.uleb128 0x5
 1304 00a2 03       		.byte	0x3
 1305 00a3 00000000 		.4byte	cy_meta_configecc
 1306 00a7 07       		.uleb128 0x7
 1307 00a8 79000000 		.4byte	0x79
ARM GAS  C:\Users\drash\AppData\Local\Temp\ccVbkFuy.s 			page 24


 1308 00ac 05       		.uleb128 0x5
 1309 00ad 91000000 		.4byte	0x91
 1310 00b1 BC000000 		.4byte	0xbc
 1311 00b5 09       		.uleb128 0x9
 1312 00b6 8A000000 		.4byte	0x8a
 1313 00ba 03       		.byte	0x3
 1314 00bb 00       		.byte	0
 1315 00bc 08       		.uleb128 0x8
 1316 00bd 1F010000 		.4byte	.LASF13
 1317 00c1 03       		.byte	0x3
 1318 00c2 BC       		.byte	0xbc
 1319 00c3 CD000000 		.4byte	0xcd
 1320 00c7 05       		.uleb128 0x5
 1321 00c8 03       		.byte	0x3
 1322 00c9 00000000 		.4byte	cy_meta_custnvl
 1323 00cd 07       		.uleb128 0x7
 1324 00ce AC000000 		.4byte	0xac
 1325 00d2 08       		.uleb128 0x8
 1326 00d3 82010000 		.4byte	.LASF14
 1327 00d7 03       		.byte	0x3
 1328 00d8 CA       		.byte	0xca
 1329 00d9 E3000000 		.4byte	0xe3
 1330 00dd 05       		.uleb128 0x5
 1331 00de 03       		.byte	0x3
 1332 00df 00000000 		.4byte	cy_meta_wonvl
 1333 00e3 07       		.uleb128 0x7
 1334 00e4 AC000000 		.4byte	0xac
 1335 00e8 05       		.uleb128 0x5
 1336 00e9 91000000 		.4byte	0x91
 1337 00ed F8000000 		.4byte	0xf8
 1338 00f1 09       		.uleb128 0x9
 1339 00f2 8A000000 		.4byte	0x8a
 1340 00f6 FF       		.byte	0xff
 1341 00f7 00       		.byte	0
 1342 00f8 08       		.uleb128 0x8
 1343 00f9 6D010000 		.4byte	.LASF15
 1344 00fd 03       		.byte	0x3
 1345 00fe D8       		.byte	0xd8
 1346 00ff 09010000 		.4byte	0x109
 1347 0103 05       		.uleb128 0x5
 1348 0104 03       		.byte	0x3
 1349 0105 00000000 		.4byte	cy_meta_flashprotect
 1350 0109 07       		.uleb128 0x7
 1351 010a E8000000 		.4byte	0xe8
 1352 010e 05       		.uleb128 0x5
 1353 010f 91000000 		.4byte	0x91
 1354 0113 1E010000 		.4byte	0x11e
 1355 0117 09       		.uleb128 0x9
 1356 0118 8A000000 		.4byte	0x8a
 1357 011c 0B       		.byte	0xb
 1358 011d 00       		.byte	0
 1359 011e 0A       		.uleb128 0xa
 1360 011f 0A000000 		.4byte	.LASF16
 1361 0123 03       		.byte	0x3
 1362 0124 0501     		.2byte	0x105
 1363 0126 30010000 		.4byte	0x130
 1364 012a 05       		.uleb128 0x5
ARM GAS  C:\Users\drash\AppData\Local\Temp\ccVbkFuy.s 			page 25


 1365 012b 03       		.byte	0x3
 1366 012c 00000000 		.4byte	cy_metadata
 1367 0130 07       		.uleb128 0x7
 1368 0131 0E010000 		.4byte	0x10e
 1369 0135 00       		.byte	0
 1370              		.section	.debug_abbrev,"",%progbits
 1371              	.Ldebug_abbrev0:
 1372 0000 01       		.uleb128 0x1
 1373 0001 11       		.uleb128 0x11
 1374 0002 01       		.byte	0x1
 1375 0003 25       		.uleb128 0x25
 1376 0004 0E       		.uleb128 0xe
 1377 0005 13       		.uleb128 0x13
 1378 0006 0B       		.uleb128 0xb
 1379 0007 03       		.uleb128 0x3
 1380 0008 0E       		.uleb128 0xe
 1381 0009 1B       		.uleb128 0x1b
 1382 000a 0E       		.uleb128 0xe
 1383 000b 10       		.uleb128 0x10
 1384 000c 17       		.uleb128 0x17
 1385 000d 00       		.byte	0
 1386 000e 00       		.byte	0
 1387 000f 02       		.uleb128 0x2
 1388 0010 24       		.uleb128 0x24
 1389 0011 00       		.byte	0
 1390 0012 0B       		.uleb128 0xb
 1391 0013 0B       		.uleb128 0xb
 1392 0014 3E       		.uleb128 0x3e
 1393 0015 0B       		.uleb128 0xb
 1394 0016 03       		.uleb128 0x3
 1395 0017 0E       		.uleb128 0xe
 1396 0018 00       		.byte	0
 1397 0019 00       		.byte	0
 1398 001a 03       		.uleb128 0x3
 1399 001b 16       		.uleb128 0x16
 1400 001c 00       		.byte	0
 1401 001d 03       		.uleb128 0x3
 1402 001e 0E       		.uleb128 0xe
 1403 001f 3A       		.uleb128 0x3a
 1404 0020 0B       		.uleb128 0xb
 1405 0021 3B       		.uleb128 0x3b
 1406 0022 0B       		.uleb128 0xb
 1407 0023 49       		.uleb128 0x49
 1408 0024 13       		.uleb128 0x13
 1409 0025 00       		.byte	0
 1410 0026 00       		.byte	0
 1411 0027 04       		.uleb128 0x4
 1412 0028 24       		.uleb128 0x24
 1413 0029 00       		.byte	0
 1414 002a 0B       		.uleb128 0xb
 1415 002b 0B       		.uleb128 0xb
 1416 002c 3E       		.uleb128 0x3e
 1417 002d 0B       		.uleb128 0xb
 1418 002e 03       		.uleb128 0x3
 1419 002f 08       		.uleb128 0x8
 1420 0030 00       		.byte	0
 1421 0031 00       		.byte	0
ARM GAS  C:\Users\drash\AppData\Local\Temp\ccVbkFuy.s 			page 26


 1422 0032 05       		.uleb128 0x5
 1423 0033 01       		.uleb128 0x1
 1424 0034 01       		.byte	0x1
 1425 0035 49       		.uleb128 0x49
 1426 0036 13       		.uleb128 0x13
 1427 0037 01       		.uleb128 0x1
 1428 0038 13       		.uleb128 0x13
 1429 0039 00       		.byte	0
 1430 003a 00       		.byte	0
 1431 003b 06       		.uleb128 0x6
 1432 003c 21       		.uleb128 0x21
 1433 003d 00       		.byte	0
 1434 003e 49       		.uleb128 0x49
 1435 003f 13       		.uleb128 0x13
 1436 0040 2F       		.uleb128 0x2f
 1437 0041 05       		.uleb128 0x5
 1438 0042 00       		.byte	0
 1439 0043 00       		.byte	0
 1440 0044 07       		.uleb128 0x7
 1441 0045 26       		.uleb128 0x26
 1442 0046 00       		.byte	0
 1443 0047 49       		.uleb128 0x49
 1444 0048 13       		.uleb128 0x13
 1445 0049 00       		.byte	0
 1446 004a 00       		.byte	0
 1447 004b 08       		.uleb128 0x8
 1448 004c 34       		.uleb128 0x34
 1449 004d 00       		.byte	0
 1450 004e 03       		.uleb128 0x3
 1451 004f 0E       		.uleb128 0xe
 1452 0050 3A       		.uleb128 0x3a
 1453 0051 0B       		.uleb128 0xb
 1454 0052 3B       		.uleb128 0x3b
 1455 0053 0B       		.uleb128 0xb
 1456 0054 49       		.uleb128 0x49
 1457 0055 13       		.uleb128 0x13
 1458 0056 3F       		.uleb128 0x3f
 1459 0057 19       		.uleb128 0x19
 1460 0058 02       		.uleb128 0x2
 1461 0059 18       		.uleb128 0x18
 1462 005a 00       		.byte	0
 1463 005b 00       		.byte	0
 1464 005c 09       		.uleb128 0x9
 1465 005d 21       		.uleb128 0x21
 1466 005e 00       		.byte	0
 1467 005f 49       		.uleb128 0x49
 1468 0060 13       		.uleb128 0x13
 1469 0061 2F       		.uleb128 0x2f
 1470 0062 0B       		.uleb128 0xb
 1471 0063 00       		.byte	0
 1472 0064 00       		.byte	0
 1473 0065 0A       		.uleb128 0xa
 1474 0066 34       		.uleb128 0x34
 1475 0067 00       		.byte	0
 1476 0068 03       		.uleb128 0x3
 1477 0069 0E       		.uleb128 0xe
 1478 006a 3A       		.uleb128 0x3a
ARM GAS  C:\Users\drash\AppData\Local\Temp\ccVbkFuy.s 			page 27


 1479 006b 0B       		.uleb128 0xb
 1480 006c 3B       		.uleb128 0x3b
 1481 006d 05       		.uleb128 0x5
 1482 006e 49       		.uleb128 0x49
 1483 006f 13       		.uleb128 0x13
 1484 0070 3F       		.uleb128 0x3f
 1485 0071 19       		.uleb128 0x19
 1486 0072 02       		.uleb128 0x2
 1487 0073 18       		.uleb128 0x18
 1488 0074 00       		.byte	0
 1489 0075 00       		.byte	0
 1490 0076 00       		.byte	0
 1491              		.section	.debug_aranges,"",%progbits
 1492 0000 14000000 		.4byte	0x14
 1493 0004 0200     		.2byte	0x2
 1494 0006 00000000 		.4byte	.Ldebug_info0
 1495 000a 04       		.byte	0x4
 1496 000b 00       		.byte	0
 1497 000c 0000     		.2byte	0
 1498 000e 0000     		.2byte	0
 1499 0010 00000000 		.4byte	0
 1500 0014 00000000 		.4byte	0
 1501              		.section	.debug_line,"",%progbits
 1502              	.Ldebug_line0:
 1503 0000 3D010000 		.section	.debug_str,"MS",%progbits,1
 1503      02003701 
 1503      00000201 
 1503      FB0E0D00 
 1503      01010101 
 1504              	.LASF9:
 1505 0000 5F5F7569 		.ascii	"__uint8_t\000"
 1505      6E74385F 
 1505      7400
 1506              	.LASF16:
 1507 000a 63795F6D 		.ascii	"cy_metadata\000"
 1507      65746164 
 1507      61746100 
 1508              	.LASF1:
 1509 0016 756E7369 		.ascii	"unsigned char\000"
 1509      676E6564 
 1509      20636861 
 1509      7200
 1510              	.LASF17:
 1511 0024 474E5520 		.ascii	"GNU C11 5.4.1 20160609 (release) [ARM/embedded-5-br"
 1511      43313120 
 1511      352E342E 
 1511      31203230 
 1511      31363036 
 1512 0057 616E6368 		.ascii	"anch revision 237715] -mcpu=cortex-m3 -mthumb -g -O"
 1512      20726576 
 1512      6973696F 
 1512      6E203233 
 1512      37373135 
 1513 008a 67202D66 		.ascii	"g -ffunction-sections -ffat-lto-objects\000"
 1513      66756E63 
 1513      74696F6E 
 1513      2D736563 
ARM GAS  C:\Users\drash\AppData\Local\Temp\ccVbkFuy.s 			page 28


 1513      74696F6E 
 1514              	.LASF19:
 1515 00b2 433A5C55 		.ascii	"C:\\Users\\drash\\Documents\\PSoC Creator\\Workspac"
 1515      73657273 
 1515      5C647261 
 1515      73685C44 
 1515      6F63756D 
 1516 00e0 655F5344 		.ascii	"e_SDHD\\ADC_Exercise.cydsn\000"
 1516      48445C41 
 1516      44435F45 
 1516      78657263 
 1516      6973652E 
 1517              	.LASF5:
 1518 00fa 6C6F6E67 		.ascii	"long unsigned int\000"
 1518      20756E73 
 1518      69676E65 
 1518      6420696E 
 1518      7400
 1519              	.LASF3:
 1520 010c 73686F72 		.ascii	"short unsigned int\000"
 1520      7420756E 
 1520      7369676E 
 1520      65642069 
 1520      6E7400
 1521              	.LASF13:
 1522 011f 63795F6D 		.ascii	"cy_meta_custnvl\000"
 1522      6574615F 
 1522      63757374 
 1522      6E766C00 
 1523              	.LASF12:
 1524 012f 63795F6D 		.ascii	"cy_meta_configecc\000"
 1524      6574615F 
 1524      636F6E66 
 1524      69676563 
 1524      6300
 1525              	.LASF8:
 1526 0141 756E7369 		.ascii	"unsigned int\000"
 1526      676E6564 
 1526      20696E74 
 1526      00
 1527              	.LASF7:
 1528 014e 6C6F6E67 		.ascii	"long long unsigned int\000"
 1528      206C6F6E 
 1528      6720756E 
 1528      7369676E 
 1528      65642069 
 1529              	.LASF10:
 1530 0165 75696E74 		.ascii	"uint8_t\000"
 1530      385F7400 
 1531              	.LASF15:
 1532 016d 63795F6D 		.ascii	"cy_meta_flashprotect\000"
 1532      6574615F 
 1532      666C6173 
 1532      6870726F 
 1532      74656374 
 1533              	.LASF14:
 1534 0182 63795F6D 		.ascii	"cy_meta_wonvl\000"
ARM GAS  C:\Users\drash\AppData\Local\Temp\ccVbkFuy.s 			page 29


 1534      6574615F 
 1534      776F6E76 
 1534      6C00
 1535              	.LASF11:
 1536 0190 73697A65 		.ascii	"sizetype\000"
 1536      74797065 
 1536      00
 1537              	.LASF6:
 1538 0199 6C6F6E67 		.ascii	"long long int\000"
 1538      206C6F6E 
 1538      6720696E 
 1538      7400
 1539              	.LASF2:
 1540 01a7 73686F72 		.ascii	"short int\000"
 1540      7420696E 
 1540      7400
 1541              	.LASF4:
 1542 01b1 6C6F6E67 		.ascii	"long int\000"
 1542      20696E74 
 1542      00
 1543              	.LASF0:
 1544 01ba 7369676E 		.ascii	"signed char\000"
 1544      65642063 
 1544      68617200 
 1545              	.LASF18:
 1546 01c6 47656E65 		.ascii	"Generated_Source\\PSoC5\\cymetadata.c\000"
 1546      72617465 
 1546      645F536F 
 1546      75726365 
 1546      5C50536F 
 1547              		.ident	"GCC: (GNU Tools for ARM Embedded Processors) 5.4.1 20160609 (release) [ARM/embedded-5-bran
