ARM GAS  C:\Users\drash\AppData\Local\Temp\ccD28hoG.s 			page 1


   1              		.syntax unified
   2              		.cpu cortex-m3
   3              		.fpu softvfp
   4              		.eabi_attribute 20, 1
   5              		.eabi_attribute 21, 1
   6              		.eabi_attribute 23, 3
   7              		.eabi_attribute 24, 1
   8              		.eabi_attribute 25, 1
   9              		.eabi_attribute 26, 1
  10              		.eabi_attribute 30, 1
  11              		.eabi_attribute 34, 1
  12              		.eabi_attribute 18, 4
  13              		.thumb
  14              		.syntax unified
  15              		.file	"main.c"
  16              		.text
  17              	.Ltext0:
  18              		.cfi_sections	.debug_frame
  19              		.section	.text.main,"ax",%progbits
  20              		.align	2
  21              		.global	main
  22              		.thumb
  23              		.thumb_func
  24              		.type	main, %function
  25              	main:
  26              	.LFB64:
  27              		.file 1 "main.c"
   1:main.c        **** /* ========================================
   2:main.c        ****  *
   3:main.c        ****  * Copyright YOUR COMPANY, THE YEAR
   4:main.c        ****  * All Rights Reserved
   5:main.c        ****  * UNPUBLISHED, LICENSED SOFTWARE.
   6:main.c        ****  *
   7:main.c        ****  * CONFIDENTIAL AND PROPRIETARY INFORMATION
   8:main.c        ****  * WHICH IS THE PROPERTY OF your company.
   9:main.c        ****  *
  10:main.c        ****  * ========================================
  11:main.c        **** */
  12:main.c        **** #include "project.h"
  13:main.c        **** #include <stdio.h>
  14:main.c        **** #include <stdlib.h>
  15:main.c        **** #define VDDA 5
  16:main.c        **** 
  17:main.c        **** int main(void)
  18:main.c        **** {
  28              		.loc 1 18 0
  29              		.cfi_startproc
  30              		@ args = 0, pretend = 0, frame = 0
  31              		@ frame_needed = 0, uses_anonymous_args = 0
  32 0000 08B5     		push	{r3, lr}
  33              		.cfi_def_cfa_offset 8
  34              		.cfi_offset 3, -8
  35              		.cfi_offset 14, -4
  19:main.c        ****     CyGlobalIntEnable; /* Enable global interrupts. */
  36              		.loc 1 19 0
  37              		.syntax unified
  38              	@ 19 "main.c" 1
ARM GAS  C:\Users\drash\AppData\Local\Temp\ccD28hoG.s 			page 2


  39 0002 62B6     		CPSIE   i
  40              	@ 0 "" 2
  20:main.c        **** 
  21:main.c        ****     /* Place your initialization/startup code here (e.g. MyInst_Start()) */
  22:main.c        ****     
  23:main.c        ****     WaveDAC8_Start();
  41              		.loc 1 23 0
  42              		.thumb
  43              		.syntax unified
  44 0004 FFF7FEFF 		bl	WaveDAC8_Start
  45              	.LVL0:
  24:main.c        ****     WaveDAC8_Enable();
  46              		.loc 1 24 0
  47 0008 FFF7FEFF 		bl	WaveDAC8_Enable
  48              	.LVL1:
  25:main.c        ****    
  26:main.c        ****    
  27:main.c        ****     ADC_Start();
  49              		.loc 1 27 0
  50 000c FFF7FEFF 		bl	ADC_Start
  51              	.LVL2:
  52              	.L2:
  53              	.LBB2:
  28:main.c        ****     
  29:main.c        ****     for(;;)
  30:main.c        ****     {
  31:main.c        ****         /* Place your application code here. */
  32:main.c        ****          WaveDAC8_SetRange(WaveDAC8_VDAC8_RANGE_4V);
  54              		.loc 1 32 0
  55 0010 0420     		movs	r0, #4
  56 0012 FFF7FEFF 		bl	WaveDAC8_VDAC8_SetRange
  57              	.LVL3:
  33:main.c        ****         // WaveDAC8_SetValue(5);
  34:main.c        ****         ADC_StartConvert();
  58              		.loc 1 34 0
  59 0016 FFF7FEFF 		bl	ADC_StartConvert
  60              	.LVL4:
  35:main.c        ****         ADC_IsEndConversion(ADC_WAIT_FOR_RESULT);
  61              		.loc 1 35 0
  62 001a 0020     		movs	r0, #0
  63 001c FFF7FEFF 		bl	ADC_IsEndConversion
  64              	.LVL5:
  36:main.c        ****     
  37:main.c        ****         int32 adc_result = ADC_GetResult32();
  65              		.loc 1 37 0
  66 0020 FFF7FEFF 		bl	ADC_GetResult32
  67              	.LVL6:
  38:main.c        ****         
  39:main.c        ****         int16 adc_millivolts = ADC_CountsTo_mVolts(adc_result);
  68              		.loc 1 39 0
  69 0024 FFF7FEFF 		bl	ADC_CountsTo_mVolts
  70              	.LVL7:
  40:main.c        ****     
  41:main.c        ****         
  42:main.c        ****         if( (adc_millivolts <= 600) )       // 0.088 * 4.7 = 0.413 V = 413 mV // R1 = 100ohm , R2 =
  71              		.loc 1 42 0
  72 0028 B0F5167F 		cmp	r0, #600
ARM GAS  C:\Users\drash\AppData\Local\Temp\ccD28hoG.s 			page 3


  73 002c 09DC     		bgt	.L3
  43:main.c        ****         {
  44:main.c        ****             Green_LED_Write(1);
  74              		.loc 1 44 0
  75 002e 0120     		movs	r0, #1
  76              	.LVL8:
  77 0030 FFF7FEFF 		bl	Green_LED_Write
  78              	.LVL9:
  45:main.c        ****             Yellow_LED_Write(0);
  79              		.loc 1 45 0
  80 0034 0020     		movs	r0, #0
  81 0036 FFF7FEFF 		bl	Yellow_LED_Write
  82              	.LVL10:
  46:main.c        ****             Red_LED_Write(0);
  83              		.loc 1 46 0
  84 003a 0020     		movs	r0, #0
  85 003c FFF7FEFF 		bl	Red_LED_Write
  86              	.LVL11:
  87 0040 E6E7     		b	.L2
  88              	.LVL12:
  89              	.L3:
  47:main.c        ****         }
  48:main.c        ****         
  49:main.c        ****         else if((adc_millivolts > 600) && ( adc_millivolts <= 2700)) // 0.5 * 4.7 = 2.35 V = 2350mV
  90              		.loc 1 49 0
  91 0042 A0F25923 		subw	r3, r0, #601
  92 0046 9BB2     		uxth	r3, r3
  93 0048 40F63302 		movw	r2, #2099
  94 004c 9342     		cmp	r3, r2
  95 004e 09D8     		bhi	.L5
  50:main.c        ****         {
  51:main.c        ****             Green_LED_Write(0);
  96              		.loc 1 51 0
  97 0050 0020     		movs	r0, #0
  98              	.LVL13:
  99 0052 FFF7FEFF 		bl	Green_LED_Write
 100              	.LVL14:
  52:main.c        ****             Yellow_LED_Write(1);
 101              		.loc 1 52 0
 102 0056 0120     		movs	r0, #1
 103 0058 FFF7FEFF 		bl	Yellow_LED_Write
 104              	.LVL15:
  53:main.c        ****             Red_LED_Write(0);
 105              		.loc 1 53 0
 106 005c 0020     		movs	r0, #0
 107 005e FFF7FEFF 		bl	Red_LED_Write
 108              	.LVL16:
 109 0062 D5E7     		b	.L2
 110              	.LVL17:
 111              	.L5:
  54:main.c        ****         }
  55:main.c        ****         
  56:main.c        ****         else if((adc_millivolts > 2700)) // 0.911 * 4.7 = 4.281 V = 4281 mV //R1 = 10k R2 = 100k
 112              		.loc 1 56 0
 113 0064 40F68C23 		movw	r3, #2700
 114 0068 9842     		cmp	r0, r3
 115 006a D1DD     		ble	.L2
ARM GAS  C:\Users\drash\AppData\Local\Temp\ccD28hoG.s 			page 4


  57:main.c        ****         {
  58:main.c        ****             Green_LED_Write(0);
 116              		.loc 1 58 0
 117 006c 0020     		movs	r0, #0
 118              	.LVL18:
 119 006e FFF7FEFF 		bl	Green_LED_Write
 120              	.LVL19:
  59:main.c        ****             Yellow_LED_Write(0);
 121              		.loc 1 59 0
 122 0072 0020     		movs	r0, #0
 123 0074 FFF7FEFF 		bl	Yellow_LED_Write
 124              	.LVL20:
  60:main.c        ****             Red_LED_Write(1);
 125              		.loc 1 60 0
 126 0078 0120     		movs	r0, #1
 127 007a FFF7FEFF 		bl	Red_LED_Write
 128              	.LVL21:
 129 007e C7E7     		b	.L2
 130              	.LBE2:
 131              		.cfi_endproc
 132              	.LFE64:
 133              		.size	main, .-main
 134              		.text
 135              	.Letext0:
 136              		.file 2 "c:\\program files (x86)\\cypress\\psoc creator\\4.4\\psoc creator\\import\\gnu\\arm\\5.4.
 137              		.file 3 "c:\\program files (x86)\\cypress\\psoc creator\\4.4\\psoc creator\\import\\gnu\\arm\\5.4.
 138              		.file 4 "Generated_Source\\PSoC5/cytypes.h"
 139              		.file 5 "Generated_Source\\PSoC5/WaveDAC8_VDAC8.h"
 140              		.file 6 "Generated_Source\\PSoC5/ADC.h"
 141              		.file 7 "Generated_Source\\PSoC5/Green_LED.h"
 142              		.file 8 "Generated_Source\\PSoC5/Yellow_LED.h"
 143              		.file 9 "Generated_Source\\PSoC5/Red_LED.h"
 144              		.file 10 "Generated_Source\\PSoC5/WaveDAC8.h"
 145              		.file 11 "Generated_Source\\PSoC5/core_cm3.h"
 146              		.section	.debug_info,"",%progbits
 147              	.Ldebug_info0:
 148 0000 8C020000 		.4byte	0x28c
 149 0004 0400     		.2byte	0x4
 150 0006 00000000 		.4byte	.Ldebug_abbrev0
 151 000a 04       		.byte	0x4
 152 000b 01       		.uleb128 0x1
 153 000c 69000000 		.4byte	.LASF31
 154 0010 0C       		.byte	0xc
 155 0011 11020000 		.4byte	.LASF32
 156 0015 08010000 		.4byte	.LASF33
 157 0019 00000000 		.4byte	.Ldebug_ranges0+0
 158 001d 00000000 		.4byte	0
 159 0021 00000000 		.4byte	.Ldebug_line0
 160 0025 02       		.uleb128 0x2
 161 0026 01       		.byte	0x1
 162 0027 06       		.byte	0x6
 163 0028 65020000 		.4byte	.LASF0
 164 002c 02       		.uleb128 0x2
 165 002d 01       		.byte	0x1
 166 002e 08       		.byte	0x8
 167 002f 5B000000 		.4byte	.LASF1
 168 0033 02       		.uleb128 0x2
ARM GAS  C:\Users\drash\AppData\Local\Temp\ccD28hoG.s 			page 5


 169 0034 02       		.byte	0x2
 170 0035 05       		.byte	0x5
 171 0036 1D020000 		.4byte	.LASF2
 172 003a 02       		.uleb128 0x2
 173 003b 02       		.byte	0x2
 174 003c 07       		.byte	0x7
 175 003d 1E000000 		.4byte	.LASF3
 176 0041 03       		.uleb128 0x3
 177 0042 00000000 		.4byte	.LASF9
 178 0046 02       		.byte	0x2
 179 0047 3F       		.byte	0x3f
 180 0048 4C000000 		.4byte	0x4c
 181 004c 02       		.uleb128 0x2
 182 004d 04       		.byte	0x4
 183 004e 05       		.byte	0x5
 184 004f 50020000 		.4byte	.LASF4
 185 0053 02       		.uleb128 0x2
 186 0054 04       		.byte	0x4
 187 0055 07       		.byte	0x7
 188 0056 AD010000 		.4byte	.LASF5
 189 005a 02       		.uleb128 0x2
 190 005b 08       		.byte	0x8
 191 005c 05       		.byte	0x5
 192 005d 03020000 		.4byte	.LASF6
 193 0061 02       		.uleb128 0x2
 194 0062 08       		.byte	0x8
 195 0063 07       		.byte	0x7
 196 0064 D1010000 		.4byte	.LASF7
 197 0068 04       		.uleb128 0x4
 198 0069 04       		.byte	0x4
 199 006a 05       		.byte	0x5
 200 006b 696E7400 		.ascii	"int\000"
 201 006f 02       		.uleb128 0x2
 202 0070 04       		.byte	0x4
 203 0071 07       		.byte	0x7
 204 0072 C4010000 		.4byte	.LASF8
 205 0076 03       		.uleb128 0x3
 206 0077 F2010000 		.4byte	.LASF10
 207 007b 03       		.byte	0x3
 208 007c 2C       		.byte	0x2c
 209 007d 41000000 		.4byte	0x41
 210 0081 05       		.uleb128 0x5
 211 0082 50010000 		.4byte	.LASF11
 212 0086 04       		.byte	0x4
 213 0087 ED01     		.2byte	0x1ed
 214 0089 33000000 		.4byte	0x33
 215 008d 05       		.uleb128 0x5
 216 008e 6A010000 		.4byte	.LASF12
 217 0092 04       		.byte	0x4
 218 0093 EE01     		.2byte	0x1ee
 219 0095 4C000000 		.4byte	0x4c
 220 0099 02       		.uleb128 0x2
 221 009a 04       		.byte	0x4
 222 009b 04       		.byte	0x4
 223 009c 46000000 		.4byte	.LASF13
 224 00a0 02       		.uleb128 0x2
 225 00a1 08       		.byte	0x8
ARM GAS  C:\Users\drash\AppData\Local\Temp\ccD28hoG.s 			page 6


 226 00a2 04       		.byte	0x4
 227 00a3 3F000000 		.4byte	.LASF14
 228 00a7 02       		.uleb128 0x2
 229 00a8 01       		.byte	0x1
 230 00a9 08       		.byte	0x8
 231 00aa 18020000 		.4byte	.LASF15
 232 00ae 02       		.uleb128 0x2
 233 00af 08       		.byte	0x8
 234 00b0 04       		.byte	0x4
 235 00b1 59020000 		.4byte	.LASF16
 236 00b5 02       		.uleb128 0x2
 237 00b6 04       		.byte	0x4
 238 00b7 07       		.byte	0x7
 239 00b8 FA010000 		.4byte	.LASF17
 240 00bc 06       		.uleb128 0x6
 241 00bd BF010000 		.4byte	.LASF34
 242 00c1 01       		.byte	0x1
 243 00c2 11       		.byte	0x11
 244 00c3 68000000 		.4byte	0x68
 245 00c7 00000000 		.4byte	.LFB64
 246 00cb 80000000 		.4byte	.LFE64-.LFB64
 247 00cf 01       		.uleb128 0x1
 248 00d0 9C       		.byte	0x9c
 249 00d1 05020000 		.4byte	0x205
 250 00d5 07       		.uleb128 0x7
 251 00d6 10000000 		.4byte	.LBB2
 252 00da 70000000 		.4byte	.LBE2-.LBB2
 253 00de E9010000 		.4byte	0x1e9
 254 00e2 08       		.uleb128 0x8
 255 00e3 80020000 		.4byte	.LASF18
 256 00e7 01       		.byte	0x1
 257 00e8 25       		.byte	0x25
 258 00e9 8D000000 		.4byte	0x8d
 259 00ed 00000000 		.4byte	.LLST0
 260 00f1 08       		.uleb128 0x8
 261 00f2 71020000 		.4byte	.LASF19
 262 00f6 01       		.byte	0x1
 263 00f7 27       		.byte	0x27
 264 00f8 81000000 		.4byte	0x81
 265 00fc 13000000 		.4byte	.LLST1
 266 0100 09       		.uleb128 0x9
 267 0101 16000000 		.4byte	.LVL3
 268 0105 16020000 		.4byte	0x216
 269 0109 13010000 		.4byte	0x113
 270 010d 0A       		.uleb128 0xa
 271 010e 01       		.uleb128 0x1
 272 010f 50       		.byte	0x50
 273 0110 01       		.uleb128 0x1
 274 0111 34       		.byte	0x34
 275 0112 00       		.byte	0
 276 0113 0B       		.uleb128 0xb
 277 0114 1A000000 		.4byte	.LVL4
 278 0118 21020000 		.4byte	0x221
 279 011c 09       		.uleb128 0x9
 280 011d 20000000 		.4byte	.LVL5
 281 0121 2C020000 		.4byte	0x22c
 282 0125 2F010000 		.4byte	0x12f
ARM GAS  C:\Users\drash\AppData\Local\Temp\ccD28hoG.s 			page 7


 283 0129 0A       		.uleb128 0xa
 284 012a 01       		.uleb128 0x1
 285 012b 50       		.byte	0x50
 286 012c 01       		.uleb128 0x1
 287 012d 30       		.byte	0x30
 288 012e 00       		.byte	0
 289 012f 0B       		.uleb128 0xb
 290 0130 24000000 		.4byte	.LVL6
 291 0134 37020000 		.4byte	0x237
 292 0138 0B       		.uleb128 0xb
 293 0139 28000000 		.4byte	.LVL7
 294 013d 42020000 		.4byte	0x242
 295 0141 09       		.uleb128 0x9
 296 0142 34000000 		.4byte	.LVL9
 297 0146 4D020000 		.4byte	0x24d
 298 014a 54010000 		.4byte	0x154
 299 014e 0A       		.uleb128 0xa
 300 014f 01       		.uleb128 0x1
 301 0150 50       		.byte	0x50
 302 0151 01       		.uleb128 0x1
 303 0152 31       		.byte	0x31
 304 0153 00       		.byte	0
 305 0154 09       		.uleb128 0x9
 306 0155 3A000000 		.4byte	.LVL10
 307 0159 58020000 		.4byte	0x258
 308 015d 67010000 		.4byte	0x167
 309 0161 0A       		.uleb128 0xa
 310 0162 01       		.uleb128 0x1
 311 0163 50       		.byte	0x50
 312 0164 01       		.uleb128 0x1
 313 0165 30       		.byte	0x30
 314 0166 00       		.byte	0
 315 0167 09       		.uleb128 0x9
 316 0168 40000000 		.4byte	.LVL11
 317 016c 63020000 		.4byte	0x263
 318 0170 7A010000 		.4byte	0x17a
 319 0174 0A       		.uleb128 0xa
 320 0175 01       		.uleb128 0x1
 321 0176 50       		.byte	0x50
 322 0177 01       		.uleb128 0x1
 323 0178 30       		.byte	0x30
 324 0179 00       		.byte	0
 325 017a 09       		.uleb128 0x9
 326 017b 56000000 		.4byte	.LVL14
 327 017f 4D020000 		.4byte	0x24d
 328 0183 8D010000 		.4byte	0x18d
 329 0187 0A       		.uleb128 0xa
 330 0188 01       		.uleb128 0x1
 331 0189 50       		.byte	0x50
 332 018a 01       		.uleb128 0x1
 333 018b 30       		.byte	0x30
 334 018c 00       		.byte	0
 335 018d 09       		.uleb128 0x9
 336 018e 5C000000 		.4byte	.LVL15
 337 0192 58020000 		.4byte	0x258
 338 0196 A0010000 		.4byte	0x1a0
 339 019a 0A       		.uleb128 0xa
ARM GAS  C:\Users\drash\AppData\Local\Temp\ccD28hoG.s 			page 8


 340 019b 01       		.uleb128 0x1
 341 019c 50       		.byte	0x50
 342 019d 01       		.uleb128 0x1
 343 019e 31       		.byte	0x31
 344 019f 00       		.byte	0
 345 01a0 09       		.uleb128 0x9
 346 01a1 62000000 		.4byte	.LVL16
 347 01a5 63020000 		.4byte	0x263
 348 01a9 B3010000 		.4byte	0x1b3
 349 01ad 0A       		.uleb128 0xa
 350 01ae 01       		.uleb128 0x1
 351 01af 50       		.byte	0x50
 352 01b0 01       		.uleb128 0x1
 353 01b1 30       		.byte	0x30
 354 01b2 00       		.byte	0
 355 01b3 09       		.uleb128 0x9
 356 01b4 72000000 		.4byte	.LVL19
 357 01b8 4D020000 		.4byte	0x24d
 358 01bc C6010000 		.4byte	0x1c6
 359 01c0 0A       		.uleb128 0xa
 360 01c1 01       		.uleb128 0x1
 361 01c2 50       		.byte	0x50
 362 01c3 01       		.uleb128 0x1
 363 01c4 30       		.byte	0x30
 364 01c5 00       		.byte	0
 365 01c6 09       		.uleb128 0x9
 366 01c7 78000000 		.4byte	.LVL20
 367 01cb 58020000 		.4byte	0x258
 368 01cf D9010000 		.4byte	0x1d9
 369 01d3 0A       		.uleb128 0xa
 370 01d4 01       		.uleb128 0x1
 371 01d5 50       		.byte	0x50
 372 01d6 01       		.uleb128 0x1
 373 01d7 30       		.byte	0x30
 374 01d8 00       		.byte	0
 375 01d9 0C       		.uleb128 0xc
 376 01da 7E000000 		.4byte	.LVL21
 377 01de 63020000 		.4byte	0x263
 378 01e2 0A       		.uleb128 0xa
 379 01e3 01       		.uleb128 0x1
 380 01e4 50       		.byte	0x50
 381 01e5 01       		.uleb128 0x1
 382 01e6 31       		.byte	0x31
 383 01e7 00       		.byte	0
 384 01e8 00       		.byte	0
 385 01e9 0B       		.uleb128 0xb
 386 01ea 08000000 		.4byte	.LVL0
 387 01ee 6E020000 		.4byte	0x26e
 388 01f2 0B       		.uleb128 0xb
 389 01f3 0C000000 		.4byte	.LVL1
 390 01f7 79020000 		.4byte	0x279
 391 01fb 0B       		.uleb128 0xb
 392 01fc 10000000 		.4byte	.LVL2
 393 0200 84020000 		.4byte	0x284
 394 0204 00       		.byte	0
 395 0205 0D       		.uleb128 0xd
 396 0206 80010000 		.4byte	.LASF35
ARM GAS  C:\Users\drash\AppData\Local\Temp\ccD28hoG.s 			page 9


 397 020a 0B       		.byte	0xb
 398 020b 1207     		.2byte	0x712
 399 020d 11020000 		.4byte	0x211
 400 0211 0E       		.uleb128 0xe
 401 0212 76000000 		.4byte	0x76
 402 0216 0F       		.uleb128 0xf
 403 0217 38020000 		.4byte	.LASF20
 404 021b 38020000 		.4byte	.LASF20
 405 021f 05       		.byte	0x5
 406 0220 36       		.byte	0x36
 407 0221 0F       		.uleb128 0xf
 408 0222 F7000000 		.4byte	.LASF21
 409 0226 F7000000 		.4byte	.LASF21
 410 022a 06       		.byte	0x6
 411 022b 3D       		.byte	0x3d
 412 022c 0F       		.uleb128 0xf
 413 022d 56010000 		.4byte	.LASF22
 414 0231 56010000 		.4byte	.LASF22
 415 0235 06       		.byte	0x6
 416 0236 3F       		.byte	0x3f
 417 0237 0F       		.uleb128 0xf
 418 0238 8D010000 		.4byte	.LASF23
 419 023c 8D010000 		.4byte	.LASF23
 420 0240 06       		.byte	0x6
 421 0241 42       		.byte	0x42
 422 0242 0F       		.uleb128 0xf
 423 0243 0A000000 		.4byte	.LASF24
 424 0247 0A000000 		.4byte	.LASF24
 425 024b 06       		.byte	0x6
 426 024c 47       		.byte	0x47
 427 024d 0F       		.uleb128 0xf
 428 024e 9D010000 		.4byte	.LASF25
 429 0252 9D010000 		.4byte	.LASF25
 430 0256 07       		.byte	0x7
 431 0257 26       		.byte	0x26
 432 0258 0F       		.uleb128 0xf
 433 0259 27020000 		.4byte	.LASF26
 434 025d 27020000 		.4byte	.LASF26
 435 0261 08       		.byte	0x8
 436 0262 26       		.byte	0x26
 437 0263 0F       		.uleb128 0xf
 438 0264 31000000 		.4byte	.LASF27
 439 0268 31000000 		.4byte	.LASF27
 440 026c 09       		.byte	0x9
 441 026d 26       		.byte	0x26
 442 026e 0F       		.uleb128 0xf
 443 026f 4C000000 		.4byte	.LASF28
 444 0273 4C000000 		.4byte	.LASF28
 445 0277 0A       		.byte	0xa
 446 0278 67       		.byte	0x67
 447 0279 0F       		.uleb128 0xf
 448 027a 70010000 		.4byte	.LASF29
 449 027e 70010000 		.4byte	.LASF29
 450 0282 0A       		.byte	0xa
 451 0283 6B       		.byte	0x6b
 452 0284 0F       		.uleb128 0xf
 453 0285 E8010000 		.4byte	.LASF30
ARM GAS  C:\Users\drash\AppData\Local\Temp\ccD28hoG.s 			page 10


 454 0289 E8010000 		.4byte	.LASF30
 455 028d 06       		.byte	0x6
 456 028e 3A       		.byte	0x3a
 457 028f 00       		.byte	0
 458              		.section	.debug_abbrev,"",%progbits
 459              	.Ldebug_abbrev0:
 460 0000 01       		.uleb128 0x1
 461 0001 11       		.uleb128 0x11
 462 0002 01       		.byte	0x1
 463 0003 25       		.uleb128 0x25
 464 0004 0E       		.uleb128 0xe
 465 0005 13       		.uleb128 0x13
 466 0006 0B       		.uleb128 0xb
 467 0007 03       		.uleb128 0x3
 468 0008 0E       		.uleb128 0xe
 469 0009 1B       		.uleb128 0x1b
 470 000a 0E       		.uleb128 0xe
 471 000b 55       		.uleb128 0x55
 472 000c 17       		.uleb128 0x17
 473 000d 11       		.uleb128 0x11
 474 000e 01       		.uleb128 0x1
 475 000f 10       		.uleb128 0x10
 476 0010 17       		.uleb128 0x17
 477 0011 00       		.byte	0
 478 0012 00       		.byte	0
 479 0013 02       		.uleb128 0x2
 480 0014 24       		.uleb128 0x24
 481 0015 00       		.byte	0
 482 0016 0B       		.uleb128 0xb
 483 0017 0B       		.uleb128 0xb
 484 0018 3E       		.uleb128 0x3e
 485 0019 0B       		.uleb128 0xb
 486 001a 03       		.uleb128 0x3
 487 001b 0E       		.uleb128 0xe
 488 001c 00       		.byte	0
 489 001d 00       		.byte	0
 490 001e 03       		.uleb128 0x3
 491 001f 16       		.uleb128 0x16
 492 0020 00       		.byte	0
 493 0021 03       		.uleb128 0x3
 494 0022 0E       		.uleb128 0xe
 495 0023 3A       		.uleb128 0x3a
 496 0024 0B       		.uleb128 0xb
 497 0025 3B       		.uleb128 0x3b
 498 0026 0B       		.uleb128 0xb
 499 0027 49       		.uleb128 0x49
 500 0028 13       		.uleb128 0x13
 501 0029 00       		.byte	0
 502 002a 00       		.byte	0
 503 002b 04       		.uleb128 0x4
 504 002c 24       		.uleb128 0x24
 505 002d 00       		.byte	0
 506 002e 0B       		.uleb128 0xb
 507 002f 0B       		.uleb128 0xb
 508 0030 3E       		.uleb128 0x3e
 509 0031 0B       		.uleb128 0xb
 510 0032 03       		.uleb128 0x3
ARM GAS  C:\Users\drash\AppData\Local\Temp\ccD28hoG.s 			page 11


 511 0033 08       		.uleb128 0x8
 512 0034 00       		.byte	0
 513 0035 00       		.byte	0
 514 0036 05       		.uleb128 0x5
 515 0037 16       		.uleb128 0x16
 516 0038 00       		.byte	0
 517 0039 03       		.uleb128 0x3
 518 003a 0E       		.uleb128 0xe
 519 003b 3A       		.uleb128 0x3a
 520 003c 0B       		.uleb128 0xb
 521 003d 3B       		.uleb128 0x3b
 522 003e 05       		.uleb128 0x5
 523 003f 49       		.uleb128 0x49
 524 0040 13       		.uleb128 0x13
 525 0041 00       		.byte	0
 526 0042 00       		.byte	0
 527 0043 06       		.uleb128 0x6
 528 0044 2E       		.uleb128 0x2e
 529 0045 01       		.byte	0x1
 530 0046 3F       		.uleb128 0x3f
 531 0047 19       		.uleb128 0x19
 532 0048 03       		.uleb128 0x3
 533 0049 0E       		.uleb128 0xe
 534 004a 3A       		.uleb128 0x3a
 535 004b 0B       		.uleb128 0xb
 536 004c 3B       		.uleb128 0x3b
 537 004d 0B       		.uleb128 0xb
 538 004e 27       		.uleb128 0x27
 539 004f 19       		.uleb128 0x19
 540 0050 49       		.uleb128 0x49
 541 0051 13       		.uleb128 0x13
 542 0052 8701     		.uleb128 0x87
 543 0054 19       		.uleb128 0x19
 544 0055 11       		.uleb128 0x11
 545 0056 01       		.uleb128 0x1
 546 0057 12       		.uleb128 0x12
 547 0058 06       		.uleb128 0x6
 548 0059 40       		.uleb128 0x40
 549 005a 18       		.uleb128 0x18
 550 005b 9742     		.uleb128 0x2117
 551 005d 19       		.uleb128 0x19
 552 005e 01       		.uleb128 0x1
 553 005f 13       		.uleb128 0x13
 554 0060 00       		.byte	0
 555 0061 00       		.byte	0
 556 0062 07       		.uleb128 0x7
 557 0063 0B       		.uleb128 0xb
 558 0064 01       		.byte	0x1
 559 0065 11       		.uleb128 0x11
 560 0066 01       		.uleb128 0x1
 561 0067 12       		.uleb128 0x12
 562 0068 06       		.uleb128 0x6
 563 0069 01       		.uleb128 0x1
 564 006a 13       		.uleb128 0x13
 565 006b 00       		.byte	0
 566 006c 00       		.byte	0
 567 006d 08       		.uleb128 0x8
ARM GAS  C:\Users\drash\AppData\Local\Temp\ccD28hoG.s 			page 12


 568 006e 34       		.uleb128 0x34
 569 006f 00       		.byte	0
 570 0070 03       		.uleb128 0x3
 571 0071 0E       		.uleb128 0xe
 572 0072 3A       		.uleb128 0x3a
 573 0073 0B       		.uleb128 0xb
 574 0074 3B       		.uleb128 0x3b
 575 0075 0B       		.uleb128 0xb
 576 0076 49       		.uleb128 0x49
 577 0077 13       		.uleb128 0x13
 578 0078 02       		.uleb128 0x2
 579 0079 17       		.uleb128 0x17
 580 007a 00       		.byte	0
 581 007b 00       		.byte	0
 582 007c 09       		.uleb128 0x9
 583 007d 898201   		.uleb128 0x4109
 584 0080 01       		.byte	0x1
 585 0081 11       		.uleb128 0x11
 586 0082 01       		.uleb128 0x1
 587 0083 31       		.uleb128 0x31
 588 0084 13       		.uleb128 0x13
 589 0085 01       		.uleb128 0x1
 590 0086 13       		.uleb128 0x13
 591 0087 00       		.byte	0
 592 0088 00       		.byte	0
 593 0089 0A       		.uleb128 0xa
 594 008a 8A8201   		.uleb128 0x410a
 595 008d 00       		.byte	0
 596 008e 02       		.uleb128 0x2
 597 008f 18       		.uleb128 0x18
 598 0090 9142     		.uleb128 0x2111
 599 0092 18       		.uleb128 0x18
 600 0093 00       		.byte	0
 601 0094 00       		.byte	0
 602 0095 0B       		.uleb128 0xb
 603 0096 898201   		.uleb128 0x4109
 604 0099 00       		.byte	0
 605 009a 11       		.uleb128 0x11
 606 009b 01       		.uleb128 0x1
 607 009c 31       		.uleb128 0x31
 608 009d 13       		.uleb128 0x13
 609 009e 00       		.byte	0
 610 009f 00       		.byte	0
 611 00a0 0C       		.uleb128 0xc
 612 00a1 898201   		.uleb128 0x4109
 613 00a4 01       		.byte	0x1
 614 00a5 11       		.uleb128 0x11
 615 00a6 01       		.uleb128 0x1
 616 00a7 31       		.uleb128 0x31
 617 00a8 13       		.uleb128 0x13
 618 00a9 00       		.byte	0
 619 00aa 00       		.byte	0
 620 00ab 0D       		.uleb128 0xd
 621 00ac 34       		.uleb128 0x34
 622 00ad 00       		.byte	0
 623 00ae 03       		.uleb128 0x3
 624 00af 0E       		.uleb128 0xe
ARM GAS  C:\Users\drash\AppData\Local\Temp\ccD28hoG.s 			page 13


 625 00b0 3A       		.uleb128 0x3a
 626 00b1 0B       		.uleb128 0xb
 627 00b2 3B       		.uleb128 0x3b
 628 00b3 05       		.uleb128 0x5
 629 00b4 49       		.uleb128 0x49
 630 00b5 13       		.uleb128 0x13
 631 00b6 3F       		.uleb128 0x3f
 632 00b7 19       		.uleb128 0x19
 633 00b8 3C       		.uleb128 0x3c
 634 00b9 19       		.uleb128 0x19
 635 00ba 00       		.byte	0
 636 00bb 00       		.byte	0
 637 00bc 0E       		.uleb128 0xe
 638 00bd 35       		.uleb128 0x35
 639 00be 00       		.byte	0
 640 00bf 49       		.uleb128 0x49
 641 00c0 13       		.uleb128 0x13
 642 00c1 00       		.byte	0
 643 00c2 00       		.byte	0
 644 00c3 0F       		.uleb128 0xf
 645 00c4 2E       		.uleb128 0x2e
 646 00c5 00       		.byte	0
 647 00c6 3F       		.uleb128 0x3f
 648 00c7 19       		.uleb128 0x19
 649 00c8 3C       		.uleb128 0x3c
 650 00c9 19       		.uleb128 0x19
 651 00ca 6E       		.uleb128 0x6e
 652 00cb 0E       		.uleb128 0xe
 653 00cc 03       		.uleb128 0x3
 654 00cd 0E       		.uleb128 0xe
 655 00ce 3A       		.uleb128 0x3a
 656 00cf 0B       		.uleb128 0xb
 657 00d0 3B       		.uleb128 0x3b
 658 00d1 0B       		.uleb128 0xb
 659 00d2 00       		.byte	0
 660 00d3 00       		.byte	0
 661 00d4 00       		.byte	0
 662              		.section	.debug_loc,"",%progbits
 663              	.Ldebug_loc0:
 664              	.LLST0:
 665 0000 24000000 		.4byte	.LVL6
 666 0004 27000000 		.4byte	.LVL7-1
 667 0008 0100     		.2byte	0x1
 668 000a 50       		.byte	0x50
 669 000b 00000000 		.4byte	0
 670 000f 00000000 		.4byte	0
 671              	.LLST1:
 672 0013 28000000 		.4byte	.LVL7
 673 0017 30000000 		.4byte	.LVL8
 674 001b 0100     		.2byte	0x1
 675 001d 50       		.byte	0x50
 676 001e 42000000 		.4byte	.LVL12
 677 0022 52000000 		.4byte	.LVL13
 678 0026 0100     		.2byte	0x1
 679 0028 50       		.byte	0x50
 680 0029 64000000 		.4byte	.LVL17
 681 002d 6E000000 		.4byte	.LVL18
ARM GAS  C:\Users\drash\AppData\Local\Temp\ccD28hoG.s 			page 14


 682 0031 0100     		.2byte	0x1
 683 0033 50       		.byte	0x50
 684 0034 00000000 		.4byte	0
 685 0038 00000000 		.4byte	0
 686              		.section	.debug_aranges,"",%progbits
 687 0000 1C000000 		.4byte	0x1c
 688 0004 0200     		.2byte	0x2
 689 0006 00000000 		.4byte	.Ldebug_info0
 690 000a 04       		.byte	0x4
 691 000b 00       		.byte	0
 692 000c 0000     		.2byte	0
 693 000e 0000     		.2byte	0
 694 0010 00000000 		.4byte	.LFB64
 695 0014 80000000 		.4byte	.LFE64-.LFB64
 696 0018 00000000 		.4byte	0
 697 001c 00000000 		.4byte	0
 698              		.section	.debug_ranges,"",%progbits
 699              	.Ldebug_ranges0:
 700 0000 00000000 		.4byte	.LFB64
 701 0004 80000000 		.4byte	.LFE64
 702 0008 00000000 		.4byte	0
 703 000c 00000000 		.4byte	0
 704              		.section	.debug_line,"",%progbits
 705              	.Ldebug_line0:
 706 0000 CD010000 		.section	.debug_str,"MS",%progbits,1
 706      0200A301 
 706      00000201 
 706      FB0E0D00 
 706      01010101 
 707              	.LASF9:
 708 0000 5F5F696E 		.ascii	"__int32_t\000"
 708      7433325F 
 708      7400
 709              	.LASF24:
 710 000a 4144435F 		.ascii	"ADC_CountsTo_mVolts\000"
 710      436F756E 
 710      7473546F 
 710      5F6D566F 
 710      6C747300 
 711              	.LASF3:
 712 001e 73686F72 		.ascii	"short unsigned int\000"
 712      7420756E 
 712      7369676E 
 712      65642069 
 712      6E7400
 713              	.LASF27:
 714 0031 5265645F 		.ascii	"Red_LED_Write\000"
 714      4C45445F 
 714      57726974 
 714      6500
 715              	.LASF14:
 716 003f 646F7562 		.ascii	"double\000"
 716      6C6500
 717              	.LASF13:
 718 0046 666C6F61 		.ascii	"float\000"
 718      7400
 719              	.LASF28:
ARM GAS  C:\Users\drash\AppData\Local\Temp\ccD28hoG.s 			page 15


 720 004c 57617665 		.ascii	"WaveDAC8_Start\000"
 720      44414338 
 720      5F537461 
 720      727400
 721              	.LASF1:
 722 005b 756E7369 		.ascii	"unsigned char\000"
 722      676E6564 
 722      20636861 
 722      7200
 723              	.LASF31:
 724 0069 474E5520 		.ascii	"GNU C11 5.4.1 20160609 (release) [ARM/embedded-5-br"
 724      43313120 
 724      352E342E 
 724      31203230 
 724      31363036 
 725 009c 616E6368 		.ascii	"anch revision 237715] -mcpu=cortex-m3 -mthumb -g -O"
 725      20726576 
 725      6973696F 
 725      6E203233 
 725      37373135 
 726 00cf 67202D66 		.ascii	"g -ffunction-sections -ffat-lto-objects\000"
 726      66756E63 
 726      74696F6E 
 726      2D736563 
 726      74696F6E 
 727              	.LASF21:
 728 00f7 4144435F 		.ascii	"ADC_StartConvert\000"
 728      53746172 
 728      74436F6E 
 728      76657274 
 728      00
 729              	.LASF33:
 730 0108 433A5C55 		.ascii	"C:\\Users\\drash\\Documents\\PSoC Creator\\Workspac"
 730      73657273 
 730      5C647261 
 730      73685C44 
 730      6F63756D 
 731 0136 655F5344 		.ascii	"e_SDHD\\ADC_Exercise.cydsn\000"
 731      48445C41 
 731      44435F45 
 731      78657263 
 731      6973652E 
 732              	.LASF11:
 733 0150 696E7431 		.ascii	"int16\000"
 733      3600
 734              	.LASF22:
 735 0156 4144435F 		.ascii	"ADC_IsEndConversion\000"
 735      4973456E 
 735      64436F6E 
 735      76657273 
 735      696F6E00 
 736              	.LASF12:
 737 016a 696E7433 		.ascii	"int32\000"
 737      3200
 738              	.LASF29:
 739 0170 57617665 		.ascii	"WaveDAC8_Enable\000"
 739      44414338 
ARM GAS  C:\Users\drash\AppData\Local\Temp\ccD28hoG.s 			page 16


 739      5F456E61 
 739      626C6500 
 740              	.LASF35:
 741 0180 49544D5F 		.ascii	"ITM_RxBuffer\000"
 741      52784275 
 741      66666572 
 741      00
 742              	.LASF23:
 743 018d 4144435F 		.ascii	"ADC_GetResult32\000"
 743      47657452 
 743      6573756C 
 743      74333200 
 744              	.LASF25:
 745 019d 47726565 		.ascii	"Green_LED_Write\000"
 745      6E5F4C45 
 745      445F5772 
 745      69746500 
 746              	.LASF5:
 747 01ad 6C6F6E67 		.ascii	"long unsigned int\000"
 747      20756E73 
 747      69676E65 
 747      6420696E 
 747      7400
 748              	.LASF34:
 749 01bf 6D61696E 		.ascii	"main\000"
 749      00
 750              	.LASF8:
 751 01c4 756E7369 		.ascii	"unsigned int\000"
 751      676E6564 
 751      20696E74 
 751      00
 752              	.LASF7:
 753 01d1 6C6F6E67 		.ascii	"long long unsigned int\000"
 753      206C6F6E 
 753      6720756E 
 753      7369676E 
 753      65642069 
 754              	.LASF30:
 755 01e8 4144435F 		.ascii	"ADC_Start\000"
 755      53746172 
 755      7400
 756              	.LASF10:
 757 01f2 696E7433 		.ascii	"int32_t\000"
 757      325F7400 
 758              	.LASF17:
 759 01fa 73697A65 		.ascii	"sizetype\000"
 759      74797065 
 759      00
 760              	.LASF6:
 761 0203 6C6F6E67 		.ascii	"long long int\000"
 761      206C6F6E 
 761      6720696E 
 761      7400
 762              	.LASF32:
 763 0211 6D61696E 		.ascii	"main.c\000"
 763      2E6300
 764              	.LASF15:
ARM GAS  C:\Users\drash\AppData\Local\Temp\ccD28hoG.s 			page 17


 765 0218 63686172 		.ascii	"char\000"
 765      00
 766              	.LASF2:
 767 021d 73686F72 		.ascii	"short int\000"
 767      7420696E 
 767      7400
 768              	.LASF26:
 769 0227 59656C6C 		.ascii	"Yellow_LED_Write\000"
 769      6F775F4C 
 769      45445F57 
 769      72697465 
 769      00
 770              	.LASF20:
 771 0238 57617665 		.ascii	"WaveDAC8_VDAC8_SetRange\000"
 771      44414338 
 771      5F564441 
 771      43385F53 
 771      65745261 
 772              	.LASF4:
 773 0250 6C6F6E67 		.ascii	"long int\000"
 773      20696E74 
 773      00
 774              	.LASF16:
 775 0259 6C6F6E67 		.ascii	"long double\000"
 775      20646F75 
 775      626C6500 
 776              	.LASF0:
 777 0265 7369676E 		.ascii	"signed char\000"
 777      65642063 
 777      68617200 
 778              	.LASF19:
 779 0271 6164635F 		.ascii	"adc_millivolts\000"
 779      6D696C6C 
 779      69766F6C 
 779      747300
 780              	.LASF18:
 781 0280 6164635F 		.ascii	"adc_result\000"
 781      72657375 
 781      6C7400
 782              		.ident	"GCC: (GNU Tools for ARM Embedded Processors) 5.4.1 20160609 (release) [ARM/embedded-5-bran
