ARM GAS  C:\Users\drash\AppData\Local\Temp\cckKOWW0.s 			page 1


   1              		.syntax unified
   2              		.cpu cortex-m3
   3              		.fpu softvfp
   4              		.eabi_attribute 20, 1
   5              		.eabi_attribute 21, 1
   6              		.eabi_attribute 23, 3
   7              		.eabi_attribute 24, 1
   8              		.eabi_attribute 25, 1
   9              		.eabi_attribute 26, 1
  10              		.eabi_attribute 30, 1
  11              		.eabi_attribute 34, 1
  12              		.eabi_attribute 18, 4
  13              		.thumb
  14              		.syntax unified
  15              		.file	"statemachine.c"
  16              		.text
  17              	.Ltext0:
  18              		.cfi_sections	.debug_frame
  19              		.section	.text.isr_PushButton_Enable_Interrupt,"ax",%progbits
  20              		.align	2
  21              		.global	isr_PushButton_Enable_Interrupt
  22              		.thumb
  23              		.thumb_func
  24              		.type	isr_PushButton_Enable_Interrupt, %function
  25              	isr_PushButton_Enable_Interrupt:
  26              	.LFB120:
  27              		.file 1 "source\\bsw\\statemachine.c"
   1:source\bsw/statemachine.c **** /**
   2:source\bsw/statemachine.c **** * \file statemachine
   3:source\bsw/statemachine.c **** * \author <author-name>
   4:source\bsw/statemachine.c **** * \date <date>
   5:source\bsw/statemachine.c **** *
   6:source\bsw/statemachine.c **** * \brief <Symbolic File name>
   7:source\bsw/statemachine.c **** *
   8:source\bsw/statemachine.c **** * \copyright Copyright ©2016
   9:source\bsw/statemachine.c **** * Department of electrical engineering and information technology, Hochschule Darmstadt - Universit
  10:source\bsw/statemachine.c **** * Permission to use, copy, modify, and distribute this software and its documentation for education
  11:source\bsw/statemachine.c **** * (unless permitted by h_da) and official h_da projects, is hereby granted for enrolled students of
  12:source\bsw/statemachine.c **** * this paragraph and the following paragraph appear in all copies, modifications, and distributions
  13:source\bsw/statemachine.c **** * Contact Prof.Dr.-Ing. Peter Fromm, peter.fromm@h-da.de, Birkenweg 8 64295 Darmstadt - GERMANY for
  14:source\bsw/statemachine.c **** *
  15:source\bsw/statemachine.c **** * \warning This software is a PROTOTYPE version and is not designed or intended for use in producti
  16:source\bsw/statemachine.c **** * The user represents and warrants that it will NOT use or redistribute the Software for such purpo
  17:source\bsw/statemachine.c **** * This prototype is for research purposes only. This software is provided "AS IS," without a warran
  18:source\bsw/statemachine.c **** */
  19:source\bsw/statemachine.c **** 
  20:source\bsw/statemachine.c **** /*****************************************************************************/
  21:source\bsw/statemachine.c **** /* Include files                                                             */
  22:source\bsw/statemachine.c **** /*****************************************************************************/
  23:source\bsw/statemachine.c **** #include "statemachine.h"
  24:source\bsw/statemachine.c **** /*****************************************************************************/
  25:source\bsw/statemachine.c **** /* Local pre-processor symbols/macros ('#define')                            */
  26:source\bsw/statemachine.c **** /*****************************************************************************/
  27:source\bsw/statemachine.c **** 
  28:source\bsw/statemachine.c **** /*****************************************************************************/
  29:source\bsw/statemachine.c **** /* Global variable definitions (declared in header file with 'extern')       */
  30:source\bsw/statemachine.c **** /*****************************************************************************/
ARM GAS  C:\Users\drash\AppData\Local\Temp\cckKOWW0.s 			page 2


  31:source\bsw/statemachine.c **** 
  32:source\bsw/statemachine.c **** /*****************************************************************************/
  33:source\bsw/statemachine.c **** /* Local type definitions ('typedef')                                        */
  34:source\bsw/statemachine.c **** /*****************************************************************************/
  35:source\bsw/statemachine.c **** 
  36:source\bsw/statemachine.c **** /*****************************************************************************/
  37:source\bsw/statemachine.c **** /* Local variable definitions ('static')                                     */
  38:source\bsw/statemachine.c **** /*****************************************************************************/
  39:source\bsw/statemachine.c **** 
  40:source\bsw/statemachine.c **** /*****************************************************************************/
  41:source\bsw/statemachine.c **** /* Local function prototypes ('static')                                      */
  42:source\bsw/statemachine.c **** /*****************************************************************************/
  43:source\bsw/statemachine.c **** 
  44:source\bsw/statemachine.c **** /*****************************************************************************/
  45:source\bsw/statemachine.c **** /* Function implementation - global ('extern') and local ('static')          */
  46:source\bsw/statemachine.c **** /*****************************************************************************/
  47:source\bsw/statemachine.c **** 
  48:source\bsw/statemachine.c **** volatile uint8_t push_button_toggle = 0;        // A toggle variable to store the status of isr_Pus
  49:source\bsw/statemachine.c **** 
  50:source\bsw/statemachine.c **** uint8_t sChRx = 0;                              // sChRx is a flag that stores the status of 's' ch
  51:source\bsw/statemachine.c **** uint8_t oChRx = 0;                              // oChRx is a flag that stores the status of 'o' ch
  52:source\bsw/statemachine.c **** char rxDataCh;                                  // rxdataCh receives the character sent from Matlab
  53:source\bsw/statemachine.c **** 
  54:source\bsw/statemachine.c **** uint8_t count = 0;                              // A count variable to increment till 10.
  55:source\bsw/statemachine.c **** 
  56:source\bsw/statemachine.c **** // Creating an object of my enum type for handling the different states.
  57:source\bsw/statemachine.c **** // Initializing the object with IDLE_STATE at first.
  58:source\bsw/statemachine.c **** myStateMachine_t State = IDLE_STATE;
  59:source\bsw/statemachine.c **** int32 FFT_SamplesArray[2 * 1024] = {0};
  60:source\bsw/statemachine.c **** 
  61:source\bsw/statemachine.c **** /**
  62:source\bsw/statemachine.c ****  * Function that initializes all the Hardware used in the top design.
  63:source\bsw/statemachine.c ****  * @param: None
  64:source\bsw/statemachine.c ****  * @return: None
  65:source\bsw/statemachine.c ****  */
  66:source\bsw/statemachine.c **** void Hardware_Init()
  67:source\bsw/statemachine.c **** {
  68:source\bsw/statemachine.c ****     UART_LOG_Start();
  69:source\bsw/statemachine.c ****     WaveDAC_Start();
  70:source\bsw/statemachine.c ****     ADC_DelSig_Start();
  71:source\bsw/statemachine.c ****     ADC_DelSig_StartConvert();
  72:source\bsw/statemachine.c ****     
  73:source\bsw/statemachine.c ****     isr_PushButton_StartEx(isr_PushButton_Enable_Interrupt);
  74:source\bsw/statemachine.c ****     isr_UART_StartEx(isr_UART);
  75:source\bsw/statemachine.c **** }
  76:source\bsw/statemachine.c **** 
  77:source\bsw/statemachine.c **** 
  78:source\bsw/statemachine.c **** /**
  79:source\bsw/statemachine.c ****  * An interrupt function that stores 1 in push button toggle variable if PushButton is pressed.
  80:source\bsw/statemachine.c ****  */
  81:source\bsw/statemachine.c **** CY_ISR(isr_PushButton_Enable_Interrupt)
  82:source\bsw/statemachine.c **** {
  28              		.loc 1 82 0
  29              		.cfi_startproc
  30              		@ args = 0, pretend = 0, frame = 0
  31              		@ frame_needed = 0, uses_anonymous_args = 0
  32 0000 08B5     		push	{r3, lr}
ARM GAS  C:\Users\drash\AppData\Local\Temp\cckKOWW0.s 			page 3


  33              		.cfi_def_cfa_offset 8
  34              		.cfi_offset 3, -8
  35              		.cfi_offset 14, -4
  83:source\bsw/statemachine.c ****     Push_Button_ClearInterrupt();
  36              		.loc 1 83 0
  37 0002 FFF7FEFF 		bl	Push_Button_ClearInterrupt
  38              	.LVL0:
  84:source\bsw/statemachine.c ****     
  85:source\bsw/statemachine.c ****     if(push_button_toggle == 0)
  39              		.loc 1 85 0
  40 0006 044B     		ldr	r3, .L4
  41 0008 1B78     		ldrb	r3, [r3]	@ zero_extendqisi2
  42 000a 13F0FF0F 		tst	r3, #255
  43 000e 02D1     		bne	.L1
  86:source\bsw/statemachine.c ****     {
  87:source\bsw/statemachine.c ****         push_button_toggle = 1;
  44              		.loc 1 87 0
  45 0010 0122     		movs	r2, #1
  46 0012 014B     		ldr	r3, .L4
  47 0014 1A70     		strb	r2, [r3]
  48              	.L1:
  49 0016 08BD     		pop	{r3, pc}
  50              	.L5:
  51              		.align	2
  52              	.L4:
  53 0018 00000000 		.word	.LANCHOR0
  54              		.cfi_endproc
  55              	.LFE120:
  56              		.size	isr_PushButton_Enable_Interrupt, .-isr_PushButton_Enable_Interrupt
  57              		.section	.text.isr_UART,"ax",%progbits
  58              		.align	2
  59              		.global	isr_UART
  60              		.thumb
  61              		.thumb_func
  62              		.type	isr_UART, %function
  63              	isr_UART:
  64              	.LFB121:
  88:source\bsw/statemachine.c ****     }
  89:source\bsw/statemachine.c **** }
  90:source\bsw/statemachine.c **** 
  91:source\bsw/statemachine.c **** 
  92:source\bsw/statemachine.c **** /**
  93:source\bsw/statemachine.c ****  * An interrupt function from UART that stores 's' or 'o' in their respective flag variables,
  94:source\bsw/statemachine.c ****  * when the characters are sent from Matlab or Termite.
  95:source\bsw/statemachine.c ****  */
  96:source\bsw/statemachine.c **** CY_ISR(isr_UART)
  97:source\bsw/statemachine.c **** {
  65              		.loc 1 97 0
  66              		.cfi_startproc
  67              		@ args = 0, pretend = 0, frame = 0
  68              		@ frame_needed = 0, uses_anonymous_args = 0
  69 0000 08B5     		push	{r3, lr}
  70              		.cfi_def_cfa_offset 8
  71              		.cfi_offset 3, -8
  72              		.cfi_offset 14, -4
  98:source\bsw/statemachine.c ****     isr_UART_ClearPending();
  73              		.loc 1 98 0
ARM GAS  C:\Users\drash\AppData\Local\Temp\cckKOWW0.s 			page 4


  74 0002 FFF7FEFF 		bl	isr_UART_ClearPending
  75              	.LVL1:
  99:source\bsw/statemachine.c ****     
 100:source\bsw/statemachine.c ****     rxDataCh = UART_LOG_GetChar();
  76              		.loc 1 100 0
  77 0006 FFF7FEFF 		bl	UART_LOG_GetChar
  78              	.LVL2:
  79 000a 064B     		ldr	r3, .L10
  80 000c 1870     		strb	r0, [r3]
 101:source\bsw/statemachine.c ****     
 102:source\bsw/statemachine.c ****     if(rxDataCh == 's')
  81              		.loc 1 102 0
  82 000e 7328     		cmp	r0, #115
  83 0010 02D1     		bne	.L7
 103:source\bsw/statemachine.c ****     {
 104:source\bsw/statemachine.c ****        //UART_LOG_PutString("S is sent \n");        //Debug statement added while testing UART with
 105:source\bsw/statemachine.c ****         sChRx = 1;
  84              		.loc 1 105 0
  85 0012 0122     		movs	r2, #1
  86 0014 044B     		ldr	r3, .L10+4
  87 0016 5A70     		strb	r2, [r3, #1]
  88              	.L7:
 106:source\bsw/statemachine.c ****     }
 107:source\bsw/statemachine.c ****     if(rxDataCh == 'o')
  89              		.loc 1 107 0
  90 0018 6F28     		cmp	r0, #111
  91 001a 02D1     		bne	.L6
 108:source\bsw/statemachine.c ****     {
 109:source\bsw/statemachine.c ****         oChRx = 1;
  92              		.loc 1 109 0
  93 001c 0122     		movs	r2, #1
  94 001e 024B     		ldr	r3, .L10+4
  95 0020 9A70     		strb	r2, [r3, #2]
  96              	.L6:
  97 0022 08BD     		pop	{r3, pc}
  98              	.L11:
  99              		.align	2
 100              	.L10:
 101 0024 00000000 		.word	rxDataCh
 102 0028 00000000 		.word	.LANCHOR0
 103              		.cfi_endproc
 104              	.LFE121:
 105              		.size	isr_UART, .-isr_UART
 106              		.section	.text.Hardware_Init,"ax",%progbits
 107              		.align	2
 108              		.global	Hardware_Init
 109              		.thumb
 110              		.thumb_func
 111              		.type	Hardware_Init, %function
 112              	Hardware_Init:
 113              	.LFB119:
  67:source\bsw/statemachine.c ****     UART_LOG_Start();
 114              		.loc 1 67 0
 115              		.cfi_startproc
 116              		@ args = 0, pretend = 0, frame = 0
 117              		@ frame_needed = 0, uses_anonymous_args = 0
 118 0000 08B5     		push	{r3, lr}
ARM GAS  C:\Users\drash\AppData\Local\Temp\cckKOWW0.s 			page 5


 119              		.cfi_def_cfa_offset 8
 120              		.cfi_offset 3, -8
 121              		.cfi_offset 14, -4
  68:source\bsw/statemachine.c ****     WaveDAC_Start();
 122              		.loc 1 68 0
 123 0002 FFF7FEFF 		bl	UART_LOG_Start
 124              	.LVL3:
  69:source\bsw/statemachine.c ****     ADC_DelSig_Start();
 125              		.loc 1 69 0
 126 0006 FFF7FEFF 		bl	WaveDAC_Start
 127              	.LVL4:
  70:source\bsw/statemachine.c ****     ADC_DelSig_StartConvert();
 128              		.loc 1 70 0
 129 000a FFF7FEFF 		bl	ADC_DelSig_Start
 130              	.LVL5:
  71:source\bsw/statemachine.c ****     
 131              		.loc 1 71 0
 132 000e FFF7FEFF 		bl	ADC_DelSig_StartConvert
 133              	.LVL6:
  73:source\bsw/statemachine.c ****     isr_UART_StartEx(isr_UART);
 134              		.loc 1 73 0
 135 0012 0348     		ldr	r0, .L14
 136 0014 FFF7FEFF 		bl	isr_PushButton_StartEx
 137              	.LVL7:
  74:source\bsw/statemachine.c **** }
 138              		.loc 1 74 0
 139 0018 0248     		ldr	r0, .L14+4
 140 001a FFF7FEFF 		bl	isr_UART_StartEx
 141              	.LVL8:
 142 001e 08BD     		pop	{r3, pc}
 143              	.L15:
 144              		.align	2
 145              	.L14:
 146 0020 00000000 		.word	isr_PushButton_Enable_Interrupt
 147 0024 00000000 		.word	isr_UART
 148              		.cfi_endproc
 149              	.LFE119:
 150              		.size	Hardware_Init, .-Hardware_Init
 151              		.section	.text.Sequencing,"ax",%progbits
 152              		.align	2
 153              		.global	Sequencing
 154              		.thumb
 155              		.thumb_func
 156              		.type	Sequencing, %function
 157              	Sequencing:
 158              	.LFB122:
 110:source\bsw/statemachine.c ****     }
 111:source\bsw/statemachine.c **** }
 112:source\bsw/statemachine.c **** 
 113:source\bsw/statemachine.c **** 
 114:source\bsw/statemachine.c **** void Sequencing(uint16_t *SamplingArray)
 115:source\bsw/statemachine.c **** {   
 159              		.loc 1 115 0
 160              		.cfi_startproc
 161              		@ args = 0, pretend = 0, frame = 0
 162              		@ frame_needed = 0, uses_anonymous_args = 0
 163              	.LVL9:
ARM GAS  C:\Users\drash\AppData\Local\Temp\cckKOWW0.s 			page 6


 164 0000 38B5     		push	{r3, r4, r5, lr}
 165              		.cfi_def_cfa_offset 16
 166              		.cfi_offset 3, -16
 167              		.cfi_offset 4, -12
 168              		.cfi_offset 5, -8
 169              		.cfi_offset 14, -4
 170 0002 0546     		mov	r5, r0
 116:source\bsw/statemachine.c ****     switch(State)
 171              		.loc 1 116 0
 172 0004 514B     		ldr	r3, .L31
 173 0006 DB78     		ldrb	r3, [r3, #3]	@ zero_extendqisi2
 174 0008 012B     		cmp	r3, #1
 175 000a 1AD0     		beq	.L18
 176 000c 13B1     		cbz	r3, .L19
 177 000e 022B     		cmp	r3, #2
 178 0010 3BD0     		beq	.L20
 179 0012 8EE0     		b	.L29
 180              	.L19:
 117:source\bsw/statemachine.c ****     {
 118:source\bsw/statemachine.c ****         case IDLE_STATE:
 119:source\bsw/statemachine.c ****             
 120:source\bsw/statemachine.c ****             Yellow_LED_Write(1);             // Added as a debug LED, turns on when state is in IDL
 181              		.loc 1 120 0
 182 0014 0120     		movs	r0, #1
 183              	.LVL10:
 184 0016 FFF7FEFF 		bl	Yellow_LED_Write
 185              	.LVL11:
 121:source\bsw/statemachine.c ****             Green_LED_Write(0);
 186              		.loc 1 121 0
 187 001a 0020     		movs	r0, #0
 188 001c FFF7FEFF 		bl	Green_LED_Write
 189              	.LVL12:
 122:source\bsw/statemachine.c ****             Red_LED_Write(0);
 190              		.loc 1 122 0
 191 0020 0020     		movs	r0, #0
 192 0022 FFF7FEFF 		bl	Red_LED_Write
 193              	.LVL13:
 123:source\bsw/statemachine.c ****             
 124:source\bsw/statemachine.c ****             //Initializing count
 125:source\bsw/statemachine.c ****             count =  0;
 194              		.loc 1 125 0
 195 0026 494B     		ldr	r3, .L31
 196 0028 0022     		movs	r2, #0
 197 002a 1A71     		strb	r2, [r3, #4]
 126:source\bsw/statemachine.c ****             
 127:source\bsw/statemachine.c ****             if(push_button_toggle == 1)
 198              		.loc 1 127 0
 199 002c 1B78     		ldrb	r3, [r3]	@ zero_extendqisi2
 200 002e DBB2     		uxtb	r3, r3
 201 0030 012B     		cmp	r3, #1
 202 0032 40F08A80 		bne	.L16
 128:source\bsw/statemachine.c ****             {   
 129:source\bsw/statemachine.c ****                 // If push button is pressed then change the state to SAMPLING state.  
 130:source\bsw/statemachine.c ****                 State = SAMPLING_STATE;
 203              		.loc 1 130 0
 204 0036 454B     		ldr	r3, .L31
 205 0038 0122     		movs	r2, #1
ARM GAS  C:\Users\drash\AppData\Local\Temp\cckKOWW0.s 			page 7


 206 003a DA70     		strb	r2, [r3, #3]
 131:source\bsw/statemachine.c ****                 push_button_toggle = 0;
 207              		.loc 1 131 0
 208 003c 0022     		movs	r2, #0
 209 003e 1A70     		strb	r2, [r3]
 210 0040 38BD     		pop	{r3, r4, r5, pc}
 211              	.LVL14:
 212              	.L18:
 132:source\bsw/statemachine.c ****             }
 133:source\bsw/statemachine.c ****         break;
 134:source\bsw/statemachine.c ****         
 135:source\bsw/statemachine.c ****         case SAMPLING_STATE:
 136:source\bsw/statemachine.c **** 
 137:source\bsw/statemachine.c ****             Yellow_LED_Write(0);            //Added as a debug LED; turns off when state changes fr
 213              		.loc 1 137 0
 214 0042 0020     		movs	r0, #0
 215              	.LVL15:
 216 0044 FFF7FEFF 		bl	Yellow_LED_Write
 217              	.LVL16:
 138:source\bsw/statemachine.c ****             Green_LED_Write(1);             
 218              		.loc 1 138 0
 219 0048 0120     		movs	r0, #1
 220 004a FFF7FEFF 		bl	Green_LED_Write
 221              	.LVL17:
 139:source\bsw/statemachine.c ****             Red_LED_Write(0);
 222              		.loc 1 139 0
 223 004e 0020     		movs	r0, #0
 224 0050 FFF7FEFF 		bl	Red_LED_Write
 225              	.LVL18:
 226              	.LBB2:
 140:source\bsw/statemachine.c ****            
 141:source\bsw/statemachine.c ****             for(uint16_t idx = 0; idx < 1024; idx++)
 227              		.loc 1 141 0
 228 0054 0024     		movs	r4, #0
 229 0056 08E0     		b	.L22
 230              	.LVL19:
 231              	.L23:
 142:source\bsw/statemachine.c ****             {
 143:source\bsw/statemachine.c ****                 //Sample the voltage divider output and store it in an Array.
 144:source\bsw/statemachine.c ****                 ADC_DelSig_IsEndConversion(ADC_DelSig_WAIT_FOR_RESULT);
 232              		.loc 1 144 0 discriminator 3
 233 0058 0020     		movs	r0, #0
 234 005a FFF7FEFF 		bl	ADC_DelSig_IsEndConversion
 235              	.LVL20:
 145:source\bsw/statemachine.c ****                 SamplingArray[idx] = (uint16_t)ADC_DelSig_GetResult32();
 236              		.loc 1 145 0 discriminator 3
 237 005e FFF7FEFF 		bl	ADC_DelSig_GetResult32
 238              	.LVL21:
 239 0062 25F81400 		strh	r0, [r5, r4, lsl #1]	@ movhi
 141:source\bsw/statemachine.c ****             {
 240              		.loc 1 141 0 discriminator 3
 241 0066 0134     		adds	r4, r4, #1
 242              	.LVL22:
 243 0068 A4B2     		uxth	r4, r4
 244              	.LVL23:
 245              	.L22:
 141:source\bsw/statemachine.c ****             {
ARM GAS  C:\Users\drash\AppData\Local\Temp\cckKOWW0.s 			page 8


 246              		.loc 1 141 0 is_stmt 0 discriminator 1
 247 006a B4F5806F 		cmp	r4, #1024
 248 006e F3D3     		bcc	.L23
 249              	.LBE2:
 146:source\bsw/statemachine.c ****              //   fft_app(&SamplingArray[idx],&FFT_SamplesArray[idx], 1024);
 147:source\bsw/statemachine.c ****             }
 148:source\bsw/statemachine.c ****             
 149:source\bsw/statemachine.c ****             
 150:source\bsw/statemachine.c ****             //If 's' is recieved from MATLAB, then change the state to UART TRANSFER state.
 151:source\bsw/statemachine.c ****             if(sChRx)
 250              		.loc 1 151 0 is_stmt 1
 251 0070 364B     		ldr	r3, .L31
 252 0072 5B78     		ldrb	r3, [r3, #1]	@ zero_extendqisi2
 253 0074 002B     		cmp	r3, #0
 254 0076 68D0     		beq	.L16
 152:source\bsw/statemachine.c ****             {
 153:source\bsw/statemachine.c ****                 // UART_LOG_PutString("I received S \n");        // Debug statement added when test
 154:source\bsw/statemachine.c ****                 User_LED_Write(1);                              // Added as a debug pin, turns on w
 255              		.loc 1 154 0
 256 0078 0120     		movs	r0, #1
 257 007a FFF7FEFF 		bl	User_LED_Write
 258              	.LVL24:
 155:source\bsw/statemachine.c ****                 State = UART_TRANSFER_STATE;
 259              		.loc 1 155 0
 260 007e 334B     		ldr	r3, .L31
 261 0080 0222     		movs	r2, #2
 262 0082 DA70     		strb	r2, [r3, #3]
 156:source\bsw/statemachine.c ****                 sChRx = 0;
 263              		.loc 1 156 0
 264 0084 0022     		movs	r2, #0
 265 0086 5A70     		strb	r2, [r3, #1]
 266 0088 38BD     		pop	{r3, r4, r5, pc}
 267              	.LVL25:
 268              	.L20:
 157:source\bsw/statemachine.c ****             }
 158:source\bsw/statemachine.c ****             
 159:source\bsw/statemachine.c ****         break;
 160:source\bsw/statemachine.c ****         
 161:source\bsw/statemachine.c ****         case UART_TRANSFER_STATE:
 162:source\bsw/statemachine.c ****             
 163:source\bsw/statemachine.c ****             Green_LED_Write(0);            //Added as a debug LED; turns off when state changes fro
 269              		.loc 1 163 0
 270 008a 0020     		movs	r0, #0
 271              	.LVL26:
 272 008c FFF7FEFF 		bl	Green_LED_Write
 273              	.LVL27:
 164:source\bsw/statemachine.c ****             Red_LED_Write(1);            
 274              		.loc 1 164 0
 275 0090 0120     		movs	r0, #1
 276 0092 FFF7FEFF 		bl	Red_LED_Write
 277              	.LVL28:
 165:source\bsw/statemachine.c ****             Yellow_LED_Write(0);
 278              		.loc 1 165 0
 279 0096 0020     		movs	r0, #0
 280 0098 FFF7FEFF 		bl	Yellow_LED_Write
 281              	.LVL29:
 282              	.LBB3:
ARM GAS  C:\Users\drash\AppData\Local\Temp\cckKOWW0.s 			page 9


 166:source\bsw/statemachine.c ****             
 167:source\bsw/statemachine.c ****             //fft_app(SamplingArray,FFT_SamplesArray,1024);
 168:source\bsw/statemachine.c ****             for(uint16_t idx = 0; idx < 1024; idx++)
 283              		.loc 1 168 0
 284 009c 0024     		movs	r4, #0
 285 009e 0AE0     		b	.L24
 286              	.LVL30:
 287              	.L25:
 169:source\bsw/statemachine.c ****             {
 170:source\bsw/statemachine.c ****                 //Send the ADC Sampled data to MATLAB
 171:source\bsw/statemachine.c ****                 UART_LOG_PutChar(SamplingArray[idx]);
 288              		.loc 1 171 0 discriminator 3
 289 00a0 15F81400 		ldrb	r0, [r5, r4, lsl #1]	@ zero_extendqisi2
 290 00a4 FFF7FEFF 		bl	UART_LOG_PutChar
 291              	.LVL31:
 172:source\bsw/statemachine.c ****                 UART_LOG_PutChar(SamplingArray[idx]>>8);
 292              		.loc 1 172 0 discriminator 3
 293 00a8 35F81400 		ldrh	r0, [r5, r4, lsl #1]
 294 00ac 000A     		lsrs	r0, r0, #8
 295 00ae FFF7FEFF 		bl	UART_LOG_PutChar
 296              	.LVL32:
 168:source\bsw/statemachine.c ****             {
 297              		.loc 1 168 0 discriminator 3
 298 00b2 0134     		adds	r4, r4, #1
 299              	.LVL33:
 300 00b4 A4B2     		uxth	r4, r4
 301              	.LVL34:
 302              	.L24:
 168:source\bsw/statemachine.c ****             {
 303              		.loc 1 168 0 is_stmt 0 discriminator 1
 304 00b6 B4F5806F 		cmp	r4, #1024
 305 00ba F1D3     		bcc	.L25
 306              	.LBE3:
 173:source\bsw/statemachine.c ****             }
 174:source\bsw/statemachine.c ****             
 175:source\bsw/statemachine.c ****             fft_app(SamplingArray,FFT_SamplesArray,1024);
 307              		.loc 1 175 0 is_stmt 1
 308 00bc 4FF48062 		mov	r2, #1024
 309 00c0 2349     		ldr	r1, .L31+4
 310 00c2 2846     		mov	r0, r5
 311 00c4 FFF7FEFF 		bl	fft_app
 312              	.LVL35:
 313              	.LBB4:
 176:source\bsw/statemachine.c ****             
 177:source\bsw/statemachine.c ****             for(int32 idx = 0; idx < 2048; idx++)
 314              		.loc 1 177 0
 315 00c8 0025     		movs	r5, #0
 316              	.LVL36:
 317 00ca 13E0     		b	.L26
 318              	.LVL37:
 319              	.L27:
 178:source\bsw/statemachine.c ****             {
 179:source\bsw/statemachine.c ****                 //Send the ADC Sampled data to MATLAB
 180:source\bsw/statemachine.c ****                 UART_LOG_PutChar(FFT_SamplesArray[idx]);
 320              		.loc 1 180 0 discriminator 3
 321 00cc 1F4C     		ldr	r4, .L31
 322 00ce 04EB8504 		add	r4, r4, r5, lsl #2
ARM GAS  C:\Users\drash\AppData\Local\Temp\cckKOWW0.s 			page 10


 323 00d2 207A     		ldrb	r0, [r4, #8]	@ zero_extendqisi2
 324 00d4 FFF7FEFF 		bl	UART_LOG_PutChar
 325              	.LVL38:
 181:source\bsw/statemachine.c ****                 UART_LOG_PutChar(FFT_SamplesArray[idx]>>8);
 326              		.loc 1 181 0 discriminator 3
 327 00d8 607A     		ldrb	r0, [r4, #9]	@ zero_extendqisi2
 328 00da FFF7FEFF 		bl	UART_LOG_PutChar
 329              	.LVL39:
 182:source\bsw/statemachine.c ****                 UART_LOG_PutChar(FFT_SamplesArray[idx]>>16);
 330              		.loc 1 182 0 discriminator 3
 331 00de A07A     		ldrb	r0, [r4, #10]	@ zero_extendqisi2
 332 00e0 FFF7FEFF 		bl	UART_LOG_PutChar
 333              	.LVL40:
 183:source\bsw/statemachine.c ****                 UART_LOG_PutChar(FFT_SamplesArray[idx]>>32);
 334              		.loc 1 183 0 discriminator 3
 335 00e4 A368     		ldr	r3, [r4, #8]
 336 00e6 2020     		movs	r0, #32
 337 00e8 43FA00F0 		asr	r0, r3, r0
 338 00ec C0B2     		uxtb	r0, r0
 339 00ee FFF7FEFF 		bl	UART_LOG_PutChar
 340              	.LVL41:
 177:source\bsw/statemachine.c ****             {
 341              		.loc 1 177 0 discriminator 3
 342 00f2 0135     		adds	r5, r5, #1
 343              	.LVL42:
 344              	.L26:
 177:source\bsw/statemachine.c ****             {
 345              		.loc 1 177 0 is_stmt 0 discriminator 1
 346 00f4 B5F5006F 		cmp	r5, #2048
 347 00f8 E8DB     		blt	.L27
 348              	.LBE4:
 184:source\bsw/statemachine.c ****             }
 185:source\bsw/statemachine.c ****             
 186:source\bsw/statemachine.c ****            
 187:source\bsw/statemachine.c ****             count++;                        // Increment the count to repeat the above process for 
 349              		.loc 1 187 0 is_stmt 1
 350 00fa 144A     		ldr	r2, .L31
 351 00fc 1379     		ldrb	r3, [r2, #4]	@ zero_extendqisi2
 352 00fe 0133     		adds	r3, r3, #1
 353 0100 DBB2     		uxtb	r3, r3
 354 0102 1371     		strb	r3, [r2, #4]
 188:source\bsw/statemachine.c ****             
 189:source\bsw/statemachine.c ****             if((count < 10) && oChRx)
 355              		.loc 1 189 0
 356 0104 092B     		cmp	r3, #9
 357 0106 0AD8     		bhi	.L28
 358              		.loc 1 189 0 is_stmt 0 discriminator 1
 359 0108 9278     		ldrb	r2, [r2, #2]	@ zero_extendqisi2
 360 010a 42B1     		cbz	r2, .L28
 190:source\bsw/statemachine.c ****             {  
 191:source\bsw/statemachine.c ****                 User_LED_Write(0);          // Added as a debug pin, turns off when 'o' is received
 361              		.loc 1 191 0 is_stmt 1
 362 010c 0020     		movs	r0, #0
 363 010e FFF7FEFF 		bl	User_LED_Write
 364              	.LVL43:
 192:source\bsw/statemachine.c ****                 State = SAMPLING_STATE;
 365              		.loc 1 192 0
ARM GAS  C:\Users\drash\AppData\Local\Temp\cckKOWW0.s 			page 11


 366 0112 0E4B     		ldr	r3, .L31
 367 0114 0122     		movs	r2, #1
 368 0116 DA70     		strb	r2, [r3, #3]
 193:source\bsw/statemachine.c ****                 oChRx = 0;
 369              		.loc 1 193 0
 370 0118 0022     		movs	r2, #0
 371 011a 9A70     		strb	r2, [r3, #2]
 372 011c 38BD     		pop	{r3, r4, r5, pc}
 373              	.LVL44:
 374              	.L28:
 194:source\bsw/statemachine.c ****             }
 195:source\bsw/statemachine.c ****             else if((count == 10) && oChRx)
 375              		.loc 1 195 0
 376 011e 0A2B     		cmp	r3, #10
 377 0120 13D1     		bne	.L16
 378              		.loc 1 195 0 is_stmt 0 discriminator 1
 379 0122 0A4B     		ldr	r3, .L31
 380 0124 9B78     		ldrb	r3, [r3, #2]	@ zero_extendqisi2
 381 0126 83B1     		cbz	r3, .L16
 196:source\bsw/statemachine.c ****             {
 197:source\bsw/statemachine.c ****                 State = IDLE_STATE;  
 382              		.loc 1 197 0 is_stmt 1
 383 0128 084B     		ldr	r3, .L31
 384 012a 0022     		movs	r2, #0
 385 012c DA70     		strb	r2, [r3, #3]
 198:source\bsw/statemachine.c ****                 oChRx = 0;
 386              		.loc 1 198 0
 387 012e 9A70     		strb	r2, [r3, #2]
 388 0130 38BD     		pop	{r3, r4, r5, pc}
 389              	.LVL45:
 390              	.L29:
 199:source\bsw/statemachine.c ****             }
 200:source\bsw/statemachine.c ****         break;
 201:source\bsw/statemachine.c ****             
 202:source\bsw/statemachine.c ****         default:
 203:source\bsw/statemachine.c ****             State = IDLE_STATE; 
 391              		.loc 1 203 0
 392 0132 0024     		movs	r4, #0
 393 0134 054B     		ldr	r3, .L31
 394 0136 DC70     		strb	r4, [r3, #3]
 204:source\bsw/statemachine.c ****             
 205:source\bsw/statemachine.c ****             Yellow_LED_Write(0);           
 395              		.loc 1 205 0
 396 0138 2046     		mov	r0, r4
 397              	.LVL46:
 398 013a FFF7FEFF 		bl	Yellow_LED_Write
 399              	.LVL47:
 206:source\bsw/statemachine.c ****             Green_LED_Write(0);
 400              		.loc 1 206 0
 401 013e 2046     		mov	r0, r4
 402 0140 FFF7FEFF 		bl	Green_LED_Write
 403              	.LVL48:
 207:source\bsw/statemachine.c ****             Red_LED_Write(0);
 404              		.loc 1 207 0
 405 0144 2046     		mov	r0, r4
 406 0146 FFF7FEFF 		bl	Red_LED_Write
 407              	.LVL49:
ARM GAS  C:\Users\drash\AppData\Local\Temp\cckKOWW0.s 			page 12


 408              	.L16:
 409 014a 38BD     		pop	{r3, r4, r5, pc}
 410              	.L32:
 411              		.align	2
 412              	.L31:
 413 014c 00000000 		.word	.LANCHOR0
 414 0150 08000000 		.word	.LANCHOR0+8
 415              		.cfi_endproc
 416              	.LFE122:
 417              		.size	Sequencing, .-Sequencing
 418              		.global	FFT_SamplesArray
 419              		.global	State
 420              		.global	count
 421              		.comm	rxDataCh,1,1
 422              		.global	oChRx
 423              		.global	sChRx
 424              		.global	push_button_toggle
 425              		.bss
 426              		.align	2
 427              		.set	.LANCHOR0,. + 0
 428              		.type	push_button_toggle, %object
 429              		.size	push_button_toggle, 1
 430              	push_button_toggle:
 431 0000 00       		.space	1
 432              		.type	sChRx, %object
 433              		.size	sChRx, 1
 434              	sChRx:
 435 0001 00       		.space	1
 436              		.type	oChRx, %object
 437              		.size	oChRx, 1
 438              	oChRx:
 439 0002 00       		.space	1
 440              		.type	State, %object
 441              		.size	State, 1
 442              	State:
 443 0003 00       		.space	1
 444              		.type	count, %object
 445              		.size	count, 1
 446              	count:
 447 0004 00       		.space	1
 448 0005 000000   		.space	3
 449              		.type	FFT_SamplesArray, %object
 450              		.size	FFT_SamplesArray, 8192
 451              	FFT_SamplesArray:
 452 0008 00000000 		.space	8192
 452      00000000 
 452      00000000 
 452      00000000 
 452      00000000 
 453              		.text
 454              	.Letext0:
 455              		.file 2 "c:\\program files (x86)\\cypress\\psoc creator\\4.4\\psoc creator\\import\\gnu\\arm\\5.4.
 456              		.file 3 "c:\\program files (x86)\\cypress\\psoc creator\\4.4\\psoc creator\\import\\gnu\\arm\\5.4.
 457              		.file 4 "Generated_Source\\PSoC5/cytypes.h"
 458              		.file 5 "source\\bsw\\statemachine.h"
 459              		.file 6 "Generated_Source\\PSoC5/core_cm3.h"
 460              		.file 7 "Generated_Source\\PSoC5/Push_Button.h"
ARM GAS  C:\Users\drash\AppData\Local\Temp\cckKOWW0.s 			page 13


 461              		.file 8 "Generated_Source\\PSoC5/isr_UART.h"
 462              		.file 9 "Generated_Source\\PSoC5/UART_LOG.h"
 463              		.file 10 "Generated_Source\\PSoC5/WaveDAC.h"
 464              		.file 11 "Generated_Source\\PSoC5/ADC_DelSig.h"
 465              		.file 12 "Generated_Source\\PSoC5/isr_PushButton.h"
 466              		.file 13 "Generated_Source\\PSoC5/Yellow_LED.h"
 467              		.file 14 "Generated_Source\\PSoC5/Green_LED.h"
 468              		.file 15 "Generated_Source\\PSoC5/Red_LED.h"
 469              		.file 16 "Generated_Source\\PSoC5/User_LED.h"
 470              		.file 17 ".\\source\\asw\\fft_application/fft_application.h"
 471              		.section	.debug_info,"",%progbits
 472              	.Ldebug_info0:
 473 0000 0C050000 		.4byte	0x50c
 474 0004 0400     		.2byte	0x4
 475 0006 00000000 		.4byte	.Ldebug_abbrev0
 476 000a 04       		.byte	0x4
 477 000b 01       		.uleb128 0x1
 478 000c 16010000 		.4byte	.LASF53
 479 0010 0C       		.byte	0xc
 480 0011 B9030000 		.4byte	.LASF54
 481 0015 2E020000 		.4byte	.LASF55
 482 0019 00000000 		.4byte	.Ldebug_ranges0+0
 483 001d 00000000 		.4byte	0
 484 0021 00000000 		.4byte	.Ldebug_line0
 485 0025 02       		.uleb128 0x2
 486 0026 01       		.byte	0x1
 487 0027 06       		.byte	0x6
 488 0028 00000000 		.4byte	.LASF0
 489 002c 03       		.uleb128 0x3
 490 002d 0C000000 		.4byte	.LASF3
 491 0031 02       		.byte	0x2
 492 0032 1D       		.byte	0x1d
 493 0033 37000000 		.4byte	0x37
 494 0037 02       		.uleb128 0x2
 495 0038 01       		.byte	0x1
 496 0039 08       		.byte	0x8
 497 003a 08010000 		.4byte	.LASF1
 498 003e 02       		.uleb128 0x2
 499 003f 02       		.byte	0x2
 500 0040 05       		.byte	0x5
 501 0041 06020000 		.4byte	.LASF2
 502 0045 03       		.uleb128 0x3
 503 0046 F4010000 		.4byte	.LASF4
 504 004a 02       		.byte	0x2
 505 004b 2B       		.byte	0x2b
 506 004c 50000000 		.4byte	0x50
 507 0050 02       		.uleb128 0x2
 508 0051 02       		.byte	0x2
 509 0052 07       		.byte	0x7
 510 0053 7C000000 		.4byte	.LASF5
 511 0057 03       		.uleb128 0x3
 512 0058 35000000 		.4byte	.LASF6
 513 005c 02       		.byte	0x2
 514 005d 3F       		.byte	0x3f
 515 005e 62000000 		.4byte	0x62
 516 0062 02       		.uleb128 0x2
 517 0063 04       		.byte	0x4
ARM GAS  C:\Users\drash\AppData\Local\Temp\cckKOWW0.s 			page 14


 518 0064 05       		.byte	0x5
 519 0065 93030000 		.4byte	.LASF7
 520 0069 02       		.uleb128 0x2
 521 006a 04       		.byte	0x4
 522 006b 07       		.byte	0x7
 523 006c B3010000 		.4byte	.LASF8
 524 0070 02       		.uleb128 0x2
 525 0071 08       		.byte	0x8
 526 0072 05       		.byte	0x5
 527 0073 04030000 		.4byte	.LASF9
 528 0077 02       		.uleb128 0x2
 529 0078 08       		.byte	0x8
 530 0079 07       		.byte	0x7
 531 007a 6B020000 		.4byte	.LASF10
 532 007e 04       		.uleb128 0x4
 533 007f 04       		.byte	0x4
 534 0080 05       		.byte	0x5
 535 0081 696E7400 		.ascii	"int\000"
 536 0085 02       		.uleb128 0x2
 537 0086 04       		.byte	0x4
 538 0087 07       		.byte	0x7
 539 0088 21020000 		.4byte	.LASF11
 540 008c 03       		.uleb128 0x3
 541 008d 82020000 		.4byte	.LASF12
 542 0091 03       		.byte	0x3
 543 0092 18       		.byte	0x18
 544 0093 2C000000 		.4byte	0x2c
 545 0097 03       		.uleb128 0x3
 546 0098 79030000 		.4byte	.LASF13
 547 009c 03       		.byte	0x3
 548 009d 24       		.byte	0x24
 549 009e 45000000 		.4byte	0x45
 550 00a2 03       		.uleb128 0x3
 551 00a3 CE020000 		.4byte	.LASF14
 552 00a7 03       		.byte	0x3
 553 00a8 2C       		.byte	0x2c
 554 00a9 57000000 		.4byte	0x57
 555 00ad 05       		.uleb128 0x5
 556 00ae D5010000 		.4byte	.LASF15
 557 00b2 04       		.byte	0x4
 558 00b3 EE01     		.2byte	0x1ee
 559 00b5 62000000 		.4byte	0x62
 560 00b9 02       		.uleb128 0x2
 561 00ba 04       		.byte	0x4
 562 00bb 04       		.byte	0x4
 563 00bc E5000000 		.4byte	.LASF16
 564 00c0 02       		.uleb128 0x2
 565 00c1 08       		.byte	0x8
 566 00c2 04       		.byte	0x4
 567 00c3 FF010000 		.4byte	.LASF17
 568 00c7 02       		.uleb128 0x2
 569 00c8 01       		.byte	0x1
 570 00c9 08       		.byte	0x8
 571 00ca 2D030000 		.4byte	.LASF18
 572 00ce 02       		.uleb128 0x2
 573 00cf 08       		.byte	0x8
 574 00d0 04       		.byte	0x4
ARM GAS  C:\Users\drash\AppData\Local\Temp\cckKOWW0.s 			page 15


 575 00d1 AD030000 		.4byte	.LASF19
 576 00d5 02       		.uleb128 0x2
 577 00d6 04       		.byte	0x4
 578 00d7 07       		.byte	0x7
 579 00d8 D6020000 		.4byte	.LASF20
 580 00dc 06       		.uleb128 0x6
 581 00dd 8C000000 		.4byte	0x8c
 582 00e1 07       		.uleb128 0x7
 583 00e2 04       		.byte	0x4
 584 00e3 97000000 		.4byte	0x97
 585 00e7 08       		.uleb128 0x8
 586 00e8 D3000000 		.4byte	.LASF56
 587 00ec 01       		.byte	0x1
 588 00ed 37000000 		.4byte	0x37
 589 00f1 05       		.byte	0x5
 590 00f2 5A       		.byte	0x5a
 591 00f3 0A010000 		.4byte	0x10a
 592 00f7 09       		.uleb128 0x9
 593 00f8 EF030000 		.4byte	.LASF21
 594 00fc 00       		.byte	0
 595 00fd 09       		.uleb128 0x9
 596 00fe A4010000 		.4byte	.LASF22
 597 0102 01       		.byte	0x1
 598 0103 09       		.uleb128 0x9
 599 0104 98000000 		.4byte	.LASF23
 600 0108 02       		.byte	0x2
 601 0109 00       		.byte	0
 602 010a 03       		.uleb128 0x3
 603 010b 50000000 		.4byte	.LASF24
 604 010f 05       		.byte	0x5
 605 0110 5F       		.byte	0x5f
 606 0111 E7000000 		.4byte	0xe7
 607 0115 0A       		.uleb128 0xa
 608 0116 59030000 		.4byte	.LASF25
 609 011a 01       		.byte	0x1
 610 011b 51       		.byte	0x51
 611 011c 00000000 		.4byte	.LFB120
 612 0120 1C000000 		.4byte	.LFE120-.LFB120
 613 0124 01       		.uleb128 0x1
 614 0125 9C       		.byte	0x9c
 615 0126 34010000 		.4byte	0x134
 616 012a 0B       		.uleb128 0xb
 617 012b 06000000 		.4byte	.LVL0
 618 012f 54040000 		.4byte	0x454
 619 0133 00       		.byte	0
 620 0134 0A       		.uleb128 0xa
 621 0135 10020000 		.4byte	.LASF26
 622 0139 01       		.byte	0x1
 623 013a 60       		.byte	0x60
 624 013b 00000000 		.4byte	.LFB121
 625 013f 2C000000 		.4byte	.LFE121-.LFB121
 626 0143 01       		.uleb128 0x1
 627 0144 9C       		.byte	0x9c
 628 0145 5C010000 		.4byte	0x15c
 629 0149 0B       		.uleb128 0xb
 630 014a 06000000 		.4byte	.LVL1
 631 014e 5F040000 		.4byte	0x45f
ARM GAS  C:\Users\drash\AppData\Local\Temp\cckKOWW0.s 			page 16


 632 0152 0B       		.uleb128 0xb
 633 0153 0A000000 		.4byte	.LVL2
 634 0157 6A040000 		.4byte	0x46a
 635 015b 00       		.byte	0
 636 015c 0C       		.uleb128 0xc
 637 015d 27000000 		.4byte	.LASF57
 638 0161 01       		.byte	0x1
 639 0162 42       		.byte	0x42
 640 0163 00000000 		.4byte	.LFB119
 641 0167 28000000 		.4byte	.LFE119-.LFB119
 642 016b 01       		.uleb128 0x1
 643 016c 9C       		.byte	0x9c
 644 016d C0010000 		.4byte	0x1c0
 645 0171 0B       		.uleb128 0xb
 646 0172 06000000 		.4byte	.LVL3
 647 0176 75040000 		.4byte	0x475
 648 017a 0B       		.uleb128 0xb
 649 017b 0A000000 		.4byte	.LVL4
 650 017f 80040000 		.4byte	0x480
 651 0183 0B       		.uleb128 0xb
 652 0184 0E000000 		.4byte	.LVL5
 653 0188 8B040000 		.4byte	0x48b
 654 018c 0B       		.uleb128 0xb
 655 018d 12000000 		.4byte	.LVL6
 656 0191 96040000 		.4byte	0x496
 657 0195 0D       		.uleb128 0xd
 658 0196 18000000 		.4byte	.LVL7
 659 019a A1040000 		.4byte	0x4a1
 660 019e AC010000 		.4byte	0x1ac
 661 01a2 0E       		.uleb128 0xe
 662 01a3 01       		.uleb128 0x1
 663 01a4 50       		.byte	0x50
 664 01a5 05       		.uleb128 0x5
 665 01a6 03       		.byte	0x3
 666 01a7 00000000 		.4byte	isr_PushButton_Enable_Interrupt
 667 01ab 00       		.byte	0
 668 01ac 0F       		.uleb128 0xf
 669 01ad 1E000000 		.4byte	.LVL8
 670 01b1 AC040000 		.4byte	0x4ac
 671 01b5 0E       		.uleb128 0xe
 672 01b6 01       		.uleb128 0x1
 673 01b7 50       		.byte	0x50
 674 01b8 05       		.uleb128 0x5
 675 01b9 03       		.byte	0x3
 676 01ba 00000000 		.4byte	isr_UART
 677 01be 00       		.byte	0
 678 01bf 00       		.byte	0
 679 01c0 0A       		.uleb128 0xa
 680 01c1 E4030000 		.4byte	.LASF27
 681 01c5 01       		.byte	0x1
 682 01c6 72       		.byte	0x72
 683 01c7 00000000 		.4byte	.LFB122
 684 01cb 54010000 		.4byte	.LFE122-.LFB122
 685 01cf 01       		.uleb128 0x1
 686 01d0 9C       		.byte	0x9c
 687 01d1 BB030000 		.4byte	0x3bb
 688 01d5 10       		.uleb128 0x10
ARM GAS  C:\Users\drash\AppData\Local\Temp\cckKOWW0.s 			page 17


 689 01d6 A8020000 		.4byte	.LASF58
 690 01da 01       		.byte	0x1
 691 01db 72       		.byte	0x72
 692 01dc E1000000 		.4byte	0xe1
 693 01e0 00000000 		.4byte	.LLST0
 694 01e4 11       		.uleb128 0x11
 695 01e5 54000000 		.4byte	.LBB2
 696 01e9 1C000000 		.4byte	.LBE2-.LBB2
 697 01ed 1D020000 		.4byte	0x21d
 698 01f1 12       		.uleb128 0x12
 699 01f2 69647800 		.ascii	"idx\000"
 700 01f6 01       		.byte	0x1
 701 01f7 8D       		.byte	0x8d
 702 01f8 97000000 		.4byte	0x97
 703 01fc 7C000000 		.4byte	.LLST1
 704 0200 0D       		.uleb128 0xd
 705 0201 5E000000 		.4byte	.LVL20
 706 0205 B7040000 		.4byte	0x4b7
 707 0209 13020000 		.4byte	0x213
 708 020d 0E       		.uleb128 0xe
 709 020e 01       		.uleb128 0x1
 710 020f 50       		.byte	0x50
 711 0210 01       		.uleb128 0x1
 712 0211 30       		.byte	0x30
 713 0212 00       		.byte	0
 714 0213 0B       		.uleb128 0xb
 715 0214 62000000 		.4byte	.LVL21
 716 0218 C2040000 		.4byte	0x4c2
 717 021c 00       		.byte	0
 718 021d 11       		.uleb128 0x11
 719 021e 9C000000 		.4byte	.LBB3
 720 0222 20000000 		.4byte	.LBE3-.LBB3
 721 0226 4C020000 		.4byte	0x24c
 722 022a 12       		.uleb128 0x12
 723 022b 69647800 		.ascii	"idx\000"
 724 022f 01       		.byte	0x1
 725 0230 A8       		.byte	0xa8
 726 0231 97000000 		.4byte	0x97
 727 0235 A6000000 		.4byte	.LLST2
 728 0239 0B       		.uleb128 0xb
 729 023a A8000000 		.4byte	.LVL31
 730 023e CD040000 		.4byte	0x4cd
 731 0242 0B       		.uleb128 0xb
 732 0243 B2000000 		.4byte	.LVL32
 733 0247 CD040000 		.4byte	0x4cd
 734 024b 00       		.byte	0
 735 024c 11       		.uleb128 0x11
 736 024d C8000000 		.4byte	.LBB4
 737 0251 32000000 		.4byte	.LBE4-.LBB4
 738 0255 8D020000 		.4byte	0x28d
 739 0259 12       		.uleb128 0x12
 740 025a 69647800 		.ascii	"idx\000"
 741 025e 01       		.byte	0x1
 742 025f B1       		.byte	0xb1
 743 0260 AD000000 		.4byte	0xad
 744 0264 D0000000 		.4byte	.LLST3
 745 0268 0B       		.uleb128 0xb
ARM GAS  C:\Users\drash\AppData\Local\Temp\cckKOWW0.s 			page 18


 746 0269 D8000000 		.4byte	.LVL38
 747 026d CD040000 		.4byte	0x4cd
 748 0271 0B       		.uleb128 0xb
 749 0272 DE000000 		.4byte	.LVL39
 750 0276 CD040000 		.4byte	0x4cd
 751 027a 0B       		.uleb128 0xb
 752 027b E4000000 		.4byte	.LVL40
 753 027f CD040000 		.4byte	0x4cd
 754 0283 0B       		.uleb128 0xb
 755 0284 F2000000 		.4byte	.LVL41
 756 0288 CD040000 		.4byte	0x4cd
 757 028c 00       		.byte	0
 758 028d 0D       		.uleb128 0xd
 759 028e 1A000000 		.4byte	.LVL11
 760 0292 D8040000 		.4byte	0x4d8
 761 0296 A0020000 		.4byte	0x2a0
 762 029a 0E       		.uleb128 0xe
 763 029b 01       		.uleb128 0x1
 764 029c 50       		.byte	0x50
 765 029d 01       		.uleb128 0x1
 766 029e 31       		.byte	0x31
 767 029f 00       		.byte	0
 768 02a0 0D       		.uleb128 0xd
 769 02a1 20000000 		.4byte	.LVL12
 770 02a5 E3040000 		.4byte	0x4e3
 771 02a9 B3020000 		.4byte	0x2b3
 772 02ad 0E       		.uleb128 0xe
 773 02ae 01       		.uleb128 0x1
 774 02af 50       		.byte	0x50
 775 02b0 01       		.uleb128 0x1
 776 02b1 30       		.byte	0x30
 777 02b2 00       		.byte	0
 778 02b3 0D       		.uleb128 0xd
 779 02b4 26000000 		.4byte	.LVL13
 780 02b8 EE040000 		.4byte	0x4ee
 781 02bc C6020000 		.4byte	0x2c6
 782 02c0 0E       		.uleb128 0xe
 783 02c1 01       		.uleb128 0x1
 784 02c2 50       		.byte	0x50
 785 02c3 01       		.uleb128 0x1
 786 02c4 30       		.byte	0x30
 787 02c5 00       		.byte	0
 788 02c6 0D       		.uleb128 0xd
 789 02c7 48000000 		.4byte	.LVL16
 790 02cb D8040000 		.4byte	0x4d8
 791 02cf D9020000 		.4byte	0x2d9
 792 02d3 0E       		.uleb128 0xe
 793 02d4 01       		.uleb128 0x1
 794 02d5 50       		.byte	0x50
 795 02d6 01       		.uleb128 0x1
 796 02d7 30       		.byte	0x30
 797 02d8 00       		.byte	0
 798 02d9 0D       		.uleb128 0xd
 799 02da 4E000000 		.4byte	.LVL17
 800 02de E3040000 		.4byte	0x4e3
 801 02e2 EC020000 		.4byte	0x2ec
 802 02e6 0E       		.uleb128 0xe
ARM GAS  C:\Users\drash\AppData\Local\Temp\cckKOWW0.s 			page 19


 803 02e7 01       		.uleb128 0x1
 804 02e8 50       		.byte	0x50
 805 02e9 01       		.uleb128 0x1
 806 02ea 31       		.byte	0x31
 807 02eb 00       		.byte	0
 808 02ec 0D       		.uleb128 0xd
 809 02ed 54000000 		.4byte	.LVL18
 810 02f1 EE040000 		.4byte	0x4ee
 811 02f5 FF020000 		.4byte	0x2ff
 812 02f9 0E       		.uleb128 0xe
 813 02fa 01       		.uleb128 0x1
 814 02fb 50       		.byte	0x50
 815 02fc 01       		.uleb128 0x1
 816 02fd 30       		.byte	0x30
 817 02fe 00       		.byte	0
 818 02ff 0D       		.uleb128 0xd
 819 0300 7E000000 		.4byte	.LVL24
 820 0304 F9040000 		.4byte	0x4f9
 821 0308 12030000 		.4byte	0x312
 822 030c 0E       		.uleb128 0xe
 823 030d 01       		.uleb128 0x1
 824 030e 50       		.byte	0x50
 825 030f 01       		.uleb128 0x1
 826 0310 31       		.byte	0x31
 827 0311 00       		.byte	0
 828 0312 0D       		.uleb128 0xd
 829 0313 90000000 		.4byte	.LVL27
 830 0317 E3040000 		.4byte	0x4e3
 831 031b 25030000 		.4byte	0x325
 832 031f 0E       		.uleb128 0xe
 833 0320 01       		.uleb128 0x1
 834 0321 50       		.byte	0x50
 835 0322 01       		.uleb128 0x1
 836 0323 30       		.byte	0x30
 837 0324 00       		.byte	0
 838 0325 0D       		.uleb128 0xd
 839 0326 96000000 		.4byte	.LVL28
 840 032a EE040000 		.4byte	0x4ee
 841 032e 38030000 		.4byte	0x338
 842 0332 0E       		.uleb128 0xe
 843 0333 01       		.uleb128 0x1
 844 0334 50       		.byte	0x50
 845 0335 01       		.uleb128 0x1
 846 0336 31       		.byte	0x31
 847 0337 00       		.byte	0
 848 0338 0D       		.uleb128 0xd
 849 0339 9C000000 		.4byte	.LVL29
 850 033d D8040000 		.4byte	0x4d8
 851 0341 4B030000 		.4byte	0x34b
 852 0345 0E       		.uleb128 0xe
 853 0346 01       		.uleb128 0x1
 854 0347 50       		.byte	0x50
 855 0348 01       		.uleb128 0x1
 856 0349 30       		.byte	0x30
 857 034a 00       		.byte	0
 858 034b 0D       		.uleb128 0xd
 859 034c C8000000 		.4byte	.LVL35
ARM GAS  C:\Users\drash\AppData\Local\Temp\cckKOWW0.s 			page 20


 860 0350 04050000 		.4byte	0x504
 861 0354 6F030000 		.4byte	0x36f
 862 0358 0E       		.uleb128 0xe
 863 0359 01       		.uleb128 0x1
 864 035a 50       		.byte	0x50
 865 035b 02       		.uleb128 0x2
 866 035c 75       		.byte	0x75
 867 035d 00       		.sleb128 0
 868 035e 0E       		.uleb128 0xe
 869 035f 01       		.uleb128 0x1
 870 0360 51       		.byte	0x51
 871 0361 05       		.uleb128 0x5
 872 0362 03       		.byte	0x3
 873 0363 08000000 		.4byte	.LANCHOR0+8
 874 0367 0E       		.uleb128 0xe
 875 0368 01       		.uleb128 0x1
 876 0369 52       		.byte	0x52
 877 036a 03       		.uleb128 0x3
 878 036b 0A       		.byte	0xa
 879 036c 0004     		.2byte	0x400
 880 036e 00       		.byte	0
 881 036f 0D       		.uleb128 0xd
 882 0370 12010000 		.4byte	.LVL43
 883 0374 F9040000 		.4byte	0x4f9
 884 0378 82030000 		.4byte	0x382
 885 037c 0E       		.uleb128 0xe
 886 037d 01       		.uleb128 0x1
 887 037e 50       		.byte	0x50
 888 037f 01       		.uleb128 0x1
 889 0380 30       		.byte	0x30
 890 0381 00       		.byte	0
 891 0382 0D       		.uleb128 0xd
 892 0383 3E010000 		.4byte	.LVL47
 893 0387 D8040000 		.4byte	0x4d8
 894 038b 96030000 		.4byte	0x396
 895 038f 0E       		.uleb128 0xe
 896 0390 01       		.uleb128 0x1
 897 0391 50       		.byte	0x50
 898 0392 02       		.uleb128 0x2
 899 0393 74       		.byte	0x74
 900 0394 00       		.sleb128 0
 901 0395 00       		.byte	0
 902 0396 0D       		.uleb128 0xd
 903 0397 44010000 		.4byte	.LVL48
 904 039b E3040000 		.4byte	0x4e3
 905 039f AA030000 		.4byte	0x3aa
 906 03a3 0E       		.uleb128 0xe
 907 03a4 01       		.uleb128 0x1
 908 03a5 50       		.byte	0x50
 909 03a6 02       		.uleb128 0x2
 910 03a7 74       		.byte	0x74
 911 03a8 00       		.sleb128 0
 912 03a9 00       		.byte	0
 913 03aa 0F       		.uleb128 0xf
 914 03ab 4A010000 		.4byte	.LVL49
 915 03af EE040000 		.4byte	0x4ee
 916 03b3 0E       		.uleb128 0xe
ARM GAS  C:\Users\drash\AppData\Local\Temp\cckKOWW0.s 			page 21


 917 03b4 01       		.uleb128 0x1
 918 03b5 50       		.byte	0x50
 919 03b6 02       		.uleb128 0x2
 920 03b7 74       		.byte	0x74
 921 03b8 00       		.sleb128 0
 922 03b9 00       		.byte	0
 923 03ba 00       		.byte	0
 924 03bb 13       		.uleb128 0x13
 925 03bc E1010000 		.4byte	.LASF28
 926 03c0 06       		.byte	0x6
 927 03c1 1207     		.2byte	0x712
 928 03c3 C7030000 		.4byte	0x3c7
 929 03c7 06       		.uleb128 0x6
 930 03c8 A2000000 		.4byte	0xa2
 931 03cc 14       		.uleb128 0x14
 932 03cd 32030000 		.4byte	.LASF29
 933 03d1 01       		.byte	0x1
 934 03d2 30       		.byte	0x30
 935 03d3 DC000000 		.4byte	0xdc
 936 03d7 05       		.uleb128 0x5
 937 03d8 03       		.byte	0x3
 938 03d9 00000000 		.4byte	push_button_toggle
 939 03dd 14       		.uleb128 0x14
 940 03de 02010000 		.4byte	.LASF30
 941 03e2 01       		.byte	0x1
 942 03e3 32       		.byte	0x32
 943 03e4 8C000000 		.4byte	0x8c
 944 03e8 05       		.uleb128 0x5
 945 03e9 03       		.byte	0x3
 946 03ea 00000000 		.4byte	sChRx
 947 03ee 14       		.uleb128 0x14
 948 03ef EE010000 		.4byte	.LASF31
 949 03f3 01       		.byte	0x1
 950 03f4 33       		.byte	0x33
 951 03f5 8C000000 		.4byte	0x8c
 952 03f9 05       		.uleb128 0x5
 953 03fa 03       		.byte	0x3
 954 03fb 00000000 		.4byte	oChRx
 955 03ff 14       		.uleb128 0x14
 956 0400 8F000000 		.4byte	.LASF32
 957 0404 01       		.byte	0x1
 958 0405 34       		.byte	0x34
 959 0406 C7000000 		.4byte	0xc7
 960 040a 05       		.uleb128 0x5
 961 040b 03       		.byte	0x3
 962 040c 00000000 		.4byte	rxDataCh
 963 0410 14       		.uleb128 0x14
 964 0411 53030000 		.4byte	.LASF33
 965 0415 01       		.byte	0x1
 966 0416 36       		.byte	0x36
 967 0417 8C000000 		.4byte	0x8c
 968 041b 05       		.uleb128 0x5
 969 041c 03       		.byte	0x3
 970 041d 00000000 		.4byte	count
 971 0421 14       		.uleb128 0x14
 972 0422 DB010000 		.4byte	.LASF34
 973 0426 01       		.byte	0x1
ARM GAS  C:\Users\drash\AppData\Local\Temp\cckKOWW0.s 			page 22


 974 0427 3A       		.byte	0x3a
 975 0428 0A010000 		.4byte	0x10a
 976 042c 05       		.uleb128 0x5
 977 042d 03       		.byte	0x3
 978 042e 00000000 		.4byte	State
 979 0432 15       		.uleb128 0x15
 980 0433 AD000000 		.4byte	0xad
 981 0437 43040000 		.4byte	0x443
 982 043b 16       		.uleb128 0x16
 983 043c D5000000 		.4byte	0xd5
 984 0440 FF07     		.2byte	0x7ff
 985 0442 00       		.byte	0
 986 0443 14       		.uleb128 0x14
 987 0444 9C030000 		.4byte	.LASF35
 988 0448 01       		.byte	0x1
 989 0449 3B       		.byte	0x3b
 990 044a 32040000 		.4byte	0x432
 991 044e 05       		.uleb128 0x5
 992 044f 03       		.byte	0x3
 993 0450 00000000 		.4byte	FFT_SamplesArray
 994 0454 17       		.uleb128 0x17
 995 0455 12030000 		.4byte	.LASF36
 996 0459 12030000 		.4byte	.LASF36
 997 045d 07       		.byte	0x7
 998 045e 2B       		.byte	0x2b
 999 045f 17       		.uleb128 0x17
 1000 0460 BD000000 		.4byte	.LASF37
 1001 0464 BD000000 		.4byte	.LASF37
 1002 0468 08       		.byte	0x8
 1003 0469 28       		.byte	0x28
 1004 046a 17       		.uleb128 0x17
 1005 046b AC000000 		.4byte	.LASF38
 1006 046f AC000000 		.4byte	.LASF38
 1007 0473 09       		.byte	0x9
 1008 0474 71       		.byte	0x71
 1009 0475 17       		.uleb128 0x17
 1010 0476 99020000 		.4byte	.LASF39
 1011 047a 99020000 		.4byte	.LASF39
 1012 047e 09       		.byte	0x9
 1013 047f 54       		.byte	0x54
 1014 0480 17       		.uleb128 0x17
 1015 0481 45030000 		.4byte	.LASF40
 1016 0485 45030000 		.4byte	.LASF40
 1017 0489 0A       		.byte	0xa
 1018 048a 67       		.byte	0x67
 1019 048b 17       		.uleb128 0x17
 1020 048c 82030000 		.4byte	.LASF41
 1021 0490 82030000 		.4byte	.LASF41
 1022 0494 0B       		.byte	0xb
 1023 0495 3A       		.byte	0x3a
 1024 0496 17       		.uleb128 0x17
 1025 0497 B6020000 		.4byte	.LASF42
 1026 049b B6020000 		.4byte	.LASF42
 1027 049f 0B       		.byte	0xb
 1028 04a0 3D       		.byte	0x3d
 1029 04a1 17       		.uleb128 0x17
 1030 04a2 ED020000 		.4byte	.LASF43
ARM GAS  C:\Users\drash\AppData\Local\Temp\cckKOWW0.s 			page 23


 1031 04a6 ED020000 		.4byte	.LASF43
 1032 04aa 0C       		.byte	0xc
 1033 04ab 18       		.byte	0x18
 1034 04ac 17       		.uleb128 0x17
 1035 04ad D3030000 		.4byte	.LASF44
 1036 04b1 D3030000 		.4byte	.LASF44
 1037 04b5 08       		.byte	0x8
 1038 04b6 18       		.byte	0x18
 1039 04b7 17       		.uleb128 0x17
 1040 04b8 61000000 		.4byte	.LASF45
 1041 04bc 61000000 		.4byte	.LASF45
 1042 04c0 0B       		.byte	0xb
 1043 04c1 3F       		.byte	0x3f
 1044 04c2 17       		.uleb128 0x17
 1045 04c3 EB000000 		.4byte	.LASF46
 1046 04c7 EB000000 		.4byte	.LASF46
 1047 04cb 0B       		.byte	0xb
 1048 04cc 42       		.byte	0x42
 1049 04cd 17       		.uleb128 0x17
 1050 04ce 16000000 		.4byte	.LASF47
 1051 04d2 16000000 		.4byte	.LASF47
 1052 04d6 09       		.byte	0x9
 1053 04d7 8A       		.byte	0x8a
 1054 04d8 17       		.uleb128 0x17
 1055 04d9 3F000000 		.4byte	.LASF48
 1056 04dd 3F000000 		.4byte	.LASF48
 1057 04e1 0D       		.byte	0xd
 1058 04e2 26       		.byte	0x26
 1059 04e3 17       		.uleb128 0x17
 1060 04e4 C5010000 		.4byte	.LASF49
 1061 04e8 C5010000 		.4byte	.LASF49
 1062 04ec 0E       		.byte	0xe
 1063 04ed 26       		.byte	0x26
 1064 04ee 17       		.uleb128 0x17
 1065 04ef DF020000 		.4byte	.LASF50
 1066 04f3 DF020000 		.4byte	.LASF50
 1067 04f7 0F       		.byte	0xf
 1068 04f8 26       		.byte	0x26
 1069 04f9 17       		.uleb128 0x17
 1070 04fa 8A020000 		.4byte	.LASF51
 1071 04fe 8A020000 		.4byte	.LASF51
 1072 0502 10       		.byte	0x10
 1073 0503 26       		.byte	0x26
 1074 0504 17       		.uleb128 0x17
 1075 0505 19020000 		.4byte	.LASF52
 1076 0509 19020000 		.4byte	.LASF52
 1077 050d 11       		.byte	0x11
 1078 050e 26       		.byte	0x26
 1079 050f 00       		.byte	0
 1080              		.section	.debug_abbrev,"",%progbits
 1081              	.Ldebug_abbrev0:
 1082 0000 01       		.uleb128 0x1
 1083 0001 11       		.uleb128 0x11
 1084 0002 01       		.byte	0x1
 1085 0003 25       		.uleb128 0x25
 1086 0004 0E       		.uleb128 0xe
 1087 0005 13       		.uleb128 0x13
ARM GAS  C:\Users\drash\AppData\Local\Temp\cckKOWW0.s 			page 24


 1088 0006 0B       		.uleb128 0xb
 1089 0007 03       		.uleb128 0x3
 1090 0008 0E       		.uleb128 0xe
 1091 0009 1B       		.uleb128 0x1b
 1092 000a 0E       		.uleb128 0xe
 1093 000b 55       		.uleb128 0x55
 1094 000c 17       		.uleb128 0x17
 1095 000d 11       		.uleb128 0x11
 1096 000e 01       		.uleb128 0x1
 1097 000f 10       		.uleb128 0x10
 1098 0010 17       		.uleb128 0x17
 1099 0011 00       		.byte	0
 1100 0012 00       		.byte	0
 1101 0013 02       		.uleb128 0x2
 1102 0014 24       		.uleb128 0x24
 1103 0015 00       		.byte	0
 1104 0016 0B       		.uleb128 0xb
 1105 0017 0B       		.uleb128 0xb
 1106 0018 3E       		.uleb128 0x3e
 1107 0019 0B       		.uleb128 0xb
 1108 001a 03       		.uleb128 0x3
 1109 001b 0E       		.uleb128 0xe
 1110 001c 00       		.byte	0
 1111 001d 00       		.byte	0
 1112 001e 03       		.uleb128 0x3
 1113 001f 16       		.uleb128 0x16
 1114 0020 00       		.byte	0
 1115 0021 03       		.uleb128 0x3
 1116 0022 0E       		.uleb128 0xe
 1117 0023 3A       		.uleb128 0x3a
 1118 0024 0B       		.uleb128 0xb
 1119 0025 3B       		.uleb128 0x3b
 1120 0026 0B       		.uleb128 0xb
 1121 0027 49       		.uleb128 0x49
 1122 0028 13       		.uleb128 0x13
 1123 0029 00       		.byte	0
 1124 002a 00       		.byte	0
 1125 002b 04       		.uleb128 0x4
 1126 002c 24       		.uleb128 0x24
 1127 002d 00       		.byte	0
 1128 002e 0B       		.uleb128 0xb
 1129 002f 0B       		.uleb128 0xb
 1130 0030 3E       		.uleb128 0x3e
 1131 0031 0B       		.uleb128 0xb
 1132 0032 03       		.uleb128 0x3
 1133 0033 08       		.uleb128 0x8
 1134 0034 00       		.byte	0
 1135 0035 00       		.byte	0
 1136 0036 05       		.uleb128 0x5
 1137 0037 16       		.uleb128 0x16
 1138 0038 00       		.byte	0
 1139 0039 03       		.uleb128 0x3
 1140 003a 0E       		.uleb128 0xe
 1141 003b 3A       		.uleb128 0x3a
 1142 003c 0B       		.uleb128 0xb
 1143 003d 3B       		.uleb128 0x3b
 1144 003e 05       		.uleb128 0x5
ARM GAS  C:\Users\drash\AppData\Local\Temp\cckKOWW0.s 			page 25


 1145 003f 49       		.uleb128 0x49
 1146 0040 13       		.uleb128 0x13
 1147 0041 00       		.byte	0
 1148 0042 00       		.byte	0
 1149 0043 06       		.uleb128 0x6
 1150 0044 35       		.uleb128 0x35
 1151 0045 00       		.byte	0
 1152 0046 49       		.uleb128 0x49
 1153 0047 13       		.uleb128 0x13
 1154 0048 00       		.byte	0
 1155 0049 00       		.byte	0
 1156 004a 07       		.uleb128 0x7
 1157 004b 0F       		.uleb128 0xf
 1158 004c 00       		.byte	0
 1159 004d 0B       		.uleb128 0xb
 1160 004e 0B       		.uleb128 0xb
 1161 004f 49       		.uleb128 0x49
 1162 0050 13       		.uleb128 0x13
 1163 0051 00       		.byte	0
 1164 0052 00       		.byte	0
 1165 0053 08       		.uleb128 0x8
 1166 0054 04       		.uleb128 0x4
 1167 0055 01       		.byte	0x1
 1168 0056 03       		.uleb128 0x3
 1169 0057 0E       		.uleb128 0xe
 1170 0058 0B       		.uleb128 0xb
 1171 0059 0B       		.uleb128 0xb
 1172 005a 49       		.uleb128 0x49
 1173 005b 13       		.uleb128 0x13
 1174 005c 3A       		.uleb128 0x3a
 1175 005d 0B       		.uleb128 0xb
 1176 005e 3B       		.uleb128 0x3b
 1177 005f 0B       		.uleb128 0xb
 1178 0060 01       		.uleb128 0x1
 1179 0061 13       		.uleb128 0x13
 1180 0062 00       		.byte	0
 1181 0063 00       		.byte	0
 1182 0064 09       		.uleb128 0x9
 1183 0065 28       		.uleb128 0x28
 1184 0066 00       		.byte	0
 1185 0067 03       		.uleb128 0x3
 1186 0068 0E       		.uleb128 0xe
 1187 0069 1C       		.uleb128 0x1c
 1188 006a 0B       		.uleb128 0xb
 1189 006b 00       		.byte	0
 1190 006c 00       		.byte	0
 1191 006d 0A       		.uleb128 0xa
 1192 006e 2E       		.uleb128 0x2e
 1193 006f 01       		.byte	0x1
 1194 0070 3F       		.uleb128 0x3f
 1195 0071 19       		.uleb128 0x19
 1196 0072 03       		.uleb128 0x3
 1197 0073 0E       		.uleb128 0xe
 1198 0074 3A       		.uleb128 0x3a
 1199 0075 0B       		.uleb128 0xb
 1200 0076 3B       		.uleb128 0x3b
 1201 0077 0B       		.uleb128 0xb
ARM GAS  C:\Users\drash\AppData\Local\Temp\cckKOWW0.s 			page 26


 1202 0078 27       		.uleb128 0x27
 1203 0079 19       		.uleb128 0x19
 1204 007a 11       		.uleb128 0x11
 1205 007b 01       		.uleb128 0x1
 1206 007c 12       		.uleb128 0x12
 1207 007d 06       		.uleb128 0x6
 1208 007e 40       		.uleb128 0x40
 1209 007f 18       		.uleb128 0x18
 1210 0080 9742     		.uleb128 0x2117
 1211 0082 19       		.uleb128 0x19
 1212 0083 01       		.uleb128 0x1
 1213 0084 13       		.uleb128 0x13
 1214 0085 00       		.byte	0
 1215 0086 00       		.byte	0
 1216 0087 0B       		.uleb128 0xb
 1217 0088 898201   		.uleb128 0x4109
 1218 008b 00       		.byte	0
 1219 008c 11       		.uleb128 0x11
 1220 008d 01       		.uleb128 0x1
 1221 008e 31       		.uleb128 0x31
 1222 008f 13       		.uleb128 0x13
 1223 0090 00       		.byte	0
 1224 0091 00       		.byte	0
 1225 0092 0C       		.uleb128 0xc
 1226 0093 2E       		.uleb128 0x2e
 1227 0094 01       		.byte	0x1
 1228 0095 3F       		.uleb128 0x3f
 1229 0096 19       		.uleb128 0x19
 1230 0097 03       		.uleb128 0x3
 1231 0098 0E       		.uleb128 0xe
 1232 0099 3A       		.uleb128 0x3a
 1233 009a 0B       		.uleb128 0xb
 1234 009b 3B       		.uleb128 0x3b
 1235 009c 0B       		.uleb128 0xb
 1236 009d 11       		.uleb128 0x11
 1237 009e 01       		.uleb128 0x1
 1238 009f 12       		.uleb128 0x12
 1239 00a0 06       		.uleb128 0x6
 1240 00a1 40       		.uleb128 0x40
 1241 00a2 18       		.uleb128 0x18
 1242 00a3 9742     		.uleb128 0x2117
 1243 00a5 19       		.uleb128 0x19
 1244 00a6 01       		.uleb128 0x1
 1245 00a7 13       		.uleb128 0x13
 1246 00a8 00       		.byte	0
 1247 00a9 00       		.byte	0
 1248 00aa 0D       		.uleb128 0xd
 1249 00ab 898201   		.uleb128 0x4109
 1250 00ae 01       		.byte	0x1
 1251 00af 11       		.uleb128 0x11
 1252 00b0 01       		.uleb128 0x1
 1253 00b1 31       		.uleb128 0x31
 1254 00b2 13       		.uleb128 0x13
 1255 00b3 01       		.uleb128 0x1
 1256 00b4 13       		.uleb128 0x13
 1257 00b5 00       		.byte	0
 1258 00b6 00       		.byte	0
ARM GAS  C:\Users\drash\AppData\Local\Temp\cckKOWW0.s 			page 27


 1259 00b7 0E       		.uleb128 0xe
 1260 00b8 8A8201   		.uleb128 0x410a
 1261 00bb 00       		.byte	0
 1262 00bc 02       		.uleb128 0x2
 1263 00bd 18       		.uleb128 0x18
 1264 00be 9142     		.uleb128 0x2111
 1265 00c0 18       		.uleb128 0x18
 1266 00c1 00       		.byte	0
 1267 00c2 00       		.byte	0
 1268 00c3 0F       		.uleb128 0xf
 1269 00c4 898201   		.uleb128 0x4109
 1270 00c7 01       		.byte	0x1
 1271 00c8 11       		.uleb128 0x11
 1272 00c9 01       		.uleb128 0x1
 1273 00ca 31       		.uleb128 0x31
 1274 00cb 13       		.uleb128 0x13
 1275 00cc 00       		.byte	0
 1276 00cd 00       		.byte	0
 1277 00ce 10       		.uleb128 0x10
 1278 00cf 05       		.uleb128 0x5
 1279 00d0 00       		.byte	0
 1280 00d1 03       		.uleb128 0x3
 1281 00d2 0E       		.uleb128 0xe
 1282 00d3 3A       		.uleb128 0x3a
 1283 00d4 0B       		.uleb128 0xb
 1284 00d5 3B       		.uleb128 0x3b
 1285 00d6 0B       		.uleb128 0xb
 1286 00d7 49       		.uleb128 0x49
 1287 00d8 13       		.uleb128 0x13
 1288 00d9 02       		.uleb128 0x2
 1289 00da 17       		.uleb128 0x17
 1290 00db 00       		.byte	0
 1291 00dc 00       		.byte	0
 1292 00dd 11       		.uleb128 0x11
 1293 00de 0B       		.uleb128 0xb
 1294 00df 01       		.byte	0x1
 1295 00e0 11       		.uleb128 0x11
 1296 00e1 01       		.uleb128 0x1
 1297 00e2 12       		.uleb128 0x12
 1298 00e3 06       		.uleb128 0x6
 1299 00e4 01       		.uleb128 0x1
 1300 00e5 13       		.uleb128 0x13
 1301 00e6 00       		.byte	0
 1302 00e7 00       		.byte	0
 1303 00e8 12       		.uleb128 0x12
 1304 00e9 34       		.uleb128 0x34
 1305 00ea 00       		.byte	0
 1306 00eb 03       		.uleb128 0x3
 1307 00ec 08       		.uleb128 0x8
 1308 00ed 3A       		.uleb128 0x3a
 1309 00ee 0B       		.uleb128 0xb
 1310 00ef 3B       		.uleb128 0x3b
 1311 00f0 0B       		.uleb128 0xb
 1312 00f1 49       		.uleb128 0x49
 1313 00f2 13       		.uleb128 0x13
 1314 00f3 02       		.uleb128 0x2
 1315 00f4 17       		.uleb128 0x17
ARM GAS  C:\Users\drash\AppData\Local\Temp\cckKOWW0.s 			page 28


 1316 00f5 00       		.byte	0
 1317 00f6 00       		.byte	0
 1318 00f7 13       		.uleb128 0x13
 1319 00f8 34       		.uleb128 0x34
 1320 00f9 00       		.byte	0
 1321 00fa 03       		.uleb128 0x3
 1322 00fb 0E       		.uleb128 0xe
 1323 00fc 3A       		.uleb128 0x3a
 1324 00fd 0B       		.uleb128 0xb
 1325 00fe 3B       		.uleb128 0x3b
 1326 00ff 05       		.uleb128 0x5
 1327 0100 49       		.uleb128 0x49
 1328 0101 13       		.uleb128 0x13
 1329 0102 3F       		.uleb128 0x3f
 1330 0103 19       		.uleb128 0x19
 1331 0104 3C       		.uleb128 0x3c
 1332 0105 19       		.uleb128 0x19
 1333 0106 00       		.byte	0
 1334 0107 00       		.byte	0
 1335 0108 14       		.uleb128 0x14
 1336 0109 34       		.uleb128 0x34
 1337 010a 00       		.byte	0
 1338 010b 03       		.uleb128 0x3
 1339 010c 0E       		.uleb128 0xe
 1340 010d 3A       		.uleb128 0x3a
 1341 010e 0B       		.uleb128 0xb
 1342 010f 3B       		.uleb128 0x3b
 1343 0110 0B       		.uleb128 0xb
 1344 0111 49       		.uleb128 0x49
 1345 0112 13       		.uleb128 0x13
 1346 0113 3F       		.uleb128 0x3f
 1347 0114 19       		.uleb128 0x19
 1348 0115 02       		.uleb128 0x2
 1349 0116 18       		.uleb128 0x18
 1350 0117 00       		.byte	0
 1351 0118 00       		.byte	0
 1352 0119 15       		.uleb128 0x15
 1353 011a 01       		.uleb128 0x1
 1354 011b 01       		.byte	0x1
 1355 011c 49       		.uleb128 0x49
 1356 011d 13       		.uleb128 0x13
 1357 011e 01       		.uleb128 0x1
 1358 011f 13       		.uleb128 0x13
 1359 0120 00       		.byte	0
 1360 0121 00       		.byte	0
 1361 0122 16       		.uleb128 0x16
 1362 0123 21       		.uleb128 0x21
 1363 0124 00       		.byte	0
 1364 0125 49       		.uleb128 0x49
 1365 0126 13       		.uleb128 0x13
 1366 0127 2F       		.uleb128 0x2f
 1367 0128 05       		.uleb128 0x5
 1368 0129 00       		.byte	0
 1369 012a 00       		.byte	0
 1370 012b 17       		.uleb128 0x17
 1371 012c 2E       		.uleb128 0x2e
 1372 012d 00       		.byte	0
ARM GAS  C:\Users\drash\AppData\Local\Temp\cckKOWW0.s 			page 29


 1373 012e 3F       		.uleb128 0x3f
 1374 012f 19       		.uleb128 0x19
 1375 0130 3C       		.uleb128 0x3c
 1376 0131 19       		.uleb128 0x19
 1377 0132 6E       		.uleb128 0x6e
 1378 0133 0E       		.uleb128 0xe
 1379 0134 03       		.uleb128 0x3
 1380 0135 0E       		.uleb128 0xe
 1381 0136 3A       		.uleb128 0x3a
 1382 0137 0B       		.uleb128 0xb
 1383 0138 3B       		.uleb128 0x3b
 1384 0139 0B       		.uleb128 0xb
 1385 013a 00       		.byte	0
 1386 013b 00       		.byte	0
 1387 013c 00       		.byte	0
 1388              		.section	.debug_loc,"",%progbits
 1389              	.Ldebug_loc0:
 1390              	.LLST0:
 1391 0000 00000000 		.4byte	.LVL9
 1392 0004 16000000 		.4byte	.LVL10
 1393 0008 0100     		.2byte	0x1
 1394 000a 50       		.byte	0x50
 1395 000b 16000000 		.4byte	.LVL10
 1396 000f 42000000 		.4byte	.LVL14
 1397 0013 0100     		.2byte	0x1
 1398 0015 55       		.byte	0x55
 1399 0016 42000000 		.4byte	.LVL14
 1400 001a 44000000 		.4byte	.LVL15
 1401 001e 0100     		.2byte	0x1
 1402 0020 50       		.byte	0x50
 1403 0021 44000000 		.4byte	.LVL15
 1404 0025 8A000000 		.4byte	.LVL25
 1405 0029 0100     		.2byte	0x1
 1406 002b 55       		.byte	0x55
 1407 002c 8A000000 		.4byte	.LVL25
 1408 0030 8C000000 		.4byte	.LVL26
 1409 0034 0100     		.2byte	0x1
 1410 0036 50       		.byte	0x50
 1411 0037 8C000000 		.4byte	.LVL26
 1412 003b CA000000 		.4byte	.LVL36
 1413 003f 0100     		.2byte	0x1
 1414 0041 55       		.byte	0x55
 1415 0042 CA000000 		.4byte	.LVL36
 1416 0046 32010000 		.4byte	.LVL45
 1417 004a 0400     		.2byte	0x4
 1418 004c F3       		.byte	0xf3
 1419 004d 01       		.uleb128 0x1
 1420 004e 50       		.byte	0x50
 1421 004f 9F       		.byte	0x9f
 1422 0050 32010000 		.4byte	.LVL45
 1423 0054 3A010000 		.4byte	.LVL46
 1424 0058 0100     		.2byte	0x1
 1425 005a 50       		.byte	0x50
 1426 005b 3A010000 		.4byte	.LVL46
 1427 005f 4A010000 		.4byte	.LVL49
 1428 0063 0100     		.2byte	0x1
 1429 0065 55       		.byte	0x55
ARM GAS  C:\Users\drash\AppData\Local\Temp\cckKOWW0.s 			page 30


 1430 0066 4A010000 		.4byte	.LVL49
 1431 006a 54010000 		.4byte	.LFE122
 1432 006e 0400     		.2byte	0x4
 1433 0070 F3       		.byte	0xf3
 1434 0071 01       		.uleb128 0x1
 1435 0072 50       		.byte	0x50
 1436 0073 9F       		.byte	0x9f
 1437 0074 00000000 		.4byte	0
 1438 0078 00000000 		.4byte	0
 1439              	.LLST1:
 1440 007c 54000000 		.4byte	.LVL18
 1441 0080 58000000 		.4byte	.LVL19
 1442 0084 0200     		.2byte	0x2
 1443 0086 30       		.byte	0x30
 1444 0087 9F       		.byte	0x9f
 1445 0088 58000000 		.4byte	.LVL19
 1446 008c 68000000 		.4byte	.LVL22
 1447 0090 0100     		.2byte	0x1
 1448 0092 54       		.byte	0x54
 1449 0093 6A000000 		.4byte	.LVL23
 1450 0097 8A000000 		.4byte	.LVL25
 1451 009b 0100     		.2byte	0x1
 1452 009d 54       		.byte	0x54
 1453 009e 00000000 		.4byte	0
 1454 00a2 00000000 		.4byte	0
 1455              	.LLST2:
 1456 00a6 9C000000 		.4byte	.LVL29
 1457 00aa A0000000 		.4byte	.LVL30
 1458 00ae 0200     		.2byte	0x2
 1459 00b0 30       		.byte	0x30
 1460 00b1 9F       		.byte	0x9f
 1461 00b2 A0000000 		.4byte	.LVL30
 1462 00b6 B4000000 		.4byte	.LVL33
 1463 00ba 0100     		.2byte	0x1
 1464 00bc 54       		.byte	0x54
 1465 00bd B6000000 		.4byte	.LVL34
 1466 00c1 CC000000 		.4byte	.LVL37
 1467 00c5 0100     		.2byte	0x1
 1468 00c7 54       		.byte	0x54
 1469 00c8 00000000 		.4byte	0
 1470 00cc 00000000 		.4byte	0
 1471              	.LLST3:
 1472 00d0 C8000000 		.4byte	.LVL35
 1473 00d4 CC000000 		.4byte	.LVL37
 1474 00d8 0200     		.2byte	0x2
 1475 00da 30       		.byte	0x30
 1476 00db 9F       		.byte	0x9f
 1477 00dc CC000000 		.4byte	.LVL37
 1478 00e0 32010000 		.4byte	.LVL45
 1479 00e4 0100     		.2byte	0x1
 1480 00e6 55       		.byte	0x55
 1481 00e7 00000000 		.4byte	0
 1482 00eb 00000000 		.4byte	0
 1483              		.section	.debug_aranges,"",%progbits
 1484 0000 34000000 		.4byte	0x34
 1485 0004 0200     		.2byte	0x2
 1486 0006 00000000 		.4byte	.Ldebug_info0
ARM GAS  C:\Users\drash\AppData\Local\Temp\cckKOWW0.s 			page 31


 1487 000a 04       		.byte	0x4
 1488 000b 00       		.byte	0
 1489 000c 0000     		.2byte	0
 1490 000e 0000     		.2byte	0
 1491 0010 00000000 		.4byte	.LFB120
 1492 0014 1C000000 		.4byte	.LFE120-.LFB120
 1493 0018 00000000 		.4byte	.LFB121
 1494 001c 2C000000 		.4byte	.LFE121-.LFB121
 1495 0020 00000000 		.4byte	.LFB119
 1496 0024 28000000 		.4byte	.LFE119-.LFB119
 1497 0028 00000000 		.4byte	.LFB122
 1498 002c 54010000 		.4byte	.LFE122-.LFB122
 1499 0030 00000000 		.4byte	0
 1500 0034 00000000 		.4byte	0
 1501              		.section	.debug_ranges,"",%progbits
 1502              	.Ldebug_ranges0:
 1503 0000 00000000 		.4byte	.LFB120
 1504 0004 1C000000 		.4byte	.LFE120
 1505 0008 00000000 		.4byte	.LFB121
 1506 000c 2C000000 		.4byte	.LFE121
 1507 0010 00000000 		.4byte	.LFB119
 1508 0014 28000000 		.4byte	.LFE119
 1509 0018 00000000 		.4byte	.LFB122
 1510 001c 54010000 		.4byte	.LFE122
 1511 0020 00000000 		.4byte	0
 1512 0024 00000000 		.4byte	0
 1513              		.section	.debug_line,"",%progbits
 1514              	.Ldebug_line0:
 1515 0000 12030000 		.section	.debug_str,"MS",%progbits,1
 1515      02003B02 
 1515      00000201 
 1515      FB0E0D00 
 1515      01010101 
 1516              	.LASF0:
 1517 0000 7369676E 		.ascii	"signed char\000"
 1517      65642063 
 1517      68617200 
 1518              	.LASF3:
 1519 000c 5F5F7569 		.ascii	"__uint8_t\000"
 1519      6E74385F 
 1519      7400
 1520              	.LASF47:
 1521 0016 55415254 		.ascii	"UART_LOG_PutChar\000"
 1521      5F4C4F47 
 1521      5F507574 
 1521      43686172 
 1521      00
 1522              	.LASF57:
 1523 0027 48617264 		.ascii	"Hardware_Init\000"
 1523      77617265 
 1523      5F496E69 
 1523      7400
 1524              	.LASF6:
 1525 0035 5F5F696E 		.ascii	"__int32_t\000"
 1525      7433325F 
 1525      7400
 1526              	.LASF48:
ARM GAS  C:\Users\drash\AppData\Local\Temp\cckKOWW0.s 			page 32


 1527 003f 59656C6C 		.ascii	"Yellow_LED_Write\000"
 1527      6F775F4C 
 1527      45445F57 
 1527      72697465 
 1527      00
 1528              	.LASF24:
 1529 0050 6D795374 		.ascii	"myStateMachine_t\000"
 1529      6174654D 
 1529      61636869 
 1529      6E655F74 
 1529      00
 1530              	.LASF45:
 1531 0061 4144435F 		.ascii	"ADC_DelSig_IsEndConversion\000"
 1531      44656C53 
 1531      69675F49 
 1531      73456E64 
 1531      436F6E76 
 1532              	.LASF5:
 1533 007c 73686F72 		.ascii	"short unsigned int\000"
 1533      7420756E 
 1533      7369676E 
 1533      65642069 
 1533      6E7400
 1534              	.LASF32:
 1535 008f 72784461 		.ascii	"rxDataCh\000"
 1535      74614368 
 1535      00
 1536              	.LASF23:
 1537 0098 55415254 		.ascii	"UART_TRANSFER_STATE\000"
 1537      5F545241 
 1537      4E534645 
 1537      525F5354 
 1537      41544500 
 1538              	.LASF38:
 1539 00ac 55415254 		.ascii	"UART_LOG_GetChar\000"
 1539      5F4C4F47 
 1539      5F476574 
 1539      43686172 
 1539      00
 1540              	.LASF37:
 1541 00bd 6973725F 		.ascii	"isr_UART_ClearPending\000"
 1541      55415254 
 1541      5F436C65 
 1541      61725065 
 1541      6E64696E 
 1542              	.LASF56:
 1543 00d3 65537461 		.ascii	"eStateMachineEnum\000"
 1543      74654D61 
 1543      6368696E 
 1543      65456E75 
 1543      6D00
 1544              	.LASF16:
 1545 00e5 666C6F61 		.ascii	"float\000"
 1545      7400
 1546              	.LASF46:
 1547 00eb 4144435F 		.ascii	"ADC_DelSig_GetResult32\000"
 1547      44656C53 
ARM GAS  C:\Users\drash\AppData\Local\Temp\cckKOWW0.s 			page 33


 1547      69675F47 
 1547      65745265 
 1547      73756C74 
 1548              	.LASF30:
 1549 0102 73436852 		.ascii	"sChRx\000"
 1549      7800
 1550              	.LASF1:
 1551 0108 756E7369 		.ascii	"unsigned char\000"
 1551      676E6564 
 1551      20636861 
 1551      7200
 1552              	.LASF53:
 1553 0116 474E5520 		.ascii	"GNU C11 5.4.1 20160609 (release) [ARM/embedded-5-br"
 1553      43313120 
 1553      352E342E 
 1553      31203230 
 1553      31363036 
 1554 0149 616E6368 		.ascii	"anch revision 237715] -mcpu=cortex-m3 -mthumb -g -O"
 1554      20726576 
 1554      6973696F 
 1554      6E203233 
 1554      37373135 
 1555 017c 67202D66 		.ascii	"g -ffunction-sections -ffat-lto-objects\000"
 1555      66756E63 
 1555      74696F6E 
 1555      2D736563 
 1555      74696F6E 
 1556              	.LASF22:
 1557 01a4 53414D50 		.ascii	"SAMPLING_STATE\000"
 1557      4C494E47 
 1557      5F535441 
 1557      544500
 1558              	.LASF8:
 1559 01b3 6C6F6E67 		.ascii	"long unsigned int\000"
 1559      20756E73 
 1559      69676E65 
 1559      6420696E 
 1559      7400
 1560              	.LASF49:
 1561 01c5 47726565 		.ascii	"Green_LED_Write\000"
 1561      6E5F4C45 
 1561      445F5772 
 1561      69746500 
 1562              	.LASF15:
 1563 01d5 696E7433 		.ascii	"int32\000"
 1563      3200
 1564              	.LASF34:
 1565 01db 53746174 		.ascii	"State\000"
 1565      6500
 1566              	.LASF28:
 1567 01e1 49544D5F 		.ascii	"ITM_RxBuffer\000"
 1567      52784275 
 1567      66666572 
 1567      00
 1568              	.LASF31:
 1569 01ee 6F436852 		.ascii	"oChRx\000"
 1569      7800
ARM GAS  C:\Users\drash\AppData\Local\Temp\cckKOWW0.s 			page 34


 1570              	.LASF4:
 1571 01f4 5F5F7569 		.ascii	"__uint16_t\000"
 1571      6E743136 
 1571      5F7400
 1572              	.LASF17:
 1573 01ff 646F7562 		.ascii	"double\000"
 1573      6C6500
 1574              	.LASF2:
 1575 0206 73686F72 		.ascii	"short int\000"
 1575      7420696E 
 1575      7400
 1576              	.LASF26:
 1577 0210 6973725F 		.ascii	"isr_UART\000"
 1577      55415254 
 1577      00
 1578              	.LASF52:
 1579 0219 6666745F 		.ascii	"fft_app\000"
 1579      61707000 
 1580              	.LASF11:
 1581 0221 756E7369 		.ascii	"unsigned int\000"
 1581      676E6564 
 1581      20696E74 
 1581      00
 1582              	.LASF55:
 1583 022e 433A5C55 		.ascii	"C:\\Users\\drash\\Downloads\\SDHD_Lab3_fft.cydsn\\S"
 1583      73657273 
 1583      5C647261 
 1583      73685C44 
 1583      6F776E6C 
 1584 025c 4448445F 		.ascii	"DHD_Lab3.cydsn\000"
 1584      4C616233 
 1584      2E637964 
 1584      736E00
 1585              	.LASF10:
 1586 026b 6C6F6E67 		.ascii	"long long unsigned int\000"
 1586      206C6F6E 
 1586      6720756E 
 1586      7369676E 
 1586      65642069 
 1587              	.LASF12:
 1588 0282 75696E74 		.ascii	"uint8_t\000"
 1588      385F7400 
 1589              	.LASF51:
 1590 028a 55736572 		.ascii	"User_LED_Write\000"
 1590      5F4C4544 
 1590      5F577269 
 1590      746500
 1591              	.LASF39:
 1592 0299 55415254 		.ascii	"UART_LOG_Start\000"
 1592      5F4C4F47 
 1592      5F537461 
 1592      727400
 1593              	.LASF58:
 1594 02a8 53616D70 		.ascii	"SamplingArray\000"
 1594      6C696E67 
 1594      41727261 
 1594      7900
ARM GAS  C:\Users\drash\AppData\Local\Temp\cckKOWW0.s 			page 35


 1595              	.LASF42:
 1596 02b6 4144435F 		.ascii	"ADC_DelSig_StartConvert\000"
 1596      44656C53 
 1596      69675F53 
 1596      74617274 
 1596      436F6E76 
 1597              	.LASF14:
 1598 02ce 696E7433 		.ascii	"int32_t\000"
 1598      325F7400 
 1599              	.LASF20:
 1600 02d6 73697A65 		.ascii	"sizetype\000"
 1600      74797065 
 1600      00
 1601              	.LASF50:
 1602 02df 5265645F 		.ascii	"Red_LED_Write\000"
 1602      4C45445F 
 1602      57726974 
 1602      6500
 1603              	.LASF43:
 1604 02ed 6973725F 		.ascii	"isr_PushButton_StartEx\000"
 1604      50757368 
 1604      42757474 
 1604      6F6E5F53 
 1604      74617274 
 1605              	.LASF9:
 1606 0304 6C6F6E67 		.ascii	"long long int\000"
 1606      206C6F6E 
 1606      6720696E 
 1606      7400
 1607              	.LASF36:
 1608 0312 50757368 		.ascii	"Push_Button_ClearInterrupt\000"
 1608      5F427574 
 1608      746F6E5F 
 1608      436C6561 
 1608      72496E74 
 1609              	.LASF18:
 1610 032d 63686172 		.ascii	"char\000"
 1610      00
 1611              	.LASF29:
 1612 0332 70757368 		.ascii	"push_button_toggle\000"
 1612      5F627574 
 1612      746F6E5F 
 1612      746F6767 
 1612      6C6500
 1613              	.LASF40:
 1614 0345 57617665 		.ascii	"WaveDAC_Start\000"
 1614      4441435F 
 1614      53746172 
 1614      7400
 1615              	.LASF33:
 1616 0353 636F756E 		.ascii	"count\000"
 1616      7400
 1617              	.LASF25:
 1618 0359 6973725F 		.ascii	"isr_PushButton_Enable_Interrupt\000"
 1618      50757368 
 1618      42757474 
 1618      6F6E5F45 
ARM GAS  C:\Users\drash\AppData\Local\Temp\cckKOWW0.s 			page 36


 1618      6E61626C 
 1619              	.LASF13:
 1620 0379 75696E74 		.ascii	"uint16_t\000"
 1620      31365F74 
 1620      00
 1621              	.LASF41:
 1622 0382 4144435F 		.ascii	"ADC_DelSig_Start\000"
 1622      44656C53 
 1622      69675F53 
 1622      74617274 
 1622      00
 1623              	.LASF7:
 1624 0393 6C6F6E67 		.ascii	"long int\000"
 1624      20696E74 
 1624      00
 1625              	.LASF35:
 1626 039c 4646545F 		.ascii	"FFT_SamplesArray\000"
 1626      53616D70 
 1626      6C657341 
 1626      72726179 
 1626      00
 1627              	.LASF19:
 1628 03ad 6C6F6E67 		.ascii	"long double\000"
 1628      20646F75 
 1628      626C6500 
 1629              	.LASF54:
 1630 03b9 736F7572 		.ascii	"source\\bsw\\statemachine.c\000"
 1630      63655C62 
 1630      73775C73 
 1630      74617465 
 1630      6D616368 
 1631              	.LASF44:
 1632 03d3 6973725F 		.ascii	"isr_UART_StartEx\000"
 1632      55415254 
 1632      5F537461 
 1632      72744578 
 1632      00
 1633              	.LASF27:
 1634 03e4 53657175 		.ascii	"Sequencing\000"
 1634      656E6369 
 1634      6E6700
 1635              	.LASF21:
 1636 03ef 49444C45 		.ascii	"IDLE_STATE\000"
 1636      5F535441 
 1636      544500
 1637              		.ident	"GCC: (GNU Tools for ARM Embedded Processors) 5.4.1 20160609 (release) [ARM/embedded-5-bran
